#
# There is insufficient memory for the Java Runtime Environment to continue.
# Cannot create GC thread. Out of system resources.
# Possible reasons:
#   The system is out of physical RAM or swap space
#   The process is running with CompressedOops enabled, and the Java Heap may be blocking the growth of the native heap
# Possible solutions:
#   Reduce memory load on the system
#   Increase physical memory or swap space
#   Check if swap backing store is full
#   Decrease Java heap size (-Xmx/-Xms)
#   Decrease number of Java threads
#   Decrease Java thread stack sizes (-Xss)
#   Set larger code cache with -XX:ReservedCodeCacheSize=
# This output file may be truncated or incomplete.
#
#  Out of Memory Error (gcTaskThread.cpp:48), pid=26713, tid=0x00007f0ac7a7a700
#
# JRE version:  (8.0_261-b12) (build )
# Java VM: Java HotSpot(TM) 64-Bit Server VM (25.261-b12 mixed mode linux-amd64 compressed oops)
# Core dump written. Default location: /home/student/p-ctl-Kalvarez21g/core or core.26713
#

---------------  T H R E A D  ---------------

Current thread (0x00007f0ac000b000):  JavaThread "Unknown thread" [_thread_in_vm, id=26720, stack(0x00007f0ac797b000,0x00007f0ac7a7b000)]

Stack: [0x00007f0ac797b000,0x00007f0ac7a7b000],  sp=0x00007f0ac7a79740,  free space=1017k
Native frames: (J=compiled Java code, j=interpreted, Vv=VM code, C=native code)
V  [libjvm.so+0xadd805]  VMError::report_and_die()+0x2e5
V  [libjvm.so+0x4e2a47]  report_vm_out_of_memory(char const*, int, unsigned long, VMErrorType, char const*)+0x67
V  [libjvm.so+0x5c652f]  GCTaskThread::GCTaskThread(GCTaskManager*, unsigned int, unsigned int)+0x13f
V  [libjvm.so+0x5c56fd]  GCTaskManager::initialize()+0x36d
V  [libjvm.so+0x9420d2]  ParallelScavengeHeap::initialize()+0x3a2
V  [libjvm.so+0xaa136a]  Universe::initialize_heap()+0x16a
V  [libjvm.so+0xaa1653]  universe_init()+0x33
V  [libjvm.so+0x634cf0]  init_globals()+0x50
V  [libjvm.so+0xa83a5d]  Threads::create_vm(JavaVMInitArgs*, bool*)+0x47d
V  [libjvm.so+0x6dbf6f]  JNI_CreateJavaVM+0x4f
C  [libjli.so+0x7ee4]  JavaMain+0x84
C  [libpthread.so.0+0x76db]  start_thread+0xdb


---------------  P R O C E S S  ---------------

Java Threads: ( => current thread )

Other Threads:

=>0x00007f0ac000b000 (exited) JavaThread "Unknown thread" [_thread_in_vm, id=26720, stack(0x00007f0ac797b000,0x00007f0ac7a7b000)]

VM state:not at safepoint (not fully initialized)

VM Mutex/Monitor currently owned by a thread: None

heap address: 0x0000000080200000, size: 30718 MB, Compressed Oops mode: Non-zero based:0x00000000801ff000, Oop shift amount: 3
Narrow klass base: 0x0000000000000000, Narrow klass shift: 0

GC Heap History (0 events):
No events

Deoptimization events (0 events):
No events

Classes redefined (0 events):
No events

Internal exceptions (0 events):
No events

Events (0 events):
No events


Dynamic libraries:
80200000-d5780000 rw-p 00000000 00:00 0 
d5780000-580100000 ---p 00000000 00:00 0 
580100000-5aab80000 rw-p 00000000 00:00 0 
5aab80000-800000000 ---p 00000000 00:00 0 
55fe46cb6000-55fe46cb7000 r-xp 00000000 08:02 34734413                   /usr/lib/jvm/jdk1.8.0_261/jre/bin/java
55fe46eb6000-55fe46eb7000 r--p 00000000 08:02 34734413                   /usr/lib/jvm/jdk1.8.0_261/jre/bin/java
55fe46eb7000-55fe46eb8000 rw-p 00001000 08:02 34734413                   /usr/lib/jvm/jdk1.8.0_261/jre/bin/java
55fe47440000-55fe47461000 rw-p 00000000 00:00 0                          [heap]
7f0aaaa63000-7f0aaaeab000 rw-p 00000000 00:00 0 
7f0aaaeab000-7f0aad400000 ---p 00000000 00:00 0 
7f0aad400000-7f0aad6ab000 rw-p 00000000 00:00 0 
7f0aad6ab000-7f0aafbff000 ---p 00000000 00:00 0 
7f0aafbff000-7f0aafd55000 rw-p 00000000 00:00 0 
7f0aafd55000-7f0ab0fff000 ---p 00000000 00:00 0 
7f0ab0fff000-7f0ab1000000 rw-p 00000000 00:00 0 
7f0ab1000000-7f0ab1270000 rwxp 00000000 00:00 0 
7f0ab1270000-7f0ac0000000 ---p 00000000 00:00 0 
7f0ac0000000-7f0ac0041000 rw-p 00000000 00:00 0 
7f0ac0041000-7f0ac4000000 ---p 00000000 00:00 0 
7f0ac4044000-7f0ac413c000 rw-p 00000000 00:00 0 
7f0ac413c000-7f0ac413d000 ---p 00000000 00:00 0 
7f0ac413d000-7f0ac423d000 rw-p 00000000 00:00 0 
7f0ac423d000-7f0ac423e000 ---p 00000000 00:00 0 
7f0ac423e000-7f0ac433e000 rw-p 00000000 00:00 0 
7f0ac433e000-7f0ac433f000 ---p 00000000 00:00 0 
7f0ac433f000-7f0ac443f000 rw-p 00000000 00:00 0 
7f0ac443f000-7f0ac4440000 ---p 00000000 00:00 0 
7f0ac4440000-7f0ac4540000 rw-p 00000000 00:00 0 
7f0ac4540000-7f0ac4541000 ---p 00000000 00:00 0 
7f0ac4541000-7f0ac464b000 rw-p 00000000 00:00 0 
7f0ac464b000-7f0ac4a01000 ---p 00000000 00:00 0 
7f0ac4a01000-7f0ac4a1c000 r-xp 00000000 08:02 34734671                   /usr/lib/jvm/jdk1.8.0_261/jre/lib/amd64/libzip.so
7f0ac4a1c000-7f0ac4c1b000 ---p 0001b000 08:02 34734671                   /usr/lib/jvm/jdk1.8.0_261/jre/lib/amd64/libzip.so
7f0ac4c1b000-7f0ac4c1c000 r--p 0001a000 08:02 34734671                   /usr/lib/jvm/jdk1.8.0_261/jre/lib/amd64/libzip.so
7f0ac4c1c000-7f0ac4c1d000 rw-p 0001b000 08:02 34734671                   /usr/lib/jvm/jdk1.8.0_261/jre/lib/amd64/libzip.so
7f0ac4c1d000-7f0ac4c28000 r-xp 00000000 08:02 19923774                   /lib/x86_64-linux-gnu/libnss_files-2.27.so
7f0ac4c28000-7f0ac4e27000 ---p 0000b000 08:02 19923774                   /lib/x86_64-linux-gnu/libnss_files-2.27.so
7f0ac4e27000-7f0ac4e28000 r--p 0000a000 08:02 19923774                   /lib/x86_64-linux-gnu/libnss_files-2.27.so
7f0ac4e28000-7f0ac4e29000 rw-p 0000b000 08:02 19923774                   /lib/x86_64-linux-gnu/libnss_files-2.27.so
7f0ac4e29000-7f0ac4e2f000 rw-p 00000000 00:00 0 
7f0ac4e2f000-7f0ac4e46000 r-xp 00000000 08:02 19923768                   /lib/x86_64-linux-gnu/libnsl-2.27.so
7f0ac4e46000-7f0ac5045000 ---p 00017000 08:02 19923768                   /lib/x86_64-linux-gnu/libnsl-2.27.so
7f0ac5045000-7f0ac5046000 r--p 00016000 08:02 19923768                   /lib/x86_64-linux-gnu/libnsl-2.27.so
7f0ac5046000-7f0ac5047000 rw-p 00017000 08:02 19923768                   /lib/x86_64-linux-gnu/libnsl-2.27.so
7f0ac5047000-7f0ac5049000 rw-p 00000000 00:00 0 
7f0ac5049000-7f0ac5054000 r-xp 00000000 08:02 19923778                   /lib/x86_64-linux-gnu/libnss_nis-2.27.so
7f0ac5054000-7f0ac5253000 ---p 0000b000 08:02 19923778                   /lib/x86_64-linux-gnu/libnss_nis-2.27.so
7f0ac5253000-7f0ac5254000 r--p 0000a000 08:02 19923778                   /lib/x86_64-linux-gnu/libnss_nis-2.27.so
7f0ac5254000-7f0ac5255000 rw-p 0000b000 08:02 19923778                   /lib/x86_64-linux-gnu/libnss_nis-2.27.so
7f0ac5255000-7f0ac525d000 r-xp 00000000 08:02 19923770                   /lib/x86_64-linux-gnu/libnss_compat-2.27.so
7f0ac525d000-7f0ac545d000 ---p 00008000 08:02 19923770                   /lib/x86_64-linux-gnu/libnss_compat-2.27.so
7f0ac545d000-7f0ac545e000 r--p 00008000 08:02 19923770                   /lib/x86_64-linux-gnu/libnss_compat-2.27.so
7f0ac545e000-7f0ac545f000 rw-p 00009000 08:02 19923770                   /lib/x86_64-linux-gnu/libnss_compat-2.27.so
7f0ac545f000-7f0ac548b000 r-xp 00000000 08:02 34734602                   /usr/lib/jvm/jdk1.8.0_261/jre/lib/amd64/libjava.so
7f0ac548b000-7f0ac568b000 ---p 0002c000 08:02 34734602                   /usr/lib/jvm/jdk1.8.0_261/jre/lib/amd64/libjava.so
7f0ac568b000-7f0ac568c000 r--p 0002c000 08:02 34734602                   /usr/lib/jvm/jdk1.8.0_261/jre/lib/amd64/libjava.so
7f0ac568c000-7f0ac568e000 rw-p 0002d000 08:02 34734602                   /usr/lib/jvm/jdk1.8.0_261/jre/lib/amd64/libjava.so
7f0ac568e000-7f0ac569b000 r-xp 00000000 08:02 34734669                   /usr/lib/jvm/jdk1.8.0_261/jre/lib/amd64/libverify.so
7f0ac569b000-7f0ac589a000 ---p 0000d000 08:02 34734669                   /usr/lib/jvm/jdk1.8.0_261/jre/lib/amd64/libverify.so
7f0ac589a000-7f0ac589c000 r--p 0000c000 08:02 34734669                   /usr/lib/jvm/jdk1.8.0_261/jre/lib/amd64/libverify.so
7f0ac589c000-7f0ac589d000 rw-p 0000e000 08:02 34734669                   /usr/lib/jvm/jdk1.8.0_261/jre/lib/amd64/libverify.so
7f0ac589d000-7f0ac58a4000 r-xp 00000000 08:02 19923797                   /lib/x86_64-linux-gnu/librt-2.27.so
7f0ac58a4000-7f0ac5aa3000 ---p 00007000 08:02 19923797                   /lib/x86_64-linux-gnu/librt-2.27.so
7f0ac5aa3000-7f0ac5aa4000 r--p 00006000 08:02 19923797                   /lib/x86_64-linux-gnu/librt-2.27.so
7f0ac5aa4000-7f0ac5aa5000 rw-p 00007000 08:02 19923797                   /lib/x86_64-linux-gnu/librt-2.27.so
7f0ac5aa5000-7f0ac5c42000 r-xp 00000000 08:02 19923757                   /lib/x86_64-linux-gnu/libm-2.27.so
7f0ac5c42000-7f0ac5e41000 ---p 0019d000 08:02 19923757                   /lib/x86_64-linux-gnu/libm-2.27.so
7f0ac5e41000-7f0ac5e42000 r--p 0019c000 08:02 19923757                   /lib/x86_64-linux-gnu/libm-2.27.so
7f0ac5e42000-7f0ac5e43000 rw-p 0019d000 08:02 19923757                   /lib/x86_64-linux-gnu/libm-2.27.so
7f0ac5e43000-7f0ac6b37000 r-xp 00000000 08:02 34734679                   /usr/lib/jvm/jdk1.8.0_261/jre/lib/amd64/server/libjvm.so
7f0ac6b37000-7f0ac6d36000 ---p 00cf4000 08:02 34734679                   /usr/lib/jvm/jdk1.8.0_261/jre/lib/amd64/server/libjvm.so
7f0ac6d36000-7f0ac6dcc000 r--p 00cf3000 08:02 34734679                   /usr/lib/jvm/jdk1.8.0_261/jre/lib/amd64/server/libjvm.so
7f0ac6dcc000-7f0ac6dfd000 rw-p 00d89000 08:02 34734679                   /usr/lib/jvm/jdk1.8.0_261/jre/lib/amd64/server/libjvm.so
7f0ac6dfd000-7f0ac6e38000 rw-p 00000000 00:00 0 
7f0ac6e38000-7f0ac701f000 r-xp 00000000 08:02 19923732                   /lib/x86_64-linux-gnu/libc-2.27.so
7f0ac701f000-7f0ac721f000 ---p 001e7000 08:02 19923732                   /lib/x86_64-linux-gnu/libc-2.27.so
7f0ac721f000-7f0ac7223000 r--p 001e7000 08:02 19923732                   /lib/x86_64-linux-gnu/libc-2.27.so
7f0ac7223000-7f0ac7225000 rw-p 001eb000 08:02 19923732                   /lib/x86_64-linux-gnu/libc-2.27.so
7f0ac7225000-7f0ac7229000 rw-p 00000000 00:00 0 
7f0ac7229000-7f0ac722c000 r-xp 00000000 08:02 19923742                   /lib/x86_64-linux-gnu/libdl-2.27.so
7f0ac722c000-7f0ac742b000 ---p 00003000 08:02 19923742                   /lib/x86_64-linux-gnu/libdl-2.27.so
7f0ac742b000-7f0ac742c000 r--p 00002000 08:02 19923742                   /lib/x86_64-linux-gnu/libdl-2.27.so
7f0ac742c000-7f0ac742d000 rw-p 00003000 08:02 19923742                   /lib/x86_64-linux-gnu/libdl-2.27.so
7f0ac742d000-7f0ac7444000 r-xp 00000000 08:02 34734538                   /usr/lib/jvm/jdk1.8.0_261/jre/lib/amd64/jli/libjli.so
7f0ac7444000-7f0ac7643000 ---p 00017000 08:02 34734538                   /usr/lib/jvm/jdk1.8.0_261/jre/lib/amd64/jli/libjli.so
7f0ac7643000-7f0ac7644000 r--p 00016000 08:02 34734538                   /usr/lib/jvm/jdk1.8.0_261/jre/lib/amd64/jli/libjli.so
7f0ac7644000-7f0ac7645000 rw-p 00017000 08:02 34734538                   /usr/lib/jvm/jdk1.8.0_261/jre/lib/amd64/jli/libjli.so
7f0ac7645000-7f0ac765f000 r-xp 00000000 08:02 19923793                   /lib/x86_64-linux-gnu/libpthread-2.27.so
7f0ac765f000-7f0ac785e000 ---p 0001a000 08:02 19923793                   /lib/x86_64-linux-gnu/libpthread-2.27.so
7f0ac785e000-7f0ac785f000 r--p 00019000 08:02 19923793                   /lib/x86_64-linux-gnu/libpthread-2.27.so
7f0ac785f000-7f0ac7860000 rw-p 0001a000 08:02 19923793                   /lib/x86_64-linux-gnu/libpthread-2.27.so
7f0ac7860000-7f0ac7864000 rw-p 00000000 00:00 0 
7f0ac7864000-7f0ac788b000 r-xp 00000000 08:02 19923714                   /lib/x86_64-linux-gnu/ld-2.27.so
7f0ac797a000-7f0ac797b000 ---p 00000000 00:00 0 
7f0ac797b000-7f0ac797e000 ---p 00000000 00:00 0 
7f0ac797e000-7f0ac7a7f000 rw-p 00000000 00:00 0 
7f0ac7a81000-7f0ac7a89000 rw-s 00000000 08:02 35284472                   /tmp/hsperfdata_student/26713
7f0ac7a89000-7f0ac7a8a000 rw-p 00000000 00:00 0 
7f0ac7a8a000-7f0ac7a8b000 r--p 00000000 00:00 0 
7f0ac7a8b000-7f0ac7a8c000 r--p 00027000 08:02 19923714                   /lib/x86_64-linux-gnu/ld-2.27.so
7f0ac7a8c000-7f0ac7a8d000 rw-p 00028000 08:02 19923714                   /lib/x86_64-linux-gnu/ld-2.27.so
7f0ac7a8d000-7f0ac7a8e000 rw-p 00000000 00:00 0 
7fffcf52e000-7fffcf54f000 rw-p 00000000 00:00 0                          [stack]
7fffcf5be000-7fffcf5c1000 r--p 00000000 00:00 0                          [vvar]
7fffcf5c1000-7fffcf5c3000 r-xp 00000000 00:00 0                          [vdso]

VM Arguments:
jvm_args: -Dant.home=/opt/ant -Dant.library.dir=/opt/ant/lib 
java_command: org.apache.tools.ant.launch.Launcher -cp 
java_class_path (initial): /opt/ant/lib/ant-launcher.jar
Launcher Type: SUN_STANDARD

Environment Variables:
JAVA_HOME=/usr/lib/jvm/jdk1.8.0_261
PATH=/usr/local/sbin:/usr/local/bin:/usr/sbin:/usr/bin:/sbin:/bin:/bin:/home/student/bluej:/usr/lib/jvm/jdk1.8.0_261/bin:/opt/ant/bin
DISPLAY=:1.0

Signal Handlers:
SIGSEGV: [libjvm.so+0xade140], sa_mask[0]=11111111011111111101111111111110, sa_flags=SA_RESTART|SA_SIGINFO
SIGBUS: [libjvm.so+0xade140], sa_mask[0]=11111111011111111101111111111110, sa_flags=SA_RESTART|SA_SIGINFO
SIGFPE: [libjvm.so+0x912c70], sa_mask[0]=11111111011111111101111111111110, sa_flags=SA_RESTART|SA_SIGINFO
SIGPIPE: [libjvm.so+0x912c70], sa_mask[0]=11111111011111111101111111111110, sa_flags=SA_RESTART|SA_SIGINFO
SIGXFSZ: [libjvm.so+0x912c70], sa_mask[0]=11111111011111111101111111111110, sa_flags=SA_RESTART|SA_SIGINFO
SIGILL: [libjvm.so+0x912c70], sa_mask[0]=11111111011111111101111111111110, sa_flags=SA_RESTART|SA_SIGINFO
SIGUSR1: SIG_DFL, sa_mask[0]=00000000000000000000000000000000, sa_flags=none
SIGUSR2: [libjvm.so+0x912b40], sa_mask[0]=00000000000000000000000000000000, sa_flags=SA_RESTART|SA_SIGINFO
SIGHUP: SIG_DFL, sa_mask[0]=00000000000000000000000000000000, sa_flags=none
SIGINT: SIG_DFL, sa_mask[0]=00000000000000000000000000000000, sa_flags=none
SIGTERM: SIG_DFL, sa_mask[0]=00000000000000000000000000000000, sa_flags=none
SIGQUIT: SIG_DFL, sa_mask[0]=00000000000000000000000000000000, sa_flags=none


---------------  S Y S T E M  ---------------

OS:DISTRIB_ID=Ubuntu
DISTRIB_RELEASE=18.04
DISTRIB_CODENAME=bionic
DISTRIB_DESCRIPTION="Ubuntu 18.04.4 LTS"

uname:Linux 4.19.0-9-amd64 #1 SMP Debian 4.19.118-2+deb10u1 (2020-06-07) x86_64
libc:glibc 2.27 NPTL 2.27 
rlimit: STACK 8192k, CORE infinity, NPROC infinity, NOFILE 1048576, AS infinity
load average:60.37 56.74 55.44

/proc/meminfo:
MemTotal:       264016004 kB
MemFree:         1546528 kB
MemAvailable:   28470740 kB
Buffers:          771176 kB
Cached:          3381604 kB
SwapCached:       172088 kB
Active:         26880052 kB
Inactive:       14685644 kB
Active(anon):   24877468 kB
Inactive(anon): 13617536 kB
Active(file):    2002584 kB
Inactive(file):  1068108 kB
Unevictable:           0 kB
Mlocked:               0 kB
SwapTotal:      268299260 kB
SwapFree:       107768712 kB
Dirty:               888 kB
Writeback:            36 kB
AnonPages:      37159344 kB
Mapped:          2665828 kB
Shmem:           1162608 kB
Slab:           187382428 kB
SReclaimable:   26147984 kB
SUnreclaim:     161234444 kB
KernelStack:      520544 kB
PageTables:      2182512 kB
NFS_Unstable:          0 kB
Bounce:                0 kB
WritebackTmp:          0 kB
CommitLimit:    400307260 kB
Committed_AS:   422428504 kB
VmallocTotal:   34359738367 kB
VmallocUsed:           0 kB
VmallocChunk:          0 kB
Percpu:         28780352 kB
HardwareCorrupted:     0 kB
AnonHugePages:   8620032 kB
ShmemHugePages:        0 kB
ShmemPmdMapped:        0 kB
HugePages_Total:       0
HugePages_Free:        0
HugePages_Rsvd:        0
HugePages_Surp:        0
Hugepagesize:       2048 kB
Hugetlb:               0 kB
DirectMap4k:    205818184 kB
DirectMap2M:    59336704 kB
DirectMap1G:     3145728 kB

container (cgroup) information:
container_type: cgroupv1
cpu_cpuset_cpus: 0-15
cpu_memory_nodes: 0
active_processor_count: 16
cpu_quota: -1
cpu_period: 100000
cpu_shares: -1
memory_limit_in_bytes: -1
memory_and_swap_limit_in_bytes: -2
memory_soft_limit_in_bytes: -1
memory_usage_in_bytes: 704413696
memory_max_usage_in_bytes: 2961637376


CPU:total 16 (initial active 16) (16 cores per cpu, 1 threads per core) family 23 model 49 stepping 0, cmov, cx8, fxsr, mmx, sse, sse2, sse3, ssse3, sse4.1, sse4.2, popcnt, avx, avx2, aes, clmul, mmxext, 3dnowpref, lzcnt, sse4a, tsc, tscinvbit, tscinv, bmi1

/proc/cpuinfo:
processor	: 0
vendor_id	: AuthenticAMD
cpu family	: 23
model		: 49
model name	: AMD EPYC 7302P 16-Core Processor
stepping	: 0
microcode	: 0x8301034
cpu MHz		: 2747.715
cache size	: 512 KB
physical id	: 0
siblings	: 16
core id		: 0
cpu cores	: 16
apicid		: 0
initial apicid	: 0
fpu		: yes
fpu_exception	: yes
cpuid level	: 16
wp		: yes
flags		: fpu vme de pse tsc msr pae mce cx8 apic sep mtrr pge mca cmov pat pse36 clflush mmx fxsr sse sse2 ht syscall nx mmxext fxsr_opt pdpe1gb rdtscp lm constant_tsc rep_good nopl xtopology nonstop_tsc cpuid extd_apicid aperfmperf pni pclmulqdq monitor ssse3 fma cx16 sse4_1 sse4_2 movbe popcnt aes xsave avx f16c rdrand lahf_lm cmp_legacy svm extapic cr8_legacy abm sse4a misalignsse 3dnowprefetch osvw ibs skinit wdt tce topoext perfctr_core perfctr_nb bpext perfctr_llc mwaitx cpb cat_l3 cdp_l3 hw_pstate sme ssbd sev ibrs ibpb stibp vmmcall fsgsbase bmi1 avx2 smep bmi2 cqm rdt_a rdseed adx smap clflushopt clwb sha_ni xsaveopt xsavec xgetbv1 xsaves cqm_llc cqm_occup_llc cqm_mbm_total cqm_mbm_local clzero irperf xsaveerptr arat npt lbrv svm_lock nrip_save tsc_scale vmcb_clean flushbyasid decodeassists pausefilter pfthreshold avic v_vmsave_vmload vgif umip rdpid overflow_recov succor smca
bugs		: sysret_ss_attrs spectre_v1 spectre_v2 spec_store_bypass
bogomips	: 5999.88
TLB size	: 3072 4K pages
clflush size	: 64
cache_alignment	: 64
address sizes	: 43 bits physical, 48 bits virtual
power management: ts ttp tm hwpstate cpb eff_freq_ro [13] [14]

processor	: 1
vendor_id	: AuthenticAMD
cpu family	: 23
model		: 49
model name	: AMD EPYC 7302P 16-Core Processor
stepping	: 0
microcode	: 0x8301034
cpu MHz		: 3297.680
cache size	: 512 KB
physical id	: 0
siblings	: 16
core id		: 1
cpu cores	: 16
apicid		: 1
initial apicid	: 1
fpu		: yes
fpu_exception	: yes
cpuid level	: 16
wp		: yes
flags		: fpu vme de pse tsc msr pae mce cx8 apic sep mtrr pge mca cmov pat pse36 clflush mmx fxsr sse sse2 ht syscall nx mmxext fxsr_opt pdpe1gb rdtscp lm constant_tsc rep_good nopl xtopology nonstop_tsc cpuid extd_apicid aperfmperf pni pclmulqdq monitor ssse3 fma cx16 sse4_1 sse4_2 movbe popcnt aes xsave avx f16c rdrand lahf_lm cmp_legacy svm extapic cr8_legacy abm sse4a misalignsse 3dnowprefetch osvw ibs skinit wdt tce topoext perfctr_core perfctr_nb bpext perfctr_llc mwaitx cpb cat_l3 cdp_l3 hw_pstate sme ssbd sev ibrs ibpb stibp vmmcall fsgsbase bmi1 avx2 smep bmi2 cqm rdt_a rdseed adx smap clflushopt clwb sha_ni xsaveopt xsavec xgetbv1 xsaves cqm_llc cqm_occup_llc cqm_mbm_total cqm_mbm_local clzero irperf xsaveerptr arat npt lbrv svm_lock nrip_save tsc_scale vmcb_clean flushbyasid decodeassists pausefilter pfthreshold avic v_vmsave_vmload vgif umip rdpid overflow_recov succor smca
bugs		: sysret_ss_attrs spectre_v1 spectre_v2 spec_store_bypass
bogomips	: 5999.88
TLB size	: 3072 4K pages
clflush size	: 64
cache_alignment	: 64
address sizes	: 43 bits physical, 48 bits virtual
power management: ts ttp tm hwpstate cpb eff_freq_ro [13] [14]

processor	: 2
vendor_id	: AuthenticAMD
cpu family	: 23
model		: 49
model name	: AMD EPYC 7302P 16-Core Processor
stepping	: 0
microcode	: 0x8301034
cpu MHz		: 3294.314
cache size	: 512 KB
physical id	: 0
siblings	: 16
core id		: 4
cpu cores	: 16
apicid		: 4
initial apicid	: 4
fpu		: yes
fpu_exception	: yes
cpuid level	: 16
wp		: yes
flags		: fpu vme de pse tsc msr pae mce cx8 apic sep mtrr pge mca cmov pat pse36 clflush mmx fxsr sse sse2 ht syscall nx mmxext fxsr_opt pdpe1gb rdtscp lm constant_tsc rep_good nopl xtopology nonstop_tsc cpuid extd_apicid aperfmperf pni pclmulqdq monitor ssse3 fma cx16 sse4_1 sse4_2 movbe popcnt aes xsave avx f16c rdrand lahf_lm cmp_legacy svm extapic cr8_legacy abm sse4a misalignsse 3dnowprefetch osvw ibs skinit wdt tce topoext perfctr_core perfctr_nb bpext perfctr_llc mwaitx cpb cat_l3 cdp_l3 hw_pstate sme ssbd sev ibrs ibpb stibp vmmcall fsgsbase bmi1 avx2 smep bmi2 cqm rdt_a rdseed adx smap clflushopt clwb sha_ni xsaveopt xsavec xgetbv1 xsaves cqm_llc cqm_occup_llc cqm_mbm_total cqm_mbm_local clzero irperf xsaveerptr arat npt lbrv svm_lock nrip_save tsc_scale vmcb_clean flushbyasid decodeassists pausefilter pfthreshold avic v_vmsave_vmload vgif umip rdpid overflow_recov succor smca
bugs		: sysret_ss_attrs spectre_v1 spectre_v2 spec_store_bypass
bogomips	: 5999.88
TLB size	: 3072 4K pages
clflush size	: 64
cache_alignment	: 64
address sizes	: 43 bits physical, 48 bits virtual
power management: ts ttp tm hwpstate cpb eff_freq_ro [13] [14]

processor	: 3
vendor_id	: AuthenticAMD
cpu family	: 23
model		: 49
model name	: AMD EPYC 7302P 16-Core Processor
stepping	: 0
microcode	: 0x8301034
cpu MHz		: 3294.082
cache size	: 512 KB
physical id	: 0
siblings	: 16
core id		: 5
cpu cores	: 16
apicid		: 5
initial apicid	: 5
fpu		: yes
fpu_exception	: yes
cpuid level	: 16
wp		: yes
flags		: fpu vme de pse tsc msr pae mce cx8 apic sep mtrr pge mca cmov pat pse36 clflush mmx fxsr sse sse2 ht syscall nx mmxext fxsr_opt pdpe1gb rdtscp lm constant_tsc rep_good nopl xtopology nonstop_tsc cpuid extd_apicid aperfmperf pni pclmulqdq monitor ssse3 fma cx16 sse4_1 sse4_2 movbe popcnt aes xsave avx f16c rdrand lahf_lm cmp_legacy svm extapic cr8_legacy abm sse4a misalignsse 3dnowprefetch osvw ibs skinit wdt tce topoext perfctr_core perfctr_nb bpext perfctr_llc mwaitx cpb cat_l3 cdp_l3 hw_pstate sme ssbd sev ibrs ibpb stibp vmmcall fsgsbase bmi1 avx2 smep bmi2 cqm rdt_a rdseed adx smap clflushopt clwb sha_ni xsaveopt xsavec xgetbv1 xsaves cqm_llc cqm_occup_llc cqm_mbm_total cqm_mbm_local clzero irperf xsaveerptr arat npt lbrv svm_lock nrip_save tsc_scale vmcb_clean flushbyasid decodeassists pausefilter pfthreshold avic v_vmsave_vmload vgif umip rdpid overflow_recov succor smca
bugs		: sysret_ss_attrs spectre_v1 spectre_v2 spec_store_bypass
bogomips	: 5999.88
TLB size	: 3072 4K pages
clflush size	: 64
cache_alignment	: 64
address sizes	: 43 bits physical, 48 bits virtual
power management: ts ttp tm hwpstate cpb eff_freq_ro [13] [14]

processor	: 4
vendor_id	: AuthenticAMD
cpu family	: 23
model		: 49
model name	: AMD EPYC 7302P 16-Core Processor
stepping	: 0
microcode	: 0x8301034
cpu MHz		: 3297.370
cache size	: 512 KB
physical id	: 0
siblings	: 16
core id		: 8
cpu cores	: 16
apicid		: 8
initial apicid	: 8
fpu		: yes
fpu_exception	: yes
cpuid level	: 16
wp		: yes
flags		: fpu vme de pse tsc msr pae mce cx8 apic sep mtrr pge mca cmov pat pse36 clflush mmx fxsr sse sse2 ht syscall nx mmxext fxsr_opt pdpe1gb rdtscp lm constant_tsc rep_good nopl xtopology nonstop_tsc cpuid extd_apicid aperfmperf pni pclmulqdq monitor ssse3 fma cx16 sse4_1 sse4_2 movbe popcnt aes xsave avx f16c rdrand lahf_lm cmp_legacy svm extapic cr8_legacy abm sse4a misalignsse 3dnowprefetch osvw ibs skinit wdt tce topoext perfctr_core perfctr_nb bpext perfctr_llc mwaitx cpb cat_l3 cdp_l3 hw_pstate sme ssbd sev ibrs ibpb stibp vmmcall fsgsbase bmi1 avx2 smep bmi2 cqm rdt_a rdseed adx smap clflushopt clwb sha_ni xsaveopt xsavec xgetbv1 xsaves cqm_llc cqm_occup_llc cqm_mbm_total cqm_mbm_local clzero irperf xsaveerptr arat npt lbrv svm_lock nrip_save tsc_scale vmcb_clean flushbyasid decodeassists pausefilter pfthreshold avic v_vmsave_vmload vgif umip rdpid overflow_recov succor smca
bugs		: sysret_ss_attrs spectre_v1 spectre_v2 spec_store_bypass
bogomips	: 5999.88
TLB size	: 3072 4K pages
clflush size	: 64
cache_alignment	: 64
address sizes	: 43 bits physical, 48 bits virtual
power management: ts ttp tm hwpstate cpb eff_freq_ro [13] [14]

processor	: 5
vendor_id	: AuthenticAMD
cpu family	: 23
model		: 49
model name	: AMD EPYC 7302P 16-Core Processor
stepping	: 0
microcode	: 0x8301034
cpu MHz		: 3297.376
cache size	: 512 KB
physical id	: 0
siblings	: 16
core id		: 9
cpu cores	: 16
apicid		: 9
initial apicid	: 9
fpu		: yes
fpu_exception	: yes
cpuid level	: 16
wp		: yes
flags		: fpu vme de pse tsc msr pae mce cx8 apic sep mtrr pge mca cmov pat pse36 clflush mmx fxsr sse sse2 ht syscall nx mmxext fxsr_opt pdpe1gb rdtscp lm constant_tsc rep_good nopl xtopology nonstop_tsc cpuid extd_apicid aperfmperf pni pclmulqdq monitor ssse3 fma cx16 sse4_1 sse4_2 movbe popcnt aes xsave avx f16c rdrand lahf_lm cmp_legacy svm extapic cr8_legacy abm sse4a misalignsse 3dnowprefetch osvw ibs skinit wdt tce topoext perfctr_core perfctr_nb bpext perfctr_llc mwaitx cpb cat_l3 cdp_l3 hw_pstate sme ssbd sev ibrs ibpb stibp vmmcall fsgsbase bmi1 avx2 smep bmi2 cqm rdt_a rdseed adx smap clflushopt clwb sha_ni xsaveopt xsavec xgetbv1 xsaves cqm_llc cqm_occup_llc cqm_mbm_total cqm_mbm_local clzero irperf xsaveerptr arat npt lbrv svm_lock nrip_save tsc_scale vmcb_clean flushbyasid decodeassists pausefilter pfthreshold avic v_vmsave_vmload vgif umip rdpid overflow_recov succor smca
bugs		: sysret_ss_attrs spectre_v1 spectre_v2 spec_store_bypass
bogomips	: 5999.88
TLB size	: 3072 4K pages
clflush size	: 64
cache_alignment	: 64
address sizes	: 43 bits physical, 48 bits virtual
power management: ts ttp tm hwpstate cpb eff_freq_ro [13] [14]

processor	: 6
vendor_id	: AuthenticAMD
cpu family	: 23
model		: 49
model name	: AMD EPYC 7302P 16-Core Processor
stepping	: 0
microcode	: 0x8301034
cpu MHz		: 3294.538
cache size	: 512 KB
physical id	: 0
siblings	: 16
core id		: 12
cpu cores	: 16
apicid		: 12
initial apicid	: 12
fpu		: yes
fpu_exception	: yes
cpuid level	: 16
wp		: yes
flags		: fpu vme de pse tsc msr pae mce cx8 apic sep mtrr pge mca cmov pat pse36 clflush mmx fxsr sse sse2 ht syscall nx mmxext fxsr_opt pdpe1gb rdtscp lm constant_tsc rep_good nopl xtopology nonstop_tsc cpuid extd_apicid aperfmperf pni pclmulqdq monitor ssse3 fma cx16 sse4_1 sse4_2 movbe popcnt aes xsave avx f16c rdrand lahf_lm cmp_legacy svm extapic cr8_legacy abm sse4a misalignsse 3dnowprefetch osvw ibs skinit wdt tce topoext perfctr_core perfctr_nb bpext perfctr_llc mwaitx cpb cat_l3 cdp_l3 hw_pstate sme ssbd sev ibrs ibpb stibp vmmcall fsgsbase bmi1 avx2 smep bmi2 cqm rdt_a rdseed adx smap clflushopt clwb sha_ni xsaveopt xsavec xgetbv1 xsaves cqm_llc cqm_occup_llc cqm_mbm_total cqm_mbm_local clzero irperf xsaveerptr arat npt lbrv svm_lock nrip_save tsc_scale vmcb_clean flushbyasid decodeassists pausefilter pfthreshold avic v_vmsave_vmload vgif umip rdpid overflow_recov succor smca
bugs		: sysret_ss_attrs spectre_v1 spectre_v2 spec_store_bypass
bogomips	: 5999.88
TLB size	: 3072 4K pages
clflush size	: 64
cache_alignment	: 64
address sizes	: 43 bits physical, 48 bits virtual
power management: ts ttp tm hwpstate cpb eff_freq_ro [13] [14]

processor	: 7
vendor_id	: AuthenticAMD
cpu family	: 23
model		: 49
model name	: AMD EPYC 7302P 16-Core Processor
stepping	: 0
microcode	: 0x8301034
cpu MHz		: 3294.357
cache size	: 512 KB
physical id	: 0
siblings	: 16
core id		: 13
cpu cores	: 16
apicid		: 13
initial apicid	: 13
fpu		: yes
fpu_exception	: yes
cpuid level	: 16
wp		: yes
flags		: fpu vme de pse tsc msr pae mce cx8 apic sep mtrr pge mca cmov pat pse36 clflush mmx fxsr sse sse2 ht syscall nx mmxext fxsr_opt pdpe1gb rdtscp lm constant_tsc rep_good nopl xtopology nonstop_tsc cpuid extd_apicid aperfmperf pni pclmulqdq monitor ssse3 fma cx16 sse4_1 sse4_2 movbe popcnt aes xsave avx f16c rdrand lahf_lm cmp_legacy svm extapic cr8_legacy abm sse4a misalignsse 3dnowprefetch osvw ibs skinit wdt tce topoext perfctr_core perfctr_nb bpext perfctr_llc mwaitx cpb cat_l3 cdp_l3 hw_pstate sme ssbd sev ibrs ibpb stibp vmmcall fsgsbase bmi1 avx2 smep bmi2 cqm rdt_a rdseed adx smap clflushopt clwb sha_ni xsaveopt xsavec xgetbv1 xsaves cqm_llc cqm_occup_llc cqm_mbm_total cqm_mbm_local clzero irperf xsaveerptr arat npt lbrv svm_lock nrip_save tsc_scale vmcb_clean flushbyasid decodeassists pausefilter pfthreshold avic v_vmsave_vmload vgif umip rdpid overflow_recov succor smca
bugs		: sysret_ss_attrs spectre_v1 spectre_v2 spec_store_bypass
bogomips	: 5999.88
TLB size	: 3072 4K pages
clflush size	: 64
cache_alignment	: 64
address sizes	: 43 bits physical, 48 bits virtual
power management: ts ttp tm hwpstate cpb eff_freq_ro [13] [14]

processor	: 8
vendor_id	: AuthenticAMD
cpu family	: 23
model		: 49
model name	: AMD EPYC 7302P 16-Core Processor
stepping	: 0
microcode	: 0x8301034
cpu MHz		: 3296.100
cache size	: 512 KB
physical id	: 0
siblings	: 16
core id		: 16
cpu cores	: 16
apicid		: 16
initial apicid	: 16
fpu		: yes
fpu_exception	: yes
cpuid level	: 16
wp		: yes
flags		: fpu vme de pse tsc msr pae mce cx8 apic sep mtrr pge mca cmov pat pse36 clflush mmx fxsr sse sse2 ht syscall nx mmxext fxsr_opt pdpe1gb rdtscp lm constant_tsc rep_good nopl xtopology nonstop_tsc cpuid extd_apicid aperfmperf pni pclmulqdq monitor ssse3 fma cx16 sse4_1 sse4_2 movbe popcnt aes xsave avx f16c rdrand lahf_lm cmp_legacy svm extapic cr8_legacy abm sse4a misalignsse 3dnowprefetch osvw ibs skinit wdt tce topoext perfctr_core perfctr_nb bpext perfctr_llc mwaitx cpb cat_l3 cdp_l3 hw_pstate sme ssbd sev ibrs ibpb stibp vmmcall fsgsbase bmi1 avx2 smep bmi2 cqm rdt_a rdseed adx smap clflushopt clwb sha_ni xsaveopt xsavec xgetbv1 xsaves cqm_llc cqm_occup_llc cqm_mbm_total cqm_mbm_local clzero irperf xsaveerptr arat npt lbrv svm_lock nrip_save tsc_scale vmcb_clean flushbyasid decodeassists pausefilter pfthreshold avic v_vmsave_vmload vgif umip rdpid overflow_recov succor smca
bugs		: sysret_ss_attrs spectre_v1 spectre_v2 spec_store_bypass
bogomips	: 5999.88
TLB size	: 3072 4K pages
clflush size	: 64
cache_alignment	: 64
address sizes	: 43 bits physical, 48 bits virtual
power management: ts ttp tm hwpstate cpb eff_freq_ro [13] [14]

processor	: 9
vendor_id	: AuthenticAMD
cpu family	: 23
model		: 49
model name	: AMD EPYC 7302P 16-Core Processor
stepping	: 0
microcode	: 0x8301034
cpu MHz		: 3296.045
cache size	: 512 KB
physical id	: 0
siblings	: 16
core id		: 17
cpu cores	: 16
apicid		: 17
initial apicid	: 17
fpu		: yes
fpu_exception	: yes
cpuid level	: 16
wp		: yes
flags		: fpu vme de pse tsc msr pae mce cx8 apic sep mtrr pge mca cmov pat pse36 clflush mmx fxsr sse sse2 ht syscall nx mmxext fxsr_opt pdpe1gb rdtscp lm constant_tsc rep_good nopl xtopology nonstop_tsc cpuid extd_apicid aperfmperf pni pclmulqdq monitor ssse3 fma cx16 sse4_1 sse4_2 movbe popcnt aes xsave avx f16c rdrand lahf_lm cmp_legacy svm extapic cr8_legacy abm sse4a misalignsse 3dnowprefetch osvw ibs skinit wdt tce topoext perfctr_core perfctr_nb bpext perfctr_llc mwaitx cpb cat_l3 cdp_l3 hw_pstate sme ssbd sev ibrs ibpb stibp vmmcall fsgsbase bmi1 avx2 smep bmi2 cqm rdt_a rdseed adx smap clflushopt clwb sha_ni xsaveopt xsavec xgetbv1 xsaves cqm_llc cqm_occup_llc cqm_mbm_total cqm_mbm_local clzero irperf xsaveerptr arat npt lbrv svm_lock nrip_save tsc_scale vmcb_clean flushbyasid decodeassists pausefilter pfthreshold avic v_vmsave_vmload vgif umip rdpid overflow_recov succor smca
bugs		: sysret_ss_attrs spectre_v1 spectre_v2 spec_store_bypass
bogomips	: 5999.88
TLB size	: 3072 4K pages
clflush size	: 64
cache_alignment	: 64
address sizes	: 43 bits physical, 48 bits virtual
power management: ts ttp tm hwpstate cpb eff_freq_ro [13] [14]

processor	: 10
vendor_id	: AuthenticAMD
cpu family	: 23
model		: 49
model name	: AMD EPYC 7302P 16-Core Processor
stepping	: 0
microcode	: 0x8301034
cpu MHz		: 3295.610
cache size	: 512 KB
physical id	: 0
siblings	: 16
core id		: 20
cpu cores	: 16
apicid		: 20
initial apicid	: 20
fpu		: yes
fpu_exception	: yes
cpuid level	: 16
wp		: yes
flags		: fpu vme de pse tsc msr pae mce cx8 apic sep mtrr pge mca cmov pat pse36 clflush mmx fxsr sse sse2 ht syscall nx mmxext fxsr_opt pdpe1gb rdtscp lm constant_tsc rep_good nopl xtopology nonstop_tsc cpuid extd_apicid aperfmperf pni pclmulqdq monitor ssse3 fma cx16 sse4_1 sse4_2 movbe popcnt aes xsave avx f16c rdrand lahf_lm cmp_legacy svm extapic cr8_legacy abm sse4a misalignsse 3dnowprefetch osvw ibs skinit wdt tce topoext perfctr_core perfctr_nb bpext perfctr_llc mwaitx cpb cat_l3 cdp_l3 hw_pstate sme ssbd sev ibrs ibpb stibp vmmcall fsgsbase bmi1 avx2 smep bmi2 cqm rdt_a rdseed adx smap clflushopt clwb sha_ni xsaveopt xsavec xgetbv1 xsaves cqm_llc cqm_occup_llc cqm_mbm_total cqm_mbm_local clzero irperf xsaveerptr arat npt lbrv svm_lock nrip_save tsc_scale vmcb_clean flushbyasid decodeassists pausefilter pfthreshold avic v_vmsave_vmload vgif umip rdpid overflow_recov succor smca
bugs		: sysret_ss_attrs spectre_v1 spectre_v2 spec_store_bypass
bogomips	: 5999.88
TLB size	: 3072 4K pages
clflush size	: 64
cache_alignment	: 64
address sizes	: 43 bits physical, 48 bits virtual
power management: ts ttp tm hwpstate cpb eff_freq_ro [13] [14]

processor	: 11
vendor_id	: AuthenticAMD
cpu family	: 23
model		: 49
model name	: AMD EPYC 7302P 16-Core Processor
stepping	: 0
microcode	: 0x8301034
cpu MHz		: 3295.854
cache size	: 512 KB
physical id	: 0
siblings	: 16
core id		: 21
cpu cores	: 16
apicid		: 21
initial apicid	: 21
fpu		: yes
fpu_exception	: yes
cpuid level	: 16
wp		: yes
flags		: fpu vme de pse tsc msr pae mce cx8 apic sep mtrr pge mca cmov pat pse36 clflush mmx fxsr sse sse2 ht syscall nx mmxext fxsr_opt pdpe1gb rdtscp lm constant_tsc rep_good nopl xtopology nonstop_tsc cpuid extd_apicid aperfmperf pni pclmulqdq monitor ssse3 fma cx16 sse4_1 sse4_2 movbe popcnt aes xsave avx f16c rdrand lahf_lm cmp_legacy svm extapic cr8_legacy abm sse4a misalignsse 3dnowprefetch osvw ibs skinit wdt tce topoext perfctr_core perfctr_nb bpext perfctr_llc mwaitx cpb cat_l3 cdp_l3 hw_pstate sme ssbd sev ibrs ibpb stibp vmmcall fsgsbase bmi1 avx2 smep bmi2 cqm rdt_a rdseed adx smap clflushopt clwb sha_ni xsaveopt xsavec xgetbv1 xsaves cqm_llc cqm_occup_llc cqm_mbm_total cqm_mbm_local clzero irperf xsaveerptr arat npt lbrv svm_lock nrip_save tsc_scale vmcb_clean flushbyasid decodeassists pausefilter pfthreshold avic v_vmsave_vmload vgif umip rdpid overflow_recov succor smca
bugs		: sysret_ss_attrs spectre_v1 spectre_v2 spec_store_bypass
bogomips	: 5999.88
TLB size	: 3072 4K pages
clflush size	: 64
cache_alignment	: 64
address sizes	: 43 bits physical, 48 bits virtual
power management: ts ttp tm hwpstate cpb eff_freq_ro [13] [14]

processor	: 12
vendor_id	: AuthenticAMD
cpu family	: 23
model		: 49
model name	: AMD EPYC 7302P 16-Core Processor
stepping	: 0
microcode	: 0x8301034
cpu MHz		: 3107.024
cache size	: 512 KB
physical id	: 0
siblings	: 16
core id		: 24
cpu cores	: 16
apicid		: 24
initial apicid	: 24
fpu		: yes
fpu_exception	: yes
cpuid level	: 16
wp		: yes
flags		: fpu vme de pse tsc msr pae mce cx8 apic sep mtrr pge mca cmov pat pse36 clflush mmx fxsr sse sse2 ht syscall nx mmxext fxsr_opt pdpe1gb rdtscp lm constant_tsc rep_good nopl xtopology nonstop_tsc cpuid extd_apicid aperfmperf pni pclmulqdq monitor ssse3 fma cx16 sse4_1 sse4_2 movbe popcnt aes xsave avx f16c rdrand lahf_lm cmp_legacy svm extapic cr8_legacy abm sse4a misalignsse 3dnowprefetch osvw ibs skinit wdt tce topoext perfctr_core perfctr_nb bpext perfctr_llc mwaitx cpb cat_l3 cdp_l3 hw_pstate sme ssbd sev ibrs ibpb stibp vmmcall fsgsbase bmi1 avx2 smep bmi2 cqm rdt_a rdseed adx smap clflushopt clwb sha_ni xsaveopt xsavec xgetbv1 xsaves cqm_llc cqm_occup_llc cqm_mbm_total cqm_mbm_local clzero irperf xsaveerptr arat npt lbrv svm_lock nrip_save tsc_scale vmcb_clean flushbyasid decodeassists pausefilter pfthreshold avic v_vmsave_vmload vgif umip rdpid overflow_recov succor smca
bugs		: sysret_ss_attrs spectre_v1 spectre_v2 spec_store_bypass
bogomips	: 5999.88
TLB size	: 3072 4K pages
clflush size	: 64
cache_alignment	: 64
address sizes	: 43 bits physical, 48 bits virtual
power management: ts ttp tm hwpstate cpb eff_freq_ro [13] [14]

processor	: 13
vendor_id	: AuthenticAMD
cpu family	: 23
model		: 49
model name	: AMD EPYC 7302P 16-Core Processor
stepping	: 0
microcode	: 0x8301034
cpu MHz		: 3295.620
cache size	: 512 KB
physical id	: 0
siblings	: 16
core id		: 25
cpu cores	: 16
apicid		: 25
initial apicid	: 25
fpu		: yes
fpu_exception	: yes
cpuid level	: 16
wp		: yes
flags		: fpu vme de pse tsc msr pae mce cx8 apic sep mtrr pge mca cmov pat pse36 clflush mmx fxsr sse sse2 ht syscall nx mmxext fxsr_opt pdpe1gb rdtscp lm constant_tsc rep_good nopl xtopology nonstop_tsc cpuid extd_apicid aperfmperf pni pclmulqdq monitor ssse3 fma cx16 sse4_1 sse4_2 movbe popcnt aes xsave avx f16c rdrand lahf_lm cmp_legacy svm extapic cr8_legacy abm sse4a misalignsse 3dnowprefetch osvw ibs skinit wdt tce topoext perfctr_core perfctr_nb bpext perfctr_llc mwaitx cpb cat_l3 cdp_l3 hw_pstate sme ssbd sev ibrs ibpb stibp vmmcall fsgsbase bmi1 avx2 smep bmi2 cqm rdt_a rdseed adx smap clflushopt clwb sha_ni xsaveopt xsavec xgetbv1 xsaves cqm_llc cqm_occup_llc cqm_mbm_total cqm_mbm_local clzero irperf xsaveerptr arat npt lbrv svm_lock nrip_save tsc_scale vmcb_clean flushbyasid decodeassists pausefilter pfthreshold avic v_vmsave_vmload vgif umip rdpid overflow_recov succor smca
bugs		: sysret_ss_attrs spectre_v1 spectre_v2 spec_store_bypass
bogomips	: 5999.88
TLB size	: 3072 4K pages
clflush size	: 64
cache_alignment	: 64
address sizes	: 43 bits physical, 48 bits virtual
power management: ts ttp tm hwpstate cpb eff_freq_ro [13] [14]

processor	: 14
vendor_id	: AuthenticAMD
cpu family	: 23
model		: 49
model name	: AMD EPYC 7302P 16-Core Processor
stepping	: 0
microcode	: 0x8301034
cpu MHz		: 3295.518
cache size	: 512 KB
physical id	: 0
siblings	: 16
core id		: 28
cpu cores	: 16
apicid		: 28
initial apicid	: 28
fpu		: yes
fpu_exception	: yes
cpuid level	: 16
wp		: yes
flags		: fpu vme de pse tsc msr pae mce cx8 apic sep mtrr pge mca cmov pat pse36 clflush mmx fxsr sse sse2 ht syscall nx mmxext fxsr_opt pdpe1gb rdtscp lm constant_tsc rep_good nopl xtopology nonstop_tsc cpuid extd_apicid aperfmperf pni pclmulqdq monitor ssse3 fma cx16 sse4_1 sse4_2 movbe popcnt aes xsave avx f16c rdrand lahf_lm cmp_legacy svm extapic cr8_legacy abm sse4a misalignsse 3dnowprefetch osvw ibs skinit wdt tce topoext perfctr_core perfctr_nb bpext perfctr_llc mwaitx cpb cat_l3 cdp_l3 hw_pstate sme ssbd sev ibrs ibpb stibp vmmcall fsgsbase bmi1 avx2 smep bmi2 cqm rdt_a rdseed adx smap clflushopt clwb sha_ni xsaveopt xsavec xgetbv1 xsaves cqm_llc cqm_occup_llc cqm_mbm_total cqm_mbm_local clzero irperf xsaveerptr arat npt lbrv svm_lock nrip_save tsc_scale vmcb_clean flushbyasid decodeassists pausefilter pfthreshold avic v_vmsave_vmload vgif umip rdpid overflow_recov succor smca
bugs		: sysret_ss_attrs spectre_v1 spectre_v2 spec_store_bypass
bogomips	: 5999.88
TLB size	: 3072 4K pages
clflush size	: 64
cache_alignment	: 64
address sizes	: 43 bits physical, 48 bits virtual
power management: ts ttp tm hwpstate cpb eff_freq_ro [13] [14]

processor	: 15
vendor_id	: AuthenticAMD
cpu family	: 23
model		: 49
model name	: AMD EPYC 7302P 16-Core Processor
stepping	: 0
microcode	: 0x8301034
cpu MHz		: 3295.490
cache size	: 512 KB
physical id	: 0
siblings	: 16
core id		: 29
cpu cores	: 16
apicid		: 29
initial apicid	: 29
fpu		: yes
fpu_exception	: yes
cpuid level	: 16
wp		: yes
flags		: fpu vme de pse tsc msr pae mce cx8 apic sep mtrr pge mca cmov pat pse36 clflush mmx fxsr sse sse2 ht syscall nx mmxext fxsr_opt pdpe1gb rdtscp lm constant_tsc rep_good nopl xtopology nonstop_tsc cpuid extd_apicid aperfmperf pni pclmulqdq monitor ssse3 fma cx16 sse4_1 sse4_2 movbe popcnt aes xsave avx f16c rdrand lahf_lm cmp_legacy svm extapic cr8_legacy abm sse4a misalignsse 3dnowprefetch osvw ibs skinit wdt tce topoext perfctr_core perfctr_nb bpext perfctr_llc mwaitx cpb cat_l3 cdp_l3 hw_pstate sme ssbd sev ibrs ibpb stibp vmmcall fsgsbase bmi1 avx2 smep bmi2 cqm rdt_a rdseed adx smap clflushopt clwb sha_ni xsaveopt xsavec xgetbv1 xsaves cqm_llc cqm_occup_llc cqm_mbm_total cqm_mbm_local clzero irperf xsaveerptr arat npt lbrv svm_lock nrip_save tsc_scale vmcb_clean flushbyasid decodeassists pausefilter pfthreshold avic v_vmsave_vmload vgif umip rdpid overflow_recov succor smca
bugs		: sysret_ss_attrs spectre_v1 spectre_v2 spec_store_bypass
bogomips	: 5999.88
TLB size	: 3072 4K pages
clflush size	: 64
cache_alignment	: 64
address sizes	: 43 bits physical, 48 bits virtual
power management: ts ttp tm hwpstate cpb eff_freq_ro [13] [14]



Memory: 4k page, physical 264016004k(1546528k free), swap 268299260k(107768712k free)

vm_info: Java HotSpot(TM) 64-Bit Server VM (25.261-b12) for linux-amd64 JRE (1.8.0_261-b12), built on Jun 17 2020 23:41:40 by "java_re" with gcc 7.3.0

time: Thu Oct 20 12:10:13 2022
timezone: CEST
elapsed time: 0 seconds (0d 0h 0m 0s)

