#
# There is insufficient memory for the Java Runtime Environment to continue.
# Cannot create GC thread. Out of system resources.
# Possible reasons:
#   The system is out of physical RAM or swap space
#   The process is running with CompressedOops enabled, and the Java Heap may be blocking the growth of the native heap
# Possible solutions:
#   Reduce memory load on the system
#   Increase physical memory or swap space
#   Check if swap backing store is full
#   Decrease Java heap size (-Xmx/-Xms)
#   Decrease number of Java threads
#   Decrease Java thread stack sizes (-Xss)
#   Set larger code cache with -XX:ReservedCodeCacheSize=
# This output file may be truncated or incomplete.
#
#  Out of Memory Error (gcTaskThread.cpp:48), pid=18419, tid=0x00007fefa839e700
#
# JRE version:  (8.0_261-b12) (build )
# Java VM: Java HotSpot(TM) 64-Bit Server VM (25.261-b12 mixed mode linux-amd64 compressed oops)
# Core dump written. Default location: /home/student/p-ctl-Kalvarez21g/core or core.18419
#

---------------  T H R E A D  ---------------

Current thread (0x00007fefa000b000):  JavaThread "Unknown thread" [_thread_in_vm, id=18426, stack(0x00007fefa829f000,0x00007fefa839f000)]

Stack: [0x00007fefa829f000,0x00007fefa839f000],  sp=0x00007fefa839d740,  free space=1017k
Native frames: (J=compiled Java code, j=interpreted, Vv=VM code, C=native code)
V  [libjvm.so+0xadd805]  VMError::report_and_die()+0x2e5
V  [libjvm.so+0x4e2a47]  report_vm_out_of_memory(char const*, int, unsigned long, VMErrorType, char const*)+0x67
V  [libjvm.so+0x5c652f]  GCTaskThread::GCTaskThread(GCTaskManager*, unsigned int, unsigned int)+0x13f
V  [libjvm.so+0x5c56fd]  GCTaskManager::initialize()+0x36d
V  [libjvm.so+0x9420d2]  ParallelScavengeHeap::initialize()+0x3a2
V  [libjvm.so+0xaa136a]  Universe::initialize_heap()+0x16a
V  [libjvm.so+0xaa1653]  universe_init()+0x33
V  [libjvm.so+0x634cf0]  init_globals()+0x50
V  [libjvm.so+0xa83a5d]  Threads::create_vm(JavaVMInitArgs*, bool*)+0x47d
V  [libjvm.so+0x6dbf6f]  JNI_CreateJavaVM+0x4f
C  [libjli.so+0x7ee4]  JavaMain+0x84
C  [libpthread.so.0+0x76db]  start_thread+0xdb


---------------  P R O C E S S  ---------------

Java Threads: ( => current thread )

Other Threads:

=>0x00007fefa000b000 (exited) JavaThread "Unknown thread" [_thread_in_vm, id=18426, stack(0x00007fefa829f000,0x00007fefa839f000)]

VM state:not at safepoint (not fully initialized)

VM Mutex/Monitor currently owned by a thread: None

heap address: 0x0000000080200000, size: 30718 MB, Compressed Oops mode: Non-zero based:0x00000000801ff000, Oop shift amount: 3
Narrow klass base: 0x0000000000000000, Narrow klass shift: 0

GC Heap History (0 events):
No events

Deoptimization events (0 events):
No events

Classes redefined (0 events):
No events

Internal exceptions (0 events):
No events

Events (0 events):
No events


Dynamic libraries:
80200000-d5780000 rw-p 00000000 00:00 0 
d5780000-580100000 ---p 00000000 00:00 0 
580100000-5aab80000 rw-p 00000000 00:00 0 
5aab80000-800000000 ---p 00000000 00:00 0 
55b81d035000-55b81d036000 r-xp 00000000 08:02 34734413                   /usr/lib/jvm/jdk1.8.0_261/jre/bin/java
55b81d235000-55b81d236000 r--p 00000000 08:02 34734413                   /usr/lib/jvm/jdk1.8.0_261/jre/bin/java
55b81d236000-55b81d237000 rw-p 00001000 08:02 34734413                   /usr/lib/jvm/jdk1.8.0_261/jre/bin/java
55b81e0da000-55b81e0fb000 rw-p 00000000 00:00 0                          [heap]
7fef8ac00000-7fef8aeab000 rw-p 00000000 00:00 0 
7fef8aeab000-7fef8d400000 ---p 00000000 00:00 0 
7fef8d400000-7fef8d6ab000 rw-p 00000000 00:00 0 
7fef8d6ab000-7fef8fbff000 ---p 00000000 00:00 0 
7fef8fbff000-7fef8fd55000 rw-p 00000000 00:00 0 
7fef8fd55000-7fef90fff000 ---p 00000000 00:00 0 
7fef90fff000-7fef91000000 rw-p 00000000 00:00 0 
7fef91000000-7fef91270000 rwxp 00000000 00:00 0 
7fef91270000-7fefa0000000 ---p 00000000 00:00 0 
7fefa0000000-7fefa0048000 rw-p 00000000 00:00 0 
7fefa0048000-7fefa4000000 ---p 00000000 00:00 0 
7fefa43c7000-7fefa465c000 rw-p 00000000 00:00 0 
7fefa465c000-7fefa465d000 ---p 00000000 00:00 0 
7fefa465d000-7fefa475d000 rw-p 00000000 00:00 0 
7fefa475d000-7fefa475e000 ---p 00000000 00:00 0 
7fefa475e000-7fefa485e000 rw-p 00000000 00:00 0 
7fefa485e000-7fefa485f000 ---p 00000000 00:00 0 
7fefa485f000-7fefa495f000 rw-p 00000000 00:00 0 
7fefa495f000-7fefa4960000 ---p 00000000 00:00 0 
7fefa4960000-7fefa4a60000 rw-p 00000000 00:00 0 
7fefa4a60000-7fefa4a61000 ---p 00000000 00:00 0 
7fefa4a61000-7fefa4b61000 rw-p 00000000 00:00 0 
7fefa4b61000-7fefa4b62000 ---p 00000000 00:00 0 
7fefa4b62000-7fefa4c62000 rw-p 00000000 00:00 0 
7fefa4c62000-7fefa4c63000 ---p 00000000 00:00 0 
7fefa4c63000-7fefa4d63000 rw-p 00000000 00:00 0 
7fefa4d63000-7fefa4d64000 ---p 00000000 00:00 0 
7fefa4d64000-7fefa4e64000 rw-p 00000000 00:00 0 
7fefa4e64000-7fefa4e65000 ---p 00000000 00:00 0 
7fefa4e65000-7fefa4f6f000 rw-p 00000000 00:00 0 
7fefa4f6f000-7fefa5325000 ---p 00000000 00:00 0 
7fefa5325000-7fefa5340000 r-xp 00000000 08:02 34734671                   /usr/lib/jvm/jdk1.8.0_261/jre/lib/amd64/libzip.so
7fefa5340000-7fefa553f000 ---p 0001b000 08:02 34734671                   /usr/lib/jvm/jdk1.8.0_261/jre/lib/amd64/libzip.so
7fefa553f000-7fefa5540000 r--p 0001a000 08:02 34734671                   /usr/lib/jvm/jdk1.8.0_261/jre/lib/amd64/libzip.so
7fefa5540000-7fefa5541000 rw-p 0001b000 08:02 34734671                   /usr/lib/jvm/jdk1.8.0_261/jre/lib/amd64/libzip.so
7fefa5541000-7fefa554c000 r-xp 00000000 08:02 19923774                   /lib/x86_64-linux-gnu/libnss_files-2.27.so
7fefa554c000-7fefa574b000 ---p 0000b000 08:02 19923774                   /lib/x86_64-linux-gnu/libnss_files-2.27.so
7fefa574b000-7fefa574c000 r--p 0000a000 08:02 19923774                   /lib/x86_64-linux-gnu/libnss_files-2.27.so
7fefa574c000-7fefa574d000 rw-p 0000b000 08:02 19923774                   /lib/x86_64-linux-gnu/libnss_files-2.27.so
7fefa574d000-7fefa5753000 rw-p 00000000 00:00 0 
7fefa5753000-7fefa576a000 r-xp 00000000 08:02 19923768                   /lib/x86_64-linux-gnu/libnsl-2.27.so
7fefa576a000-7fefa5969000 ---p 00017000 08:02 19923768                   /lib/x86_64-linux-gnu/libnsl-2.27.so
7fefa5969000-7fefa596a000 r--p 00016000 08:02 19923768                   /lib/x86_64-linux-gnu/libnsl-2.27.so
7fefa596a000-7fefa596b000 rw-p 00017000 08:02 19923768                   /lib/x86_64-linux-gnu/libnsl-2.27.so
7fefa596b000-7fefa596d000 rw-p 00000000 00:00 0 
7fefa596d000-7fefa5978000 r-xp 00000000 08:02 19923778                   /lib/x86_64-linux-gnu/libnss_nis-2.27.so
7fefa5978000-7fefa5b77000 ---p 0000b000 08:02 19923778                   /lib/x86_64-linux-gnu/libnss_nis-2.27.so
7fefa5b77000-7fefa5b78000 r--p 0000a000 08:02 19923778                   /lib/x86_64-linux-gnu/libnss_nis-2.27.so
7fefa5b78000-7fefa5b79000 rw-p 0000b000 08:02 19923778                   /lib/x86_64-linux-gnu/libnss_nis-2.27.so
7fefa5b79000-7fefa5b81000 r-xp 00000000 08:02 19923770                   /lib/x86_64-linux-gnu/libnss_compat-2.27.so
7fefa5b81000-7fefa5d81000 ---p 00008000 08:02 19923770                   /lib/x86_64-linux-gnu/libnss_compat-2.27.so
7fefa5d81000-7fefa5d82000 r--p 00008000 08:02 19923770                   /lib/x86_64-linux-gnu/libnss_compat-2.27.so
7fefa5d82000-7fefa5d83000 rw-p 00009000 08:02 19923770                   /lib/x86_64-linux-gnu/libnss_compat-2.27.so
7fefa5d83000-7fefa5daf000 r-xp 00000000 08:02 34734602                   /usr/lib/jvm/jdk1.8.0_261/jre/lib/amd64/libjava.so
7fefa5daf000-7fefa5faf000 ---p 0002c000 08:02 34734602                   /usr/lib/jvm/jdk1.8.0_261/jre/lib/amd64/libjava.so
7fefa5faf000-7fefa5fb0000 r--p 0002c000 08:02 34734602                   /usr/lib/jvm/jdk1.8.0_261/jre/lib/amd64/libjava.so
7fefa5fb0000-7fefa5fb2000 rw-p 0002d000 08:02 34734602                   /usr/lib/jvm/jdk1.8.0_261/jre/lib/amd64/libjava.so
7fefa5fb2000-7fefa5fbf000 r-xp 00000000 08:02 34734669                   /usr/lib/jvm/jdk1.8.0_261/jre/lib/amd64/libverify.so
7fefa5fbf000-7fefa61be000 ---p 0000d000 08:02 34734669                   /usr/lib/jvm/jdk1.8.0_261/jre/lib/amd64/libverify.so
7fefa61be000-7fefa61c0000 r--p 0000c000 08:02 34734669                   /usr/lib/jvm/jdk1.8.0_261/jre/lib/amd64/libverify.so
7fefa61c0000-7fefa61c1000 rw-p 0000e000 08:02 34734669                   /usr/lib/jvm/jdk1.8.0_261/jre/lib/amd64/libverify.so
7fefa61c1000-7fefa61c8000 r-xp 00000000 08:02 19923797                   /lib/x86_64-linux-gnu/librt-2.27.so
7fefa61c8000-7fefa63c7000 ---p 00007000 08:02 19923797                   /lib/x86_64-linux-gnu/librt-2.27.so
7fefa63c7000-7fefa63c8000 r--p 00006000 08:02 19923797                   /lib/x86_64-linux-gnu/librt-2.27.so
7fefa63c8000-7fefa63c9000 rw-p 00007000 08:02 19923797                   /lib/x86_64-linux-gnu/librt-2.27.so
7fefa63c9000-7fefa6566000 r-xp 00000000 08:02 19923757                   /lib/x86_64-linux-gnu/libm-2.27.so
7fefa6566000-7fefa6765000 ---p 0019d000 08:02 19923757                   /lib/x86_64-linux-gnu/libm-2.27.so
7fefa6765000-7fefa6766000 r--p 0019c000 08:02 19923757                   /lib/x86_64-linux-gnu/libm-2.27.so
7fefa6766000-7fefa6767000 rw-p 0019d000 08:02 19923757                   /lib/x86_64-linux-gnu/libm-2.27.so
7fefa6767000-7fefa745b000 r-xp 00000000 08:02 34734679                   /usr/lib/jvm/jdk1.8.0_261/jre/lib/amd64/server/libjvm.so
7fefa745b000-7fefa765a000 ---p 00cf4000 08:02 34734679                   /usr/lib/jvm/jdk1.8.0_261/jre/lib/amd64/server/libjvm.so
7fefa765a000-7fefa76f0000 r--p 00cf3000 08:02 34734679                   /usr/lib/jvm/jdk1.8.0_261/jre/lib/amd64/server/libjvm.so
7fefa76f0000-7fefa7721000 rw-p 00d89000 08:02 34734679                   /usr/lib/jvm/jdk1.8.0_261/jre/lib/amd64/server/libjvm.so
7fefa7721000-7fefa775c000 rw-p 00000000 00:00 0 
7fefa775c000-7fefa7943000 r-xp 00000000 08:02 19923732                   /lib/x86_64-linux-gnu/libc-2.27.so
7fefa7943000-7fefa7b43000 ---p 001e7000 08:02 19923732                   /lib/x86_64-linux-gnu/libc-2.27.so
7fefa7b43000-7fefa7b47000 r--p 001e7000 08:02 19923732                   /lib/x86_64-linux-gnu/libc-2.27.so
7fefa7b47000-7fefa7b49000 rw-p 001eb000 08:02 19923732                   /lib/x86_64-linux-gnu/libc-2.27.so
7fefa7b49000-7fefa7b4d000 rw-p 00000000 00:00 0 
7fefa7b4d000-7fefa7b50000 r-xp 00000000 08:02 19923742                   /lib/x86_64-linux-gnu/libdl-2.27.so
7fefa7b50000-7fefa7d4f000 ---p 00003000 08:02 19923742                   /lib/x86_64-linux-gnu/libdl-2.27.so
7fefa7d4f000-7fefa7d50000 r--p 00002000 08:02 19923742                   /lib/x86_64-linux-gnu/libdl-2.27.so
7fefa7d50000-7fefa7d51000 rw-p 00003000 08:02 19923742                   /lib/x86_64-linux-gnu/libdl-2.27.so
7fefa7d51000-7fefa7d68000 r-xp 00000000 08:02 34734538                   /usr/lib/jvm/jdk1.8.0_261/jre/lib/amd64/jli/libjli.so
7fefa7d68000-7fefa7f67000 ---p 00017000 08:02 34734538                   /usr/lib/jvm/jdk1.8.0_261/jre/lib/amd64/jli/libjli.so
7fefa7f67000-7fefa7f68000 r--p 00016000 08:02 34734538                   /usr/lib/jvm/jdk1.8.0_261/jre/lib/amd64/jli/libjli.so
7fefa7f68000-7fefa7f69000 rw-p 00017000 08:02 34734538                   /usr/lib/jvm/jdk1.8.0_261/jre/lib/amd64/jli/libjli.so
7fefa7f69000-7fefa7f83000 r-xp 00000000 08:02 19923793                   /lib/x86_64-linux-gnu/libpthread-2.27.so
7fefa7f83000-7fefa8182000 ---p 0001a000 08:02 19923793                   /lib/x86_64-linux-gnu/libpthread-2.27.so
7fefa8182000-7fefa8183000 r--p 00019000 08:02 19923793                   /lib/x86_64-linux-gnu/libpthread-2.27.so
7fefa8183000-7fefa8184000 rw-p 0001a000 08:02 19923793                   /lib/x86_64-linux-gnu/libpthread-2.27.so
7fefa8184000-7fefa8188000 rw-p 00000000 00:00 0 
7fefa8188000-7fefa81af000 r-xp 00000000 08:02 19923714                   /lib/x86_64-linux-gnu/ld-2.27.so
7fefa829e000-7fefa829f000 ---p 00000000 00:00 0 
7fefa829f000-7fefa82a2000 ---p 00000000 00:00 0 
7fefa82a2000-7fefa83a3000 rw-p 00000000 00:00 0 
7fefa83a5000-7fefa83ad000 rw-s 00000000 08:02 35284299                   /tmp/hsperfdata_student/18419
7fefa83ad000-7fefa83ae000 rw-p 00000000 00:00 0 
7fefa83ae000-7fefa83af000 r--p 00000000 00:00 0 
7fefa83af000-7fefa83b0000 r--p 00027000 08:02 19923714                   /lib/x86_64-linux-gnu/ld-2.27.so
7fefa83b0000-7fefa83b1000 rw-p 00028000 08:02 19923714                   /lib/x86_64-linux-gnu/ld-2.27.so
7fefa83b1000-7fefa83b2000 rw-p 00000000 00:00 0 
7ffd8199d000-7ffd819be000 rw-p 00000000 00:00 0                          [stack]
7ffd819d6000-7ffd819d9000 r--p 00000000 00:00 0                          [vvar]
7ffd819d9000-7ffd819db000 r-xp 00000000 00:00 0                          [vdso]

VM Arguments:
jvm_args: -Dant.home=/opt/ant -Dant.library.dir=/opt/ant/lib 
java_command: org.apache.tools.ant.launch.Launcher -cp 
java_class_path (initial): /opt/ant/lib/ant-launcher.jar
Launcher Type: SUN_STANDARD

Environment Variables:
JAVA_HOME=/usr/lib/jvm/jdk1.8.0_261
PATH=/usr/local/sbin:/usr/local/bin:/usr/sbin:/usr/bin:/sbin:/bin:/bin:/home/student/bluej:/usr/lib/jvm/jdk1.8.0_261/bin:/opt/ant/bin
DISPLAY=:1.0

Signal Handlers:
SIGSEGV: [libjvm.so+0xade140], sa_mask[0]=11111111011111111101111111111110, sa_flags=SA_RESTART|SA_SIGINFO
SIGBUS: [libjvm.so+0xade140], sa_mask[0]=11111111011111111101111111111110, sa_flags=SA_RESTART|SA_SIGINFO
SIGFPE: [libjvm.so+0x912c70], sa_mask[0]=11111111011111111101111111111110, sa_flags=SA_RESTART|SA_SIGINFO
SIGPIPE: [libjvm.so+0x912c70], sa_mask[0]=11111111011111111101111111111110, sa_flags=SA_RESTART|SA_SIGINFO
SIGXFSZ: [libjvm.so+0x912c70], sa_mask[0]=11111111011111111101111111111110, sa_flags=SA_RESTART|SA_SIGINFO
SIGILL: [libjvm.so+0x912c70], sa_mask[0]=11111111011111111101111111111110, sa_flags=SA_RESTART|SA_SIGINFO
SIGUSR1: SIG_DFL, sa_mask[0]=00000000000000000000000000000000, sa_flags=none
SIGUSR2: [libjvm.so+0x912b40], sa_mask[0]=00000000000000000000000000000000, sa_flags=SA_RESTART|SA_SIGINFO
SIGHUP: SIG_DFL, sa_mask[0]=00000000000000000000000000000000, sa_flags=none
SIGINT: SIG_DFL, sa_mask[0]=00000000000000000000000000000000, sa_flags=none
SIGTERM: SIG_DFL, sa_mask[0]=00000000000000000000000000000000, sa_flags=none
SIGQUIT: SIG_DFL, sa_mask[0]=00000000000000000000000000000000, sa_flags=none


---------------  S Y S T E M  ---------------

OS:DISTRIB_ID=Ubuntu
DISTRIB_RELEASE=18.04
DISTRIB_CODENAME=bionic
DISTRIB_DESCRIPTION="Ubuntu 18.04.4 LTS"

uname:Linux 4.19.0-9-amd64 #1 SMP Debian 4.19.118-2+deb10u1 (2020-06-07) x86_64
libc:glibc 2.27 NPTL 2.27 
rlimit: STACK 8192k, CORE infinity, NPROC infinity, NOFILE 1048576, AS infinity
load average:62.61 58.35 55.99

/proc/meminfo:
MemTotal:       264016004 kB
MemFree:         1762040 kB
MemAvailable:   28911264 kB
Buffers:          739096 kB
Cached:          3637632 kB
SwapCached:       240704 kB
Active:         25972472 kB
Inactive:       15432348 kB
Active(anon):   23926432 kB
Inactive(anon): 14171340 kB
Active(file):    2046040 kB
Inactive(file):  1261008 kB
Unevictable:           0 kB
Mlocked:               0 kB
SwapTotal:      268299260 kB
SwapFree:       108119020 kB
Dirty:              1268 kB
Writeback:             0 kB
AnonPages:      36584936 kB
Mapped:          2763864 kB
Shmem:           1139260 kB
Slab:           187325040 kB
SReclaimable:   26135628 kB
SUnreclaim:     161189412 kB
KernelStack:      520112 kB
PageTables:      2199900 kB
NFS_Unstable:          0 kB
Bounce:                0 kB
WritebackTmp:          0 kB
CommitLimit:    400307260 kB
Committed_AS:   450953756 kB
VmallocTotal:   34359738367 kB
VmallocUsed:           0 kB
VmallocChunk:          0 kB
Percpu:         28774976 kB
HardwareCorrupted:     0 kB
AnonHugePages:   8660992 kB
ShmemHugePages:        0 kB
ShmemPmdMapped:        0 kB
HugePages_Total:       0
HugePages_Free:        0
HugePages_Rsvd:        0
HugePages_Surp:        0
Hugepagesize:       2048 kB
Hugetlb:               0 kB
DirectMap4k:    205787464 kB
DirectMap2M:    59367424 kB
DirectMap1G:     3145728 kB

container (cgroup) information:
container_type: cgroupv1
cpu_cpuset_cpus: 0-15
cpu_memory_nodes: 0
active_processor_count: 16
cpu_quota: -1
cpu_period: 100000
cpu_shares: -1
memory_limit_in_bytes: -1
memory_and_swap_limit_in_bytes: -2
memory_soft_limit_in_bytes: -1
memory_usage_in_bytes: 635744256
memory_max_usage_in_bytes: 2961637376


CPU:total 16 (initial active 16) (16 cores per cpu, 1 threads per core) family 23 model 49 stepping 0, cmov, cx8, fxsr, mmx, sse, sse2, sse3, ssse3, sse4.1, sse4.2, popcnt, avx, avx2, aes, clmul, mmxext, 3dnowpref, lzcnt, sse4a, tsc, tscinvbit, tscinv, bmi1

/proc/cpuinfo:
processor	: 0
vendor_id	: AuthenticAMD
cpu family	: 23
model		: 49
model name	: AMD EPYC 7302P 16-Core Processor
stepping	: 0
microcode	: 0x8301034
cpu MHz		: 3298.276
cache size	: 512 KB
physical id	: 0
siblings	: 16
core id		: 0
cpu cores	: 16
apicid		: 0
initial apicid	: 0
fpu		: yes
fpu_exception	: yes
cpuid level	: 16
wp		: yes
flags		: fpu vme de pse tsc msr pae mce cx8 apic sep mtrr pge mca cmov pat pse36 clflush mmx fxsr sse sse2 ht syscall nx mmxext fxsr_opt pdpe1gb rdtscp lm constant_tsc rep_good nopl xtopology nonstop_tsc cpuid extd_apicid aperfmperf pni pclmulqdq monitor ssse3 fma cx16 sse4_1 sse4_2 movbe popcnt aes xsave avx f16c rdrand lahf_lm cmp_legacy svm extapic cr8_legacy abm sse4a misalignsse 3dnowprefetch osvw ibs skinit wdt tce topoext perfctr_core perfctr_nb bpext perfctr_llc mwaitx cpb cat_l3 cdp_l3 hw_pstate sme ssbd sev ibrs ibpb stibp vmmcall fsgsbase bmi1 avx2 smep bmi2 cqm rdt_a rdseed adx smap clflushopt clwb sha_ni xsaveopt xsavec xgetbv1 xsaves cqm_llc cqm_occup_llc cqm_mbm_total cqm_mbm_local clzero irperf xsaveerptr arat npt lbrv svm_lock nrip_save tsc_scale vmcb_clean flushbyasid decodeassists pausefilter pfthreshold avic v_vmsave_vmload vgif umip rdpid overflow_recov succor smca
bugs		: sysret_ss_attrs spectre_v1 spectre_v2 spec_store_bypass
bogomips	: 5999.88
TLB size	: 3072 4K pages
clflush size	: 64
cache_alignment	: 64
address sizes	: 43 bits physical, 48 bits virtual
power management: ts ttp tm hwpstate cpb eff_freq_ro [13] [14]

processor	: 1
vendor_id	: AuthenticAMD
cpu family	: 23
model		: 49
model name	: AMD EPYC 7302P 16-Core Processor
stepping	: 0
microcode	: 0x8301034
cpu MHz		: 3123.588
cache size	: 512 KB
physical id	: 0
siblings	: 16
core id		: 1
cpu cores	: 16
apicid		: 1
initial apicid	: 1
fpu		: yes
fpu_exception	: yes
cpuid level	: 16
wp		: yes
flags		: fpu vme de pse tsc msr pae mce cx8 apic sep mtrr pge mca cmov pat pse36 clflush mmx fxsr sse sse2 ht syscall nx mmxext fxsr_opt pdpe1gb rdtscp lm constant_tsc rep_good nopl xtopology nonstop_tsc cpuid extd_apicid aperfmperf pni pclmulqdq monitor ssse3 fma cx16 sse4_1 sse4_2 movbe popcnt aes xsave avx f16c rdrand lahf_lm cmp_legacy svm extapic cr8_legacy abm sse4a misalignsse 3dnowprefetch osvw ibs skinit wdt tce topoext perfctr_core perfctr_nb bpext perfctr_llc mwaitx cpb cat_l3 cdp_l3 hw_pstate sme ssbd sev ibrs ibpb stibp vmmcall fsgsbase bmi1 avx2 smep bmi2 cqm rdt_a rdseed adx smap clflushopt clwb sha_ni xsaveopt xsavec xgetbv1 xsaves cqm_llc cqm_occup_llc cqm_mbm_total cqm_mbm_local clzero irperf xsaveerptr arat npt lbrv svm_lock nrip_save tsc_scale vmcb_clean flushbyasid decodeassists pausefilter pfthreshold avic v_vmsave_vmload vgif umip rdpid overflow_recov succor smca
bugs		: sysret_ss_attrs spectre_v1 spectre_v2 spec_store_bypass
bogomips	: 5999.88
TLB size	: 3072 4K pages
clflush size	: 64
cache_alignment	: 64
address sizes	: 43 bits physical, 48 bits virtual
power management: ts ttp tm hwpstate cpb eff_freq_ro [13] [14]

processor	: 2
vendor_id	: AuthenticAMD
cpu family	: 23
model		: 49
model name	: AMD EPYC 7302P 16-Core Processor
stepping	: 0
microcode	: 0x8301034
cpu MHz		: 3297.706
cache size	: 512 KB
physical id	: 0
siblings	: 16
core id		: 4
cpu cores	: 16
apicid		: 4
initial apicid	: 4
fpu		: yes
fpu_exception	: yes
cpuid level	: 16
wp		: yes
flags		: fpu vme de pse tsc msr pae mce cx8 apic sep mtrr pge mca cmov pat pse36 clflush mmx fxsr sse sse2 ht syscall nx mmxext fxsr_opt pdpe1gb rdtscp lm constant_tsc rep_good nopl xtopology nonstop_tsc cpuid extd_apicid aperfmperf pni pclmulqdq monitor ssse3 fma cx16 sse4_1 sse4_2 movbe popcnt aes xsave avx f16c rdrand lahf_lm cmp_legacy svm extapic cr8_legacy abm sse4a misalignsse 3dnowprefetch osvw ibs skinit wdt tce topoext perfctr_core perfctr_nb bpext perfctr_llc mwaitx cpb cat_l3 cdp_l3 hw_pstate sme ssbd sev ibrs ibpb stibp vmmcall fsgsbase bmi1 avx2 smep bmi2 cqm rdt_a rdseed adx smap clflushopt clwb sha_ni xsaveopt xsavec xgetbv1 xsaves cqm_llc cqm_occup_llc cqm_mbm_total cqm_mbm_local clzero irperf xsaveerptr arat npt lbrv svm_lock nrip_save tsc_scale vmcb_clean flushbyasid decodeassists pausefilter pfthreshold avic v_vmsave_vmload vgif umip rdpid overflow_recov succor smca
bugs		: sysret_ss_attrs spectre_v1 spectre_v2 spec_store_bypass
bogomips	: 5999.88
TLB size	: 3072 4K pages
clflush size	: 64
cache_alignment	: 64
address sizes	: 43 bits physical, 48 bits virtual
power management: ts ttp tm hwpstate cpb eff_freq_ro [13] [14]

processor	: 3
vendor_id	: AuthenticAMD
cpu family	: 23
model		: 49
model name	: AMD EPYC 7302P 16-Core Processor
stepping	: 0
microcode	: 0x8301034
cpu MHz		: 3297.442
cache size	: 512 KB
physical id	: 0
siblings	: 16
core id		: 5
cpu cores	: 16
apicid		: 5
initial apicid	: 5
fpu		: yes
fpu_exception	: yes
cpuid level	: 16
wp		: yes
flags		: fpu vme de pse tsc msr pae mce cx8 apic sep mtrr pge mca cmov pat pse36 clflush mmx fxsr sse sse2 ht syscall nx mmxext fxsr_opt pdpe1gb rdtscp lm constant_tsc rep_good nopl xtopology nonstop_tsc cpuid extd_apicid aperfmperf pni pclmulqdq monitor ssse3 fma cx16 sse4_1 sse4_2 movbe popcnt aes xsave avx f16c rdrand lahf_lm cmp_legacy svm extapic cr8_legacy abm sse4a misalignsse 3dnowprefetch osvw ibs skinit wdt tce topoext perfctr_core perfctr_nb bpext perfctr_llc mwaitx cpb cat_l3 cdp_l3 hw_pstate sme ssbd sev ibrs ibpb stibp vmmcall fsgsbase bmi1 avx2 smep bmi2 cqm rdt_a rdseed adx smap clflushopt clwb sha_ni xsaveopt xsavec xgetbv1 xsaves cqm_llc cqm_occup_llc cqm_mbm_total cqm_mbm_local clzero irperf xsaveerptr arat npt lbrv svm_lock nrip_save tsc_scale vmcb_clean flushbyasid decodeassists pausefilter pfthreshold avic v_vmsave_vmload vgif umip rdpid overflow_recov succor smca
bugs		: sysret_ss_attrs spectre_v1 spectre_v2 spec_store_bypass
bogomips	: 5999.88
TLB size	: 3072 4K pages
clflush size	: 64
cache_alignment	: 64
address sizes	: 43 bits physical, 48 bits virtual
power management: ts ttp tm hwpstate cpb eff_freq_ro [13] [14]

processor	: 4
vendor_id	: AuthenticAMD
cpu family	: 23
model		: 49
model name	: AMD EPYC 7302P 16-Core Processor
stepping	: 0
microcode	: 0x8301034
cpu MHz		: 3298.779
cache size	: 512 KB
physical id	: 0
siblings	: 16
core id		: 8
cpu cores	: 16
apicid		: 8
initial apicid	: 8
fpu		: yes
fpu_exception	: yes
cpuid level	: 16
wp		: yes
flags		: fpu vme de pse tsc msr pae mce cx8 apic sep mtrr pge mca cmov pat pse36 clflush mmx fxsr sse sse2 ht syscall nx mmxext fxsr_opt pdpe1gb rdtscp lm constant_tsc rep_good nopl xtopology nonstop_tsc cpuid extd_apicid aperfmperf pni pclmulqdq monitor ssse3 fma cx16 sse4_1 sse4_2 movbe popcnt aes xsave avx f16c rdrand lahf_lm cmp_legacy svm extapic cr8_legacy abm sse4a misalignsse 3dnowprefetch osvw ibs skinit wdt tce topoext perfctr_core perfctr_nb bpext perfctr_llc mwaitx cpb cat_l3 cdp_l3 hw_pstate sme ssbd sev ibrs ibpb stibp vmmcall fsgsbase bmi1 avx2 smep bmi2 cqm rdt_a rdseed adx smap clflushopt clwb sha_ni xsaveopt xsavec xgetbv1 xsaves cqm_llc cqm_occup_llc cqm_mbm_total cqm_mbm_local clzero irperf xsaveerptr arat npt lbrv svm_lock nrip_save tsc_scale vmcb_clean flushbyasid decodeassists pausefilter pfthreshold avic v_vmsave_vmload vgif umip rdpid overflow_recov succor smca
bugs		: sysret_ss_attrs spectre_v1 spectre_v2 spec_store_bypass
bogomips	: 5999.88
TLB size	: 3072 4K pages
clflush size	: 64
cache_alignment	: 64
address sizes	: 43 bits physical, 48 bits virtual
power management: ts ttp tm hwpstate cpb eff_freq_ro [13] [14]

processor	: 5
vendor_id	: AuthenticAMD
cpu family	: 23
model		: 49
model name	: AMD EPYC 7302P 16-Core Processor
stepping	: 0
microcode	: 0x8301034
cpu MHz		: 3298.930
cache size	: 512 KB
physical id	: 0
siblings	: 16
core id		: 9
cpu cores	: 16
apicid		: 9
initial apicid	: 9
fpu		: yes
fpu_exception	: yes
cpuid level	: 16
wp		: yes
flags		: fpu vme de pse tsc msr pae mce cx8 apic sep mtrr pge mca cmov pat pse36 clflush mmx fxsr sse sse2 ht syscall nx mmxext fxsr_opt pdpe1gb rdtscp lm constant_tsc rep_good nopl xtopology nonstop_tsc cpuid extd_apicid aperfmperf pni pclmulqdq monitor ssse3 fma cx16 sse4_1 sse4_2 movbe popcnt aes xsave avx f16c rdrand lahf_lm cmp_legacy svm extapic cr8_legacy abm sse4a misalignsse 3dnowprefetch osvw ibs skinit wdt tce topoext perfctr_core perfctr_nb bpext perfctr_llc mwaitx cpb cat_l3 cdp_l3 hw_pstate sme ssbd sev ibrs ibpb stibp vmmcall fsgsbase bmi1 avx2 smep bmi2 cqm rdt_a rdseed adx smap clflushopt clwb sha_ni xsaveopt xsavec xgetbv1 xsaves cqm_llc cqm_occup_llc cqm_mbm_total cqm_mbm_local clzero irperf xsaveerptr arat npt lbrv svm_lock nrip_save tsc_scale vmcb_clean flushbyasid decodeassists pausefilter pfthreshold avic v_vmsave_vmload vgif umip rdpid overflow_recov succor smca
bugs		: sysret_ss_attrs spectre_v1 spectre_v2 spec_store_bypass
bogomips	: 5999.88
TLB size	: 3072 4K pages
clflush size	: 64
cache_alignment	: 64
address sizes	: 43 bits physical, 48 bits virtual
power management: ts ttp tm hwpstate cpb eff_freq_ro [13] [14]

processor	: 6
vendor_id	: AuthenticAMD
cpu family	: 23
model		: 49
model name	: AMD EPYC 7302P 16-Core Processor
stepping	: 0
microcode	: 0x8301034
cpu MHz		: 3298.466
cache size	: 512 KB
physical id	: 0
siblings	: 16
core id		: 12
cpu cores	: 16
apicid		: 12
initial apicid	: 12
fpu		: yes
fpu_exception	: yes
cpuid level	: 16
wp		: yes
flags		: fpu vme de pse tsc msr pae mce cx8 apic sep mtrr pge mca cmov pat pse36 clflush mmx fxsr sse sse2 ht syscall nx mmxext fxsr_opt pdpe1gb rdtscp lm constant_tsc rep_good nopl xtopology nonstop_tsc cpuid extd_apicid aperfmperf pni pclmulqdq monitor ssse3 fma cx16 sse4_1 sse4_2 movbe popcnt aes xsave avx f16c rdrand lahf_lm cmp_legacy svm extapic cr8_legacy abm sse4a misalignsse 3dnowprefetch osvw ibs skinit wdt tce topoext perfctr_core perfctr_nb bpext perfctr_llc mwaitx cpb cat_l3 cdp_l3 hw_pstate sme ssbd sev ibrs ibpb stibp vmmcall fsgsbase bmi1 avx2 smep bmi2 cqm rdt_a rdseed adx smap clflushopt clwb sha_ni xsaveopt xsavec xgetbv1 xsaves cqm_llc cqm_occup_llc cqm_mbm_total cqm_mbm_local clzero irperf xsaveerptr arat npt lbrv svm_lock nrip_save tsc_scale vmcb_clean flushbyasid decodeassists pausefilter pfthreshold avic v_vmsave_vmload vgif umip rdpid overflow_recov succor smca
bugs		: sysret_ss_attrs spectre_v1 spectre_v2 spec_store_bypass
bogomips	: 5999.88
TLB size	: 3072 4K pages
clflush size	: 64
cache_alignment	: 64
address sizes	: 43 bits physical, 48 bits virtual
power management: ts ttp tm hwpstate cpb eff_freq_ro [13] [14]

processor	: 7
vendor_id	: AuthenticAMD
cpu family	: 23
model		: 49
model name	: AMD EPYC 7302P 16-Core Processor
stepping	: 0
microcode	: 0x8301034
cpu MHz		: 3298.168
cache size	: 512 KB
physical id	: 0
siblings	: 16
core id		: 13
cpu cores	: 16
apicid		: 13
initial apicid	: 13
fpu		: yes
fpu_exception	: yes
cpuid level	: 16
wp		: yes
flags		: fpu vme de pse tsc msr pae mce cx8 apic sep mtrr pge mca cmov pat pse36 clflush mmx fxsr sse sse2 ht syscall nx mmxext fxsr_opt pdpe1gb rdtscp lm constant_tsc rep_good nopl xtopology nonstop_tsc cpuid extd_apicid aperfmperf pni pclmulqdq monitor ssse3 fma cx16 sse4_1 sse4_2 movbe popcnt aes xsave avx f16c rdrand lahf_lm cmp_legacy svm extapic cr8_legacy abm sse4a misalignsse 3dnowprefetch osvw ibs skinit wdt tce topoext perfctr_core perfctr_nb bpext perfctr_llc mwaitx cpb cat_l3 cdp_l3 hw_pstate sme ssbd sev ibrs ibpb stibp vmmcall fsgsbase bmi1 avx2 smep bmi2 cqm rdt_a rdseed adx smap clflushopt clwb sha_ni xsaveopt xsavec xgetbv1 xsaves cqm_llc cqm_occup_llc cqm_mbm_total cqm_mbm_local clzero irperf xsaveerptr arat npt lbrv svm_lock nrip_save tsc_scale vmcb_clean flushbyasid decodeassists pausefilter pfthreshold avic v_vmsave_vmload vgif umip rdpid overflow_recov succor smca
bugs		: sysret_ss_attrs spectre_v1 spectre_v2 spec_store_bypass
bogomips	: 5999.88
TLB size	: 3072 4K pages
clflush size	: 64
cache_alignment	: 64
address sizes	: 43 bits physical, 48 bits virtual
power management: ts ttp tm hwpstate cpb eff_freq_ro [13] [14]

processor	: 8
vendor_id	: AuthenticAMD
cpu family	: 23
model		: 49
model name	: AMD EPYC 7302P 16-Core Processor
stepping	: 0
microcode	: 0x8301034
cpu MHz		: 3023.115
cache size	: 512 KB
physical id	: 0
siblings	: 16
core id		: 16
cpu cores	: 16
apicid		: 16
initial apicid	: 16
fpu		: yes
fpu_exception	: yes
cpuid level	: 16
wp		: yes
flags		: fpu vme de pse tsc msr pae mce cx8 apic sep mtrr pge mca cmov pat pse36 clflush mmx fxsr sse sse2 ht syscall nx mmxext fxsr_opt pdpe1gb rdtscp lm constant_tsc rep_good nopl xtopology nonstop_tsc cpuid extd_apicid aperfmperf pni pclmulqdq monitor ssse3 fma cx16 sse4_1 sse4_2 movbe popcnt aes xsave avx f16c rdrand lahf_lm cmp_legacy svm extapic cr8_legacy abm sse4a misalignsse 3dnowprefetch osvw ibs skinit wdt tce topoext perfctr_core perfctr_nb bpext perfctr_llc mwaitx cpb cat_l3 cdp_l3 hw_pstate sme ssbd sev ibrs ibpb stibp vmmcall fsgsbase bmi1 avx2 smep bmi2 cqm rdt_a rdseed adx smap clflushopt clwb sha_ni xsaveopt xsavec xgetbv1 xsaves cqm_llc cqm_occup_llc cqm_mbm_total cqm_mbm_local clzero irperf xsaveerptr arat npt lbrv svm_lock nrip_save tsc_scale vmcb_clean flushbyasid decodeassists pausefilter pfthreshold avic v_vmsave_vmload vgif umip rdpid overflow_recov succor smca
bugs		: sysret_ss_attrs spectre_v1 spectre_v2 spec_store_bypass
bogomips	: 5999.88
TLB size	: 3072 4K pages
clflush size	: 64
cache_alignment	: 64
address sizes	: 43 bits physical, 48 bits virtual
power management: ts ttp tm hwpstate cpb eff_freq_ro [13] [14]

processor	: 9
vendor_id	: AuthenticAMD
cpu family	: 23
model		: 49
model name	: AMD EPYC 7302P 16-Core Processor
stepping	: 0
microcode	: 0x8301034
cpu MHz		: 3292.556
cache size	: 512 KB
physical id	: 0
siblings	: 16
core id		: 17
cpu cores	: 16
apicid		: 17
initial apicid	: 17
fpu		: yes
fpu_exception	: yes
cpuid level	: 16
wp		: yes
flags		: fpu vme de pse tsc msr pae mce cx8 apic sep mtrr pge mca cmov pat pse36 clflush mmx fxsr sse sse2 ht syscall nx mmxext fxsr_opt pdpe1gb rdtscp lm constant_tsc rep_good nopl xtopology nonstop_tsc cpuid extd_apicid aperfmperf pni pclmulqdq monitor ssse3 fma cx16 sse4_1 sse4_2 movbe popcnt aes xsave avx f16c rdrand lahf_lm cmp_legacy svm extapic cr8_legacy abm sse4a misalignsse 3dnowprefetch osvw ibs skinit wdt tce topoext perfctr_core perfctr_nb bpext perfctr_llc mwaitx cpb cat_l3 cdp_l3 hw_pstate sme ssbd sev ibrs ibpb stibp vmmcall fsgsbase bmi1 avx2 smep bmi2 cqm rdt_a rdseed adx smap clflushopt clwb sha_ni xsaveopt xsavec xgetbv1 xsaves cqm_llc cqm_occup_llc cqm_mbm_total cqm_mbm_local clzero irperf xsaveerptr arat npt lbrv svm_lock nrip_save tsc_scale vmcb_clean flushbyasid decodeassists pausefilter pfthreshold avic v_vmsave_vmload vgif umip rdpid overflow_recov succor smca
bugs		: sysret_ss_attrs spectre_v1 spectre_v2 spec_store_bypass
bogomips	: 5999.88
TLB size	: 3072 4K pages
clflush size	: 64
cache_alignment	: 64
address sizes	: 43 bits physical, 48 bits virtual
power management: ts ttp tm hwpstate cpb eff_freq_ro [13] [14]

processor	: 10
vendor_id	: AuthenticAMD
cpu family	: 23
model		: 49
model name	: AMD EPYC 7302P 16-Core Processor
stepping	: 0
microcode	: 0x8301034
cpu MHz		: 3293.734
cache size	: 512 KB
physical id	: 0
siblings	: 16
core id		: 20
cpu cores	: 16
apicid		: 20
initial apicid	: 20
fpu		: yes
fpu_exception	: yes
cpuid level	: 16
wp		: yes
flags		: fpu vme de pse tsc msr pae mce cx8 apic sep mtrr pge mca cmov pat pse36 clflush mmx fxsr sse sse2 ht syscall nx mmxext fxsr_opt pdpe1gb rdtscp lm constant_tsc rep_good nopl xtopology nonstop_tsc cpuid extd_apicid aperfmperf pni pclmulqdq monitor ssse3 fma cx16 sse4_1 sse4_2 movbe popcnt aes xsave avx f16c rdrand lahf_lm cmp_legacy svm extapic cr8_legacy abm sse4a misalignsse 3dnowprefetch osvw ibs skinit wdt tce topoext perfctr_core perfctr_nb bpext perfctr_llc mwaitx cpb cat_l3 cdp_l3 hw_pstate sme ssbd sev ibrs ibpb stibp vmmcall fsgsbase bmi1 avx2 smep bmi2 cqm rdt_a rdseed adx smap clflushopt clwb sha_ni xsaveopt xsavec xgetbv1 xsaves cqm_llc cqm_occup_llc cqm_mbm_total cqm_mbm_local clzero irperf xsaveerptr arat npt lbrv svm_lock nrip_save tsc_scale vmcb_clean flushbyasid decodeassists pausefilter pfthreshold avic v_vmsave_vmload vgif umip rdpid overflow_recov succor smca
bugs		: sysret_ss_attrs spectre_v1 spectre_v2 spec_store_bypass
bogomips	: 5999.88
TLB size	: 3072 4K pages
clflush size	: 64
cache_alignment	: 64
address sizes	: 43 bits physical, 48 bits virtual
power management: ts ttp tm hwpstate cpb eff_freq_ro [13] [14]

processor	: 11
vendor_id	: AuthenticAMD
cpu family	: 23
model		: 49
model name	: AMD EPYC 7302P 16-Core Processor
stepping	: 0
microcode	: 0x8301034
cpu MHz		: 2981.635
cache size	: 512 KB
physical id	: 0
siblings	: 16
core id		: 21
cpu cores	: 16
apicid		: 21
initial apicid	: 21
fpu		: yes
fpu_exception	: yes
cpuid level	: 16
wp		: yes
flags		: fpu vme de pse tsc msr pae mce cx8 apic sep mtrr pge mca cmov pat pse36 clflush mmx fxsr sse sse2 ht syscall nx mmxext fxsr_opt pdpe1gb rdtscp lm constant_tsc rep_good nopl xtopology nonstop_tsc cpuid extd_apicid aperfmperf pni pclmulqdq monitor ssse3 fma cx16 sse4_1 sse4_2 movbe popcnt aes xsave avx f16c rdrand lahf_lm cmp_legacy svm extapic cr8_legacy abm sse4a misalignsse 3dnowprefetch osvw ibs skinit wdt tce topoext perfctr_core perfctr_nb bpext perfctr_llc mwaitx cpb cat_l3 cdp_l3 hw_pstate sme ssbd sev ibrs ibpb stibp vmmcall fsgsbase bmi1 avx2 smep bmi2 cqm rdt_a rdseed adx smap clflushopt clwb sha_ni xsaveopt xsavec xgetbv1 xsaves cqm_llc cqm_occup_llc cqm_mbm_total cqm_mbm_local clzero irperf xsaveerptr arat npt lbrv svm_lock nrip_save tsc_scale vmcb_clean flushbyasid decodeassists pausefilter pfthreshold avic v_vmsave_vmload vgif umip rdpid overflow_recov succor smca
bugs		: sysret_ss_attrs spectre_v1 spectre_v2 spec_store_bypass
bogomips	: 5999.88
TLB size	: 3072 4K pages
clflush size	: 64
cache_alignment	: 64
address sizes	: 43 bits physical, 48 bits virtual
power management: ts ttp tm hwpstate cpb eff_freq_ro [13] [14]

processor	: 12
vendor_id	: AuthenticAMD
cpu family	: 23
model		: 49
model name	: AMD EPYC 7302P 16-Core Processor
stepping	: 0
microcode	: 0x8301034
cpu MHz		: 3294.471
cache size	: 512 KB
physical id	: 0
siblings	: 16
core id		: 24
cpu cores	: 16
apicid		: 24
initial apicid	: 24
fpu		: yes
fpu_exception	: yes
cpuid level	: 16
wp		: yes
flags		: fpu vme de pse tsc msr pae mce cx8 apic sep mtrr pge mca cmov pat pse36 clflush mmx fxsr sse sse2 ht syscall nx mmxext fxsr_opt pdpe1gb rdtscp lm constant_tsc rep_good nopl xtopology nonstop_tsc cpuid extd_apicid aperfmperf pni pclmulqdq monitor ssse3 fma cx16 sse4_1 sse4_2 movbe popcnt aes xsave avx f16c rdrand lahf_lm cmp_legacy svm extapic cr8_legacy abm sse4a misalignsse 3dnowprefetch osvw ibs skinit wdt tce topoext perfctr_core perfctr_nb bpext perfctr_llc mwaitx cpb cat_l3 cdp_l3 hw_pstate sme ssbd sev ibrs ibpb stibp vmmcall fsgsbase bmi1 avx2 smep bmi2 cqm rdt_a rdseed adx smap clflushopt clwb sha_ni xsaveopt xsavec xgetbv1 xsaves cqm_llc cqm_occup_llc cqm_mbm_total cqm_mbm_local clzero irperf xsaveerptr arat npt lbrv svm_lock nrip_save tsc_scale vmcb_clean flushbyasid decodeassists pausefilter pfthreshold avic v_vmsave_vmload vgif umip rdpid overflow_recov succor smca
bugs		: sysret_ss_attrs spectre_v1 spectre_v2 spec_store_bypass
bogomips	: 5999.88
TLB size	: 3072 4K pages
clflush size	: 64
cache_alignment	: 64
address sizes	: 43 bits physical, 48 bits virtual
power management: ts ttp tm hwpstate cpb eff_freq_ro [13] [14]

processor	: 13
vendor_id	: AuthenticAMD
cpu family	: 23
model		: 49
model name	: AMD EPYC 7302P 16-Core Processor
stepping	: 0
microcode	: 0x8301034
cpu MHz		: 3032.910
cache size	: 512 KB
physical id	: 0
siblings	: 16
core id		: 25
cpu cores	: 16
apicid		: 25
initial apicid	: 25
fpu		: yes
fpu_exception	: yes
cpuid level	: 16
wp		: yes
flags		: fpu vme de pse tsc msr pae mce cx8 apic sep mtrr pge mca cmov pat pse36 clflush mmx fxsr sse sse2 ht syscall nx mmxext fxsr_opt pdpe1gb rdtscp lm constant_tsc rep_good nopl xtopology nonstop_tsc cpuid extd_apicid aperfmperf pni pclmulqdq monitor ssse3 fma cx16 sse4_1 sse4_2 movbe popcnt aes xsave avx f16c rdrand lahf_lm cmp_legacy svm extapic cr8_legacy abm sse4a misalignsse 3dnowprefetch osvw ibs skinit wdt tce topoext perfctr_core perfctr_nb bpext perfctr_llc mwaitx cpb cat_l3 cdp_l3 hw_pstate sme ssbd sev ibrs ibpb stibp vmmcall fsgsbase bmi1 avx2 smep bmi2 cqm rdt_a rdseed adx smap clflushopt clwb sha_ni xsaveopt xsavec xgetbv1 xsaves cqm_llc cqm_occup_llc cqm_mbm_total cqm_mbm_local clzero irperf xsaveerptr arat npt lbrv svm_lock nrip_save tsc_scale vmcb_clean flushbyasid decodeassists pausefilter pfthreshold avic v_vmsave_vmload vgif umip rdpid overflow_recov succor smca
bugs		: sysret_ss_attrs spectre_v1 spectre_v2 spec_store_bypass
bogomips	: 5999.88
TLB size	: 3072 4K pages
clflush size	: 64
cache_alignment	: 64
address sizes	: 43 bits physical, 48 bits virtual
power management: ts ttp tm hwpstate cpb eff_freq_ro [13] [14]

processor	: 14
vendor_id	: AuthenticAMD
cpu family	: 23
model		: 49
model name	: AMD EPYC 7302P 16-Core Processor
stepping	: 0
microcode	: 0x8301034
cpu MHz		: 3292.151
cache size	: 512 KB
physical id	: 0
siblings	: 16
core id		: 28
cpu cores	: 16
apicid		: 28
initial apicid	: 28
fpu		: yes
fpu_exception	: yes
cpuid level	: 16
wp		: yes
flags		: fpu vme de pse tsc msr pae mce cx8 apic sep mtrr pge mca cmov pat pse36 clflush mmx fxsr sse sse2 ht syscall nx mmxext fxsr_opt pdpe1gb rdtscp lm constant_tsc rep_good nopl xtopology nonstop_tsc cpuid extd_apicid aperfmperf pni pclmulqdq monitor ssse3 fma cx16 sse4_1 sse4_2 movbe popcnt aes xsave avx f16c rdrand lahf_lm cmp_legacy svm extapic cr8_legacy abm sse4a misalignsse 3dnowprefetch osvw ibs skinit wdt tce topoext perfctr_core perfctr_nb bpext perfctr_llc mwaitx cpb cat_l3 cdp_l3 hw_pstate sme ssbd sev ibrs ibpb stibp vmmcall fsgsbase bmi1 avx2 smep bmi2 cqm rdt_a rdseed adx smap clflushopt clwb sha_ni xsaveopt xsavec xgetbv1 xsaves cqm_llc cqm_occup_llc cqm_mbm_total cqm_mbm_local clzero irperf xsaveerptr arat npt lbrv svm_lock nrip_save tsc_scale vmcb_clean flushbyasid decodeassists pausefilter pfthreshold avic v_vmsave_vmload vgif umip rdpid overflow_recov succor smca
bugs		: sysret_ss_attrs spectre_v1 spectre_v2 spec_store_bypass
bogomips	: 5999.88
TLB size	: 3072 4K pages
clflush size	: 64
cache_alignment	: 64
address sizes	: 43 bits physical, 48 bits virtual
power management: ts ttp tm hwpstate cpb eff_freq_ro [13] [14]

processor	: 15
vendor_id	: AuthenticAMD
cpu family	: 23
model		: 49
model name	: AMD EPYC 7302P 16-Core Processor
stepping	: 0
microcode	: 0x8301034
cpu MHz		: 3292.070
cache size	: 512 KB
physical id	: 0
siblings	: 16
core id		: 29
cpu cores	: 16
apicid		: 29
initial apicid	: 29
fpu		: yes
fpu_exception	: yes
cpuid level	: 16
wp		: yes
flags		: fpu vme de pse tsc msr pae mce cx8 apic sep mtrr pge mca cmov pat pse36 clflush mmx fxsr sse sse2 ht syscall nx mmxext fxsr_opt pdpe1gb rdtscp lm constant_tsc rep_good nopl xtopology nonstop_tsc cpuid extd_apicid aperfmperf pni pclmulqdq monitor ssse3 fma cx16 sse4_1 sse4_2 movbe popcnt aes xsave avx f16c rdrand lahf_lm cmp_legacy svm extapic cr8_legacy abm sse4a misalignsse 3dnowprefetch osvw ibs skinit wdt tce topoext perfctr_core perfctr_nb bpext perfctr_llc mwaitx cpb cat_l3 cdp_l3 hw_pstate sme ssbd sev ibrs ibpb stibp vmmcall fsgsbase bmi1 avx2 smep bmi2 cqm rdt_a rdseed adx smap clflushopt clwb sha_ni xsaveopt xsavec xgetbv1 xsaves cqm_llc cqm_occup_llc cqm_mbm_total cqm_mbm_local clzero irperf xsaveerptr arat npt lbrv svm_lock nrip_save tsc_scale vmcb_clean flushbyasid decodeassists pausefilter pfthreshold avic v_vmsave_vmload vgif umip rdpid overflow_recov succor smca
bugs		: sysret_ss_attrs spectre_v1 spectre_v2 spec_store_bypass
bogomips	: 5999.88
TLB size	: 3072 4K pages
clflush size	: 64
cache_alignment	: 64
address sizes	: 43 bits physical, 48 bits virtual
power management: ts ttp tm hwpstate cpb eff_freq_ro [13] [14]



Memory: 4k page, physical 264016004k(1758984k free), swap 268299260k(108119020k free)

vm_info: Java HotSpot(TM) 64-Bit Server VM (25.261-b12) for linux-amd64 JRE (1.8.0_261-b12), built on Jun 17 2020 23:41:40 by "java_re" with gcc 7.3.0

time: Thu Oct 20 11:58:15 2022
timezone: CEST
elapsed time: 0 seconds (0d 0h 0m 0s)

