#
# There is insufficient memory for the Java Runtime Environment to continue.
# Cannot create GC thread. Out of system resources.
# Possible reasons:
#   The system is out of physical RAM or swap space
#   The process is running with CompressedOops enabled, and the Java Heap may be blocking the growth of the native heap
# Possible solutions:
#   Reduce memory load on the system
#   Increase physical memory or swap space
#   Check if swap backing store is full
#   Decrease Java heap size (-Xmx/-Xms)
#   Decrease number of Java threads
#   Decrease Java thread stack sizes (-Xss)
#   Set larger code cache with -XX:ReservedCodeCacheSize=
# This output file may be truncated or incomplete.
#
#  Out of Memory Error (gcTaskThread.cpp:48), pid=26574, tid=0x00007fc9d5e16700
#
# JRE version:  (8.0_261-b12) (build )
# Java VM: Java HotSpot(TM) 64-Bit Server VM (25.261-b12 mixed mode linux-amd64 compressed oops)
# Core dump written. Default location: /home/student/p-ctl-Kalvarez21g/core or core.26574
#

---------------  T H R E A D  ---------------

Current thread (0x00007fc9cc00b000):  JavaThread "Unknown thread" [_thread_in_vm, id=26589, stack(0x00007fc9d5d17000,0x00007fc9d5e17000)]

Stack: [0x00007fc9d5d17000,0x00007fc9d5e17000],  sp=0x00007fc9d5e15740,  free space=1017k
Native frames: (J=compiled Java code, j=interpreted, Vv=VM code, C=native code)
V  [libjvm.so+0xadd805]  VMError::report_and_die()+0x2e5
V  [libjvm.so+0x4e2a47]  report_vm_out_of_memory(char const*, int, unsigned long, VMErrorType, char const*)+0x67
V  [libjvm.so+0x5c652f]  GCTaskThread::GCTaskThread(GCTaskManager*, unsigned int, unsigned int)+0x13f
V  [libjvm.so+0x5c56fd]  GCTaskManager::initialize()+0x36d
V  [libjvm.so+0x9420d2]  ParallelScavengeHeap::initialize()+0x3a2
V  [libjvm.so+0xaa136a]  Universe::initialize_heap()+0x16a
V  [libjvm.so+0xaa1653]  universe_init()+0x33
V  [libjvm.so+0x634cf0]  init_globals()+0x50
V  [libjvm.so+0xa83a5d]  Threads::create_vm(JavaVMInitArgs*, bool*)+0x47d
V  [libjvm.so+0x6dbf6f]  JNI_CreateJavaVM+0x4f
C  [libjli.so+0x7ee4]  JavaMain+0x84
C  [libpthread.so.0+0x76db]  start_thread+0xdb


---------------  P R O C E S S  ---------------

Java Threads: ( => current thread )

Other Threads:

=>0x00007fc9cc00b000 (exited) JavaThread "Unknown thread" [_thread_in_vm, id=26589, stack(0x00007fc9d5d17000,0x00007fc9d5e17000)]

VM state:not at safepoint (not fully initialized)

VM Mutex/Monitor currently owned by a thread: None

heap address: 0x0000000080200000, size: 30718 MB, Compressed Oops mode: Non-zero based:0x00000000801ff000, Oop shift amount: 3
Narrow klass base: 0x0000000000000000, Narrow klass shift: 0

GC Heap History (0 events):
No events

Deoptimization events (0 events):
No events

Classes redefined (0 events):
No events

Internal exceptions (0 events):
No events

Events (0 events):
No events


Dynamic libraries:
80200000-d5780000 rw-p 00000000 00:00 0 
d5780000-580100000 ---p 00000000 00:00 0 
580100000-5aab80000 rw-p 00000000 00:00 0 
5aab80000-800000000 ---p 00000000 00:00 0 
5570d33aa000-5570d33ab000 r-xp 00000000 08:02 34734413                   /usr/lib/jvm/jdk1.8.0_261/jre/bin/java
5570d35aa000-5570d35ab000 r--p 00000000 08:02 34734413                   /usr/lib/jvm/jdk1.8.0_261/jre/bin/java
5570d35ab000-5570d35ac000 rw-p 00001000 08:02 34734413                   /usr/lib/jvm/jdk1.8.0_261/jre/bin/java
5570d47b9000-5570d47da000 rw-p 00000000 00:00 0                          [heap]
7fc9b8c66000-7fc9b8efb000 rw-p 00000000 00:00 0 
7fc9b8efb000-7fc9b8efc000 ---p 00000000 00:00 0 
7fc9b8efc000-7fc9b8ffc000 rw-p 00000000 00:00 0 
7fc9b8ffc000-7fc9b8ffd000 ---p 00000000 00:00 0 
7fc9b8ffd000-7fc9b90fd000 rw-p 00000000 00:00 0 
7fc9b90fd000-7fc9b90fe000 ---p 00000000 00:00 0 
7fc9b90fe000-7fc9b91fe000 rw-p 00000000 00:00 0 
7fc9b91fe000-7fc9b91ff000 ---p 00000000 00:00 0 
7fc9b91ff000-7fc9b92ff000 rw-p 00000000 00:00 0 
7fc9b92ff000-7fc9b9300000 ---p 00000000 00:00 0 
7fc9b9300000-7fc9b96ab000 rw-p 00000000 00:00 0 
7fc9b96ab000-7fc9bbbff000 ---p 00000000 00:00 0 
7fc9bbbff000-7fc9bbd55000 rw-p 00000000 00:00 0 
7fc9bbd55000-7fc9bcfff000 ---p 00000000 00:00 0 
7fc9bcfff000-7fc9bd000000 rw-p 00000000 00:00 0 
7fc9bd000000-7fc9bd270000 rwxp 00000000 00:00 0 
7fc9bd270000-7fc9cc000000 ---p 00000000 00:00 0 
7fc9cc000000-7fc9cc043000 rw-p 00000000 00:00 0 
7fc9cc043000-7fc9d0000000 ---p 00000000 00:00 0 
7fc9d00dc000-7fc9d00dd000 ---p 00000000 00:00 0 
7fc9d00dd000-7fc9d0488000 rw-p 00000000 00:00 0 
7fc9d0488000-7fc9d29dd000 ---p 00000000 00:00 0 
7fc9d29dd000-7fc9d29e7000 rw-p 00000000 00:00 0 
7fc9d29e7000-7fc9d2d9d000 ---p 00000000 00:00 0 
7fc9d2d9d000-7fc9d2db8000 r-xp 00000000 08:02 34734671                   /usr/lib/jvm/jdk1.8.0_261/jre/lib/amd64/libzip.so
7fc9d2db8000-7fc9d2fb7000 ---p 0001b000 08:02 34734671                   /usr/lib/jvm/jdk1.8.0_261/jre/lib/amd64/libzip.so
7fc9d2fb7000-7fc9d2fb8000 r--p 0001a000 08:02 34734671                   /usr/lib/jvm/jdk1.8.0_261/jre/lib/amd64/libzip.so
7fc9d2fb8000-7fc9d2fb9000 rw-p 0001b000 08:02 34734671                   /usr/lib/jvm/jdk1.8.0_261/jre/lib/amd64/libzip.so
7fc9d2fb9000-7fc9d2fc4000 r-xp 00000000 08:02 19923774                   /lib/x86_64-linux-gnu/libnss_files-2.27.so
7fc9d2fc4000-7fc9d31c3000 ---p 0000b000 08:02 19923774                   /lib/x86_64-linux-gnu/libnss_files-2.27.so
7fc9d31c3000-7fc9d31c4000 r--p 0000a000 08:02 19923774                   /lib/x86_64-linux-gnu/libnss_files-2.27.so
7fc9d31c4000-7fc9d31c5000 rw-p 0000b000 08:02 19923774                   /lib/x86_64-linux-gnu/libnss_files-2.27.so
7fc9d31c5000-7fc9d31cb000 rw-p 00000000 00:00 0 
7fc9d31cb000-7fc9d31e2000 r-xp 00000000 08:02 19923768                   /lib/x86_64-linux-gnu/libnsl-2.27.so
7fc9d31e2000-7fc9d33e1000 ---p 00017000 08:02 19923768                   /lib/x86_64-linux-gnu/libnsl-2.27.so
7fc9d33e1000-7fc9d33e2000 r--p 00016000 08:02 19923768                   /lib/x86_64-linux-gnu/libnsl-2.27.so
7fc9d33e2000-7fc9d33e3000 rw-p 00017000 08:02 19923768                   /lib/x86_64-linux-gnu/libnsl-2.27.so
7fc9d33e3000-7fc9d33e5000 rw-p 00000000 00:00 0 
7fc9d33e5000-7fc9d33f0000 r-xp 00000000 08:02 19923778                   /lib/x86_64-linux-gnu/libnss_nis-2.27.so
7fc9d33f0000-7fc9d35ef000 ---p 0000b000 08:02 19923778                   /lib/x86_64-linux-gnu/libnss_nis-2.27.so
7fc9d35ef000-7fc9d35f0000 r--p 0000a000 08:02 19923778                   /lib/x86_64-linux-gnu/libnss_nis-2.27.so
7fc9d35f0000-7fc9d35f1000 rw-p 0000b000 08:02 19923778                   /lib/x86_64-linux-gnu/libnss_nis-2.27.so
7fc9d35f1000-7fc9d35f9000 r-xp 00000000 08:02 19923770                   /lib/x86_64-linux-gnu/libnss_compat-2.27.so
7fc9d35f9000-7fc9d37f9000 ---p 00008000 08:02 19923770                   /lib/x86_64-linux-gnu/libnss_compat-2.27.so
7fc9d37f9000-7fc9d37fa000 r--p 00008000 08:02 19923770                   /lib/x86_64-linux-gnu/libnss_compat-2.27.so
7fc9d37fa000-7fc9d37fb000 rw-p 00009000 08:02 19923770                   /lib/x86_64-linux-gnu/libnss_compat-2.27.so
7fc9d37fb000-7fc9d3827000 r-xp 00000000 08:02 34734602                   /usr/lib/jvm/jdk1.8.0_261/jre/lib/amd64/libjava.so
7fc9d3827000-7fc9d3a27000 ---p 0002c000 08:02 34734602                   /usr/lib/jvm/jdk1.8.0_261/jre/lib/amd64/libjava.so
7fc9d3a27000-7fc9d3a28000 r--p 0002c000 08:02 34734602                   /usr/lib/jvm/jdk1.8.0_261/jre/lib/amd64/libjava.so
7fc9d3a28000-7fc9d3a2a000 rw-p 0002d000 08:02 34734602                   /usr/lib/jvm/jdk1.8.0_261/jre/lib/amd64/libjava.so
7fc9d3a2a000-7fc9d3a37000 r-xp 00000000 08:02 34734669                   /usr/lib/jvm/jdk1.8.0_261/jre/lib/amd64/libverify.so
7fc9d3a37000-7fc9d3c36000 ---p 0000d000 08:02 34734669                   /usr/lib/jvm/jdk1.8.0_261/jre/lib/amd64/libverify.so
7fc9d3c36000-7fc9d3c38000 r--p 0000c000 08:02 34734669                   /usr/lib/jvm/jdk1.8.0_261/jre/lib/amd64/libverify.so
7fc9d3c38000-7fc9d3c39000 rw-p 0000e000 08:02 34734669                   /usr/lib/jvm/jdk1.8.0_261/jre/lib/amd64/libverify.so
7fc9d3c39000-7fc9d3c40000 r-xp 00000000 08:02 19923797                   /lib/x86_64-linux-gnu/librt-2.27.so
7fc9d3c40000-7fc9d3e3f000 ---p 00007000 08:02 19923797                   /lib/x86_64-linux-gnu/librt-2.27.so
7fc9d3e3f000-7fc9d3e40000 r--p 00006000 08:02 19923797                   /lib/x86_64-linux-gnu/librt-2.27.so
7fc9d3e40000-7fc9d3e41000 rw-p 00007000 08:02 19923797                   /lib/x86_64-linux-gnu/librt-2.27.so
7fc9d3e41000-7fc9d3fde000 r-xp 00000000 08:02 19923757                   /lib/x86_64-linux-gnu/libm-2.27.so
7fc9d3fde000-7fc9d41dd000 ---p 0019d000 08:02 19923757                   /lib/x86_64-linux-gnu/libm-2.27.so
7fc9d41dd000-7fc9d41de000 r--p 0019c000 08:02 19923757                   /lib/x86_64-linux-gnu/libm-2.27.so
7fc9d41de000-7fc9d41df000 rw-p 0019d000 08:02 19923757                   /lib/x86_64-linux-gnu/libm-2.27.so
7fc9d41df000-7fc9d4ed3000 r-xp 00000000 08:02 34734679                   /usr/lib/jvm/jdk1.8.0_261/jre/lib/amd64/server/libjvm.so
7fc9d4ed3000-7fc9d50d2000 ---p 00cf4000 08:02 34734679                   /usr/lib/jvm/jdk1.8.0_261/jre/lib/amd64/server/libjvm.so
7fc9d50d2000-7fc9d5168000 r--p 00cf3000 08:02 34734679                   /usr/lib/jvm/jdk1.8.0_261/jre/lib/amd64/server/libjvm.so
7fc9d5168000-7fc9d5199000 rw-p 00d89000 08:02 34734679                   /usr/lib/jvm/jdk1.8.0_261/jre/lib/amd64/server/libjvm.so
7fc9d5199000-7fc9d51d4000 rw-p 00000000 00:00 0 
7fc9d51d4000-7fc9d53bb000 r-xp 00000000 08:02 19923732                   /lib/x86_64-linux-gnu/libc-2.27.so
7fc9d53bb000-7fc9d55bb000 ---p 001e7000 08:02 19923732                   /lib/x86_64-linux-gnu/libc-2.27.so
7fc9d55bb000-7fc9d55bf000 r--p 001e7000 08:02 19923732                   /lib/x86_64-linux-gnu/libc-2.27.so
7fc9d55bf000-7fc9d55c1000 rw-p 001eb000 08:02 19923732                   /lib/x86_64-linux-gnu/libc-2.27.so
7fc9d55c1000-7fc9d55c5000 rw-p 00000000 00:00 0 
7fc9d55c5000-7fc9d55c8000 r-xp 00000000 08:02 19923742                   /lib/x86_64-linux-gnu/libdl-2.27.so
7fc9d55c8000-7fc9d57c7000 ---p 00003000 08:02 19923742                   /lib/x86_64-linux-gnu/libdl-2.27.so
7fc9d57c7000-7fc9d57c8000 r--p 00002000 08:02 19923742                   /lib/x86_64-linux-gnu/libdl-2.27.so
7fc9d57c8000-7fc9d57c9000 rw-p 00003000 08:02 19923742                   /lib/x86_64-linux-gnu/libdl-2.27.so
7fc9d57c9000-7fc9d57e0000 r-xp 00000000 08:02 34734538                   /usr/lib/jvm/jdk1.8.0_261/jre/lib/amd64/jli/libjli.so
7fc9d57e0000-7fc9d59df000 ---p 00017000 08:02 34734538                   /usr/lib/jvm/jdk1.8.0_261/jre/lib/amd64/jli/libjli.so
7fc9d59df000-7fc9d59e0000 r--p 00016000 08:02 34734538                   /usr/lib/jvm/jdk1.8.0_261/jre/lib/amd64/jli/libjli.so
7fc9d59e0000-7fc9d59e1000 rw-p 00017000 08:02 34734538                   /usr/lib/jvm/jdk1.8.0_261/jre/lib/amd64/jli/libjli.so
7fc9d59e1000-7fc9d59fb000 r-xp 00000000 08:02 19923793                   /lib/x86_64-linux-gnu/libpthread-2.27.so
7fc9d59fb000-7fc9d5bfa000 ---p 0001a000 08:02 19923793                   /lib/x86_64-linux-gnu/libpthread-2.27.so
7fc9d5bfa000-7fc9d5bfb000 r--p 00019000 08:02 19923793                   /lib/x86_64-linux-gnu/libpthread-2.27.so
7fc9d5bfb000-7fc9d5bfc000 rw-p 0001a000 08:02 19923793                   /lib/x86_64-linux-gnu/libpthread-2.27.so
7fc9d5bfc000-7fc9d5c00000 rw-p 00000000 00:00 0 
7fc9d5c00000-7fc9d5c27000 r-xp 00000000 08:02 19923714                   /lib/x86_64-linux-gnu/ld-2.27.so
7fc9d5d16000-7fc9d5d17000 ---p 00000000 00:00 0 
7fc9d5d17000-7fc9d5d1a000 ---p 00000000 00:00 0 
7fc9d5d1a000-7fc9d5e1b000 rw-p 00000000 00:00 0 
7fc9d5e1d000-7fc9d5e25000 rw-s 00000000 08:02 35284472                   /tmp/hsperfdata_student/26574
7fc9d5e25000-7fc9d5e26000 rw-p 00000000 00:00 0 
7fc9d5e26000-7fc9d5e27000 r--p 00000000 00:00 0 
7fc9d5e27000-7fc9d5e28000 r--p 00027000 08:02 19923714                   /lib/x86_64-linux-gnu/ld-2.27.so
7fc9d5e28000-7fc9d5e29000 rw-p 00028000 08:02 19923714                   /lib/x86_64-linux-gnu/ld-2.27.so
7fc9d5e29000-7fc9d5e2a000 rw-p 00000000 00:00 0 
7ffeef5db000-7ffeef5fc000 rw-p 00000000 00:00 0                          [stack]
7ffeef7c1000-7ffeef7c4000 r--p 00000000 00:00 0                          [vvar]
7ffeef7c4000-7ffeef7c6000 r-xp 00000000 00:00 0                          [vdso]

VM Arguments:
jvm_args: -Dant.home=/opt/ant -Dant.library.dir=/opt/ant/lib 
java_command: org.apache.tools.ant.launch.Launcher -cp 
java_class_path (initial): /opt/ant/lib/ant-launcher.jar
Launcher Type: SUN_STANDARD

Environment Variables:
JAVA_HOME=/usr/lib/jvm/jdk1.8.0_261
PATH=/usr/local/sbin:/usr/local/bin:/usr/sbin:/usr/bin:/sbin:/bin:/bin:/home/student/bluej:/usr/lib/jvm/jdk1.8.0_261/bin:/opt/ant/bin
DISPLAY=:1.0

Signal Handlers:
SIGSEGV: [libjvm.so+0xade140], sa_mask[0]=11111111011111111101111111111110, sa_flags=SA_RESTART|SA_SIGINFO
SIGBUS: [libjvm.so+0xade140], sa_mask[0]=11111111011111111101111111111110, sa_flags=SA_RESTART|SA_SIGINFO
SIGFPE: [libjvm.so+0x912c70], sa_mask[0]=11111111011111111101111111111110, sa_flags=SA_RESTART|SA_SIGINFO
SIGPIPE: [libjvm.so+0x912c70], sa_mask[0]=11111111011111111101111111111110, sa_flags=SA_RESTART|SA_SIGINFO
SIGXFSZ: [libjvm.so+0x912c70], sa_mask[0]=11111111011111111101111111111110, sa_flags=SA_RESTART|SA_SIGINFO
SIGILL: [libjvm.so+0x912c70], sa_mask[0]=11111111011111111101111111111110, sa_flags=SA_RESTART|SA_SIGINFO
SIGUSR1: SIG_DFL, sa_mask[0]=00000000000000000000000000000000, sa_flags=none
SIGUSR2: [libjvm.so+0x912b40], sa_mask[0]=00000000000000000000000000000000, sa_flags=SA_RESTART|SA_SIGINFO
SIGHUP: SIG_DFL, sa_mask[0]=00000000000000000000000000000000, sa_flags=none
SIGINT: SIG_DFL, sa_mask[0]=00000000000000000000000000000000, sa_flags=none
SIGTERM: SIG_DFL, sa_mask[0]=00000000000000000000000000000000, sa_flags=none
SIGQUIT: SIG_DFL, sa_mask[0]=00000000000000000000000000000000, sa_flags=none


---------------  S Y S T E M  ---------------

OS:DISTRIB_ID=Ubuntu
DISTRIB_RELEASE=18.04
DISTRIB_CODENAME=bionic
DISTRIB_DESCRIPTION="Ubuntu 18.04.4 LTS"

uname:Linux 4.19.0-9-amd64 #1 SMP Debian 4.19.118-2+deb10u1 (2020-06-07) x86_64
libc:glibc 2.27 NPTL 2.27 
rlimit: STACK 8192k, CORE infinity, NPROC infinity, NOFILE 1048576, AS infinity
load average:60.83 56.77 55.44

/proc/meminfo:
MemTotal:       264016004 kB
MemFree:         1305976 kB
MemAvailable:   28272972 kB
Buffers:          773372 kB
Cached:          3477292 kB
SwapCached:       178584 kB
Active:         26851388 kB
Inactive:       14912244 kB
Active(anon):   24807676 kB
Inactive(anon): 13843120 kB
Active(file):    2043712 kB
Inactive(file):  1069124 kB
Unevictable:           0 kB
Mlocked:               0 kB
SwapTotal:      268299260 kB
SwapFree:       107853316 kB
Dirty:               812 kB
Writeback:           488 kB
AnonPages:      37248756 kB
Mapped:          2723028 kB
Shmem:           1194328 kB
Slab:           187381796 kB
SReclaimable:   26147820 kB
SUnreclaim:     161233976 kB
KernelStack:      520416 kB
PageTables:      2225628 kB
NFS_Unstable:          0 kB
Bounce:                0 kB
WritebackTmp:          0 kB
CommitLimit:    400307260 kB
Committed_AS:   457065716 kB
VmallocTotal:   34359738367 kB
VmallocUsed:           0 kB
VmallocChunk:          0 kB
Percpu:         28780352 kB
HardwareCorrupted:     0 kB
AnonHugePages:   8617984 kB
ShmemHugePages:        0 kB
ShmemPmdMapped:        0 kB
HugePages_Total:       0
HugePages_Free:        0
HugePages_Rsvd:        0
HugePages_Surp:        0
Hugepagesize:       2048 kB
Hugetlb:               0 kB
DirectMap4k:    205816136 kB
DirectMap2M:    59338752 kB
DirectMap1G:     3145728 kB

container (cgroup) information:
container_type: cgroupv1
cpu_cpuset_cpus: 0-15
cpu_memory_nodes: 0
active_processor_count: 16
cpu_quota: -1
cpu_period: 100000
cpu_shares: -1
memory_limit_in_bytes: -1
memory_and_swap_limit_in_bytes: -2
memory_soft_limit_in_bytes: -1
memory_usage_in_bytes: 737476608
memory_max_usage_in_bytes: 2961637376


CPU:total 16 (initial active 16) (16 cores per cpu, 1 threads per core) family 23 model 49 stepping 0, cmov, cx8, fxsr, mmx, sse, sse2, sse3, ssse3, sse4.1, sse4.2, popcnt, avx, avx2, aes, clmul, mmxext, 3dnowpref, lzcnt, sse4a, tsc, tscinvbit, tscinv, bmi1

/proc/cpuinfo:
processor	: 0
vendor_id	: AuthenticAMD
cpu family	: 23
model		: 49
model name	: AMD EPYC 7302P 16-Core Processor
stepping	: 0
microcode	: 0x8301034
cpu MHz		: 3299.787
cache size	: 512 KB
physical id	: 0
siblings	: 16
core id		: 0
cpu cores	: 16
apicid		: 0
initial apicid	: 0
fpu		: yes
fpu_exception	: yes
cpuid level	: 16
wp		: yes
flags		: fpu vme de pse tsc msr pae mce cx8 apic sep mtrr pge mca cmov pat pse36 clflush mmx fxsr sse sse2 ht syscall nx mmxext fxsr_opt pdpe1gb rdtscp lm constant_tsc rep_good nopl xtopology nonstop_tsc cpuid extd_apicid aperfmperf pni pclmulqdq monitor ssse3 fma cx16 sse4_1 sse4_2 movbe popcnt aes xsave avx f16c rdrand lahf_lm cmp_legacy svm extapic cr8_legacy abm sse4a misalignsse 3dnowprefetch osvw ibs skinit wdt tce topoext perfctr_core perfctr_nb bpext perfctr_llc mwaitx cpb cat_l3 cdp_l3 hw_pstate sme ssbd sev ibrs ibpb stibp vmmcall fsgsbase bmi1 avx2 smep bmi2 cqm rdt_a rdseed adx smap clflushopt clwb sha_ni xsaveopt xsavec xgetbv1 xsaves cqm_llc cqm_occup_llc cqm_mbm_total cqm_mbm_local clzero irperf xsaveerptr arat npt lbrv svm_lock nrip_save tsc_scale vmcb_clean flushbyasid decodeassists pausefilter pfthreshold avic v_vmsave_vmload vgif umip rdpid overflow_recov succor smca
bugs		: sysret_ss_attrs spectre_v1 spectre_v2 spec_store_bypass
bogomips	: 5999.88
TLB size	: 3072 4K pages
clflush size	: 64
cache_alignment	: 64
address sizes	: 43 bits physical, 48 bits virtual
power management: ts ttp tm hwpstate cpb eff_freq_ro [13] [14]

processor	: 1
vendor_id	: AuthenticAMD
cpu family	: 23
model		: 49
model name	: AMD EPYC 7302P 16-Core Processor
stepping	: 0
microcode	: 0x8301034
cpu MHz		: 3299.941
cache size	: 512 KB
physical id	: 0
siblings	: 16
core id		: 1
cpu cores	: 16
apicid		: 1
initial apicid	: 1
fpu		: yes
fpu_exception	: yes
cpuid level	: 16
wp		: yes
flags		: fpu vme de pse tsc msr pae mce cx8 apic sep mtrr pge mca cmov pat pse36 clflush mmx fxsr sse sse2 ht syscall nx mmxext fxsr_opt pdpe1gb rdtscp lm constant_tsc rep_good nopl xtopology nonstop_tsc cpuid extd_apicid aperfmperf pni pclmulqdq monitor ssse3 fma cx16 sse4_1 sse4_2 movbe popcnt aes xsave avx f16c rdrand lahf_lm cmp_legacy svm extapic cr8_legacy abm sse4a misalignsse 3dnowprefetch osvw ibs skinit wdt tce topoext perfctr_core perfctr_nb bpext perfctr_llc mwaitx cpb cat_l3 cdp_l3 hw_pstate sme ssbd sev ibrs ibpb stibp vmmcall fsgsbase bmi1 avx2 smep bmi2 cqm rdt_a rdseed adx smap clflushopt clwb sha_ni xsaveopt xsavec xgetbv1 xsaves cqm_llc cqm_occup_llc cqm_mbm_total cqm_mbm_local clzero irperf xsaveerptr arat npt lbrv svm_lock nrip_save tsc_scale vmcb_clean flushbyasid decodeassists pausefilter pfthreshold avic v_vmsave_vmload vgif umip rdpid overflow_recov succor smca
bugs		: sysret_ss_attrs spectre_v1 spectre_v2 spec_store_bypass
bogomips	: 5999.88
TLB size	: 3072 4K pages
clflush size	: 64
cache_alignment	: 64
address sizes	: 43 bits physical, 48 bits virtual
power management: ts ttp tm hwpstate cpb eff_freq_ro [13] [14]

processor	: 2
vendor_id	: AuthenticAMD
cpu family	: 23
model		: 49
model name	: AMD EPYC 7302P 16-Core Processor
stepping	: 0
microcode	: 0x8301034
cpu MHz		: 3293.141
cache size	: 512 KB
physical id	: 0
siblings	: 16
core id		: 4
cpu cores	: 16
apicid		: 4
initial apicid	: 4
fpu		: yes
fpu_exception	: yes
cpuid level	: 16
wp		: yes
flags		: fpu vme de pse tsc msr pae mce cx8 apic sep mtrr pge mca cmov pat pse36 clflush mmx fxsr sse sse2 ht syscall nx mmxext fxsr_opt pdpe1gb rdtscp lm constant_tsc rep_good nopl xtopology nonstop_tsc cpuid extd_apicid aperfmperf pni pclmulqdq monitor ssse3 fma cx16 sse4_1 sse4_2 movbe popcnt aes xsave avx f16c rdrand lahf_lm cmp_legacy svm extapic cr8_legacy abm sse4a misalignsse 3dnowprefetch osvw ibs skinit wdt tce topoext perfctr_core perfctr_nb bpext perfctr_llc mwaitx cpb cat_l3 cdp_l3 hw_pstate sme ssbd sev ibrs ibpb stibp vmmcall fsgsbase bmi1 avx2 smep bmi2 cqm rdt_a rdseed adx smap clflushopt clwb sha_ni xsaveopt xsavec xgetbv1 xsaves cqm_llc cqm_occup_llc cqm_mbm_total cqm_mbm_local clzero irperf xsaveerptr arat npt lbrv svm_lock nrip_save tsc_scale vmcb_clean flushbyasid decodeassists pausefilter pfthreshold avic v_vmsave_vmload vgif umip rdpid overflow_recov succor smca
bugs		: sysret_ss_attrs spectre_v1 spectre_v2 spec_store_bypass
bogomips	: 5999.88
TLB size	: 3072 4K pages
clflush size	: 64
cache_alignment	: 64
address sizes	: 43 bits physical, 48 bits virtual
power management: ts ttp tm hwpstate cpb eff_freq_ro [13] [14]

processor	: 3
vendor_id	: AuthenticAMD
cpu family	: 23
model		: 49
model name	: AMD EPYC 7302P 16-Core Processor
stepping	: 0
microcode	: 0x8301034
cpu MHz		: 3293.867
cache size	: 512 KB
physical id	: 0
siblings	: 16
core id		: 5
cpu cores	: 16
apicid		: 5
initial apicid	: 5
fpu		: yes
fpu_exception	: yes
cpuid level	: 16
wp		: yes
flags		: fpu vme de pse tsc msr pae mce cx8 apic sep mtrr pge mca cmov pat pse36 clflush mmx fxsr sse sse2 ht syscall nx mmxext fxsr_opt pdpe1gb rdtscp lm constant_tsc rep_good nopl xtopology nonstop_tsc cpuid extd_apicid aperfmperf pni pclmulqdq monitor ssse3 fma cx16 sse4_1 sse4_2 movbe popcnt aes xsave avx f16c rdrand lahf_lm cmp_legacy svm extapic cr8_legacy abm sse4a misalignsse 3dnowprefetch osvw ibs skinit wdt tce topoext perfctr_core perfctr_nb bpext perfctr_llc mwaitx cpb cat_l3 cdp_l3 hw_pstate sme ssbd sev ibrs ibpb stibp vmmcall fsgsbase bmi1 avx2 smep bmi2 cqm rdt_a rdseed adx smap clflushopt clwb sha_ni xsaveopt xsavec xgetbv1 xsaves cqm_llc cqm_occup_llc cqm_mbm_total cqm_mbm_local clzero irperf xsaveerptr arat npt lbrv svm_lock nrip_save tsc_scale vmcb_clean flushbyasid decodeassists pausefilter pfthreshold avic v_vmsave_vmload vgif umip rdpid overflow_recov succor smca
bugs		: sysret_ss_attrs spectre_v1 spectre_v2 spec_store_bypass
bogomips	: 5999.88
TLB size	: 3072 4K pages
clflush size	: 64
cache_alignment	: 64
address sizes	: 43 bits physical, 48 bits virtual
power management: ts ttp tm hwpstate cpb eff_freq_ro [13] [14]

processor	: 4
vendor_id	: AuthenticAMD
cpu family	: 23
model		: 49
model name	: AMD EPYC 7302P 16-Core Processor
stepping	: 0
microcode	: 0x8301034
cpu MHz		: 3294.890
cache size	: 512 KB
physical id	: 0
siblings	: 16
core id		: 8
cpu cores	: 16
apicid		: 8
initial apicid	: 8
fpu		: yes
fpu_exception	: yes
cpuid level	: 16
wp		: yes
flags		: fpu vme de pse tsc msr pae mce cx8 apic sep mtrr pge mca cmov pat pse36 clflush mmx fxsr sse sse2 ht syscall nx mmxext fxsr_opt pdpe1gb rdtscp lm constant_tsc rep_good nopl xtopology nonstop_tsc cpuid extd_apicid aperfmperf pni pclmulqdq monitor ssse3 fma cx16 sse4_1 sse4_2 movbe popcnt aes xsave avx f16c rdrand lahf_lm cmp_legacy svm extapic cr8_legacy abm sse4a misalignsse 3dnowprefetch osvw ibs skinit wdt tce topoext perfctr_core perfctr_nb bpext perfctr_llc mwaitx cpb cat_l3 cdp_l3 hw_pstate sme ssbd sev ibrs ibpb stibp vmmcall fsgsbase bmi1 avx2 smep bmi2 cqm rdt_a rdseed adx smap clflushopt clwb sha_ni xsaveopt xsavec xgetbv1 xsaves cqm_llc cqm_occup_llc cqm_mbm_total cqm_mbm_local clzero irperf xsaveerptr arat npt lbrv svm_lock nrip_save tsc_scale vmcb_clean flushbyasid decodeassists pausefilter pfthreshold avic v_vmsave_vmload vgif umip rdpid overflow_recov succor smca
bugs		: sysret_ss_attrs spectre_v1 spectre_v2 spec_store_bypass
bogomips	: 5999.88
TLB size	: 3072 4K pages
clflush size	: 64
cache_alignment	: 64
address sizes	: 43 bits physical, 48 bits virtual
power management: ts ttp tm hwpstate cpb eff_freq_ro [13] [14]

processor	: 5
vendor_id	: AuthenticAMD
cpu family	: 23
model		: 49
model name	: AMD EPYC 7302P 16-Core Processor
stepping	: 0
microcode	: 0x8301034
cpu MHz		: 3294.867
cache size	: 512 KB
physical id	: 0
siblings	: 16
core id		: 9
cpu cores	: 16
apicid		: 9
initial apicid	: 9
fpu		: yes
fpu_exception	: yes
cpuid level	: 16
wp		: yes
flags		: fpu vme de pse tsc msr pae mce cx8 apic sep mtrr pge mca cmov pat pse36 clflush mmx fxsr sse sse2 ht syscall nx mmxext fxsr_opt pdpe1gb rdtscp lm constant_tsc rep_good nopl xtopology nonstop_tsc cpuid extd_apicid aperfmperf pni pclmulqdq monitor ssse3 fma cx16 sse4_1 sse4_2 movbe popcnt aes xsave avx f16c rdrand lahf_lm cmp_legacy svm extapic cr8_legacy abm sse4a misalignsse 3dnowprefetch osvw ibs skinit wdt tce topoext perfctr_core perfctr_nb bpext perfctr_llc mwaitx cpb cat_l3 cdp_l3 hw_pstate sme ssbd sev ibrs ibpb stibp vmmcall fsgsbase bmi1 avx2 smep bmi2 cqm rdt_a rdseed adx smap clflushopt clwb sha_ni xsaveopt xsavec xgetbv1 xsaves cqm_llc cqm_occup_llc cqm_mbm_total cqm_mbm_local clzero irperf xsaveerptr arat npt lbrv svm_lock nrip_save tsc_scale vmcb_clean flushbyasid decodeassists pausefilter pfthreshold avic v_vmsave_vmload vgif umip rdpid overflow_recov succor smca
bugs		: sysret_ss_attrs spectre_v1 spectre_v2 spec_store_bypass
bogomips	: 5999.88
TLB size	: 3072 4K pages
clflush size	: 64
cache_alignment	: 64
address sizes	: 43 bits physical, 48 bits virtual
power management: ts ttp tm hwpstate cpb eff_freq_ro [13] [14]

processor	: 6
vendor_id	: AuthenticAMD
cpu family	: 23
model		: 49
model name	: AMD EPYC 7302P 16-Core Processor
stepping	: 0
microcode	: 0x8301034
cpu MHz		: 3298.188
cache size	: 512 KB
physical id	: 0
siblings	: 16
core id		: 12
cpu cores	: 16
apicid		: 12
initial apicid	: 12
fpu		: yes
fpu_exception	: yes
cpuid level	: 16
wp		: yes
flags		: fpu vme de pse tsc msr pae mce cx8 apic sep mtrr pge mca cmov pat pse36 clflush mmx fxsr sse sse2 ht syscall nx mmxext fxsr_opt pdpe1gb rdtscp lm constant_tsc rep_good nopl xtopology nonstop_tsc cpuid extd_apicid aperfmperf pni pclmulqdq monitor ssse3 fma cx16 sse4_1 sse4_2 movbe popcnt aes xsave avx f16c rdrand lahf_lm cmp_legacy svm extapic cr8_legacy abm sse4a misalignsse 3dnowprefetch osvw ibs skinit wdt tce topoext perfctr_core perfctr_nb bpext perfctr_llc mwaitx cpb cat_l3 cdp_l3 hw_pstate sme ssbd sev ibrs ibpb stibp vmmcall fsgsbase bmi1 avx2 smep bmi2 cqm rdt_a rdseed adx smap clflushopt clwb sha_ni xsaveopt xsavec xgetbv1 xsaves cqm_llc cqm_occup_llc cqm_mbm_total cqm_mbm_local clzero irperf xsaveerptr arat npt lbrv svm_lock nrip_save tsc_scale vmcb_clean flushbyasid decodeassists pausefilter pfthreshold avic v_vmsave_vmload vgif umip rdpid overflow_recov succor smca
bugs		: sysret_ss_attrs spectre_v1 spectre_v2 spec_store_bypass
bogomips	: 5999.88
TLB size	: 3072 4K pages
clflush size	: 64
cache_alignment	: 64
address sizes	: 43 bits physical, 48 bits virtual
power management: ts ttp tm hwpstate cpb eff_freq_ro [13] [14]

processor	: 7
vendor_id	: AuthenticAMD
cpu family	: 23
model		: 49
model name	: AMD EPYC 7302P 16-Core Processor
stepping	: 0
microcode	: 0x8301034
cpu MHz		: 3298.167
cache size	: 512 KB
physical id	: 0
siblings	: 16
core id		: 13
cpu cores	: 16
apicid		: 13
initial apicid	: 13
fpu		: yes
fpu_exception	: yes
cpuid level	: 16
wp		: yes
flags		: fpu vme de pse tsc msr pae mce cx8 apic sep mtrr pge mca cmov pat pse36 clflush mmx fxsr sse sse2 ht syscall nx mmxext fxsr_opt pdpe1gb rdtscp lm constant_tsc rep_good nopl xtopology nonstop_tsc cpuid extd_apicid aperfmperf pni pclmulqdq monitor ssse3 fma cx16 sse4_1 sse4_2 movbe popcnt aes xsave avx f16c rdrand lahf_lm cmp_legacy svm extapic cr8_legacy abm sse4a misalignsse 3dnowprefetch osvw ibs skinit wdt tce topoext perfctr_core perfctr_nb bpext perfctr_llc mwaitx cpb cat_l3 cdp_l3 hw_pstate sme ssbd sev ibrs ibpb stibp vmmcall fsgsbase bmi1 avx2 smep bmi2 cqm rdt_a rdseed adx smap clflushopt clwb sha_ni xsaveopt xsavec xgetbv1 xsaves cqm_llc cqm_occup_llc cqm_mbm_total cqm_mbm_local clzero irperf xsaveerptr arat npt lbrv svm_lock nrip_save tsc_scale vmcb_clean flushbyasid decodeassists pausefilter pfthreshold avic v_vmsave_vmload vgif umip rdpid overflow_recov succor smca
bugs		: sysret_ss_attrs spectre_v1 spectre_v2 spec_store_bypass
bogomips	: 5999.88
TLB size	: 3072 4K pages
clflush size	: 64
cache_alignment	: 64
address sizes	: 43 bits physical, 48 bits virtual
power management: ts ttp tm hwpstate cpb eff_freq_ro [13] [14]

processor	: 8
vendor_id	: AuthenticAMD
cpu family	: 23
model		: 49
model name	: AMD EPYC 7302P 16-Core Processor
stepping	: 0
microcode	: 0x8301034
cpu MHz		: 3296.280
cache size	: 512 KB
physical id	: 0
siblings	: 16
core id		: 16
cpu cores	: 16
apicid		: 16
initial apicid	: 16
fpu		: yes
fpu_exception	: yes
cpuid level	: 16
wp		: yes
flags		: fpu vme de pse tsc msr pae mce cx8 apic sep mtrr pge mca cmov pat pse36 clflush mmx fxsr sse sse2 ht syscall nx mmxext fxsr_opt pdpe1gb rdtscp lm constant_tsc rep_good nopl xtopology nonstop_tsc cpuid extd_apicid aperfmperf pni pclmulqdq monitor ssse3 fma cx16 sse4_1 sse4_2 movbe popcnt aes xsave avx f16c rdrand lahf_lm cmp_legacy svm extapic cr8_legacy abm sse4a misalignsse 3dnowprefetch osvw ibs skinit wdt tce topoext perfctr_core perfctr_nb bpext perfctr_llc mwaitx cpb cat_l3 cdp_l3 hw_pstate sme ssbd sev ibrs ibpb stibp vmmcall fsgsbase bmi1 avx2 smep bmi2 cqm rdt_a rdseed adx smap clflushopt clwb sha_ni xsaveopt xsavec xgetbv1 xsaves cqm_llc cqm_occup_llc cqm_mbm_total cqm_mbm_local clzero irperf xsaveerptr arat npt lbrv svm_lock nrip_save tsc_scale vmcb_clean flushbyasid decodeassists pausefilter pfthreshold avic v_vmsave_vmload vgif umip rdpid overflow_recov succor smca
bugs		: sysret_ss_attrs spectre_v1 spectre_v2 spec_store_bypass
bogomips	: 5999.88
TLB size	: 3072 4K pages
clflush size	: 64
cache_alignment	: 64
address sizes	: 43 bits physical, 48 bits virtual
power management: ts ttp tm hwpstate cpb eff_freq_ro [13] [14]

processor	: 9
vendor_id	: AuthenticAMD
cpu family	: 23
model		: 49
model name	: AMD EPYC 7302P 16-Core Processor
stepping	: 0
microcode	: 0x8301034
cpu MHz		: 3296.428
cache size	: 512 KB
physical id	: 0
siblings	: 16
core id		: 17
cpu cores	: 16
apicid		: 17
initial apicid	: 17
fpu		: yes
fpu_exception	: yes
cpuid level	: 16
wp		: yes
flags		: fpu vme de pse tsc msr pae mce cx8 apic sep mtrr pge mca cmov pat pse36 clflush mmx fxsr sse sse2 ht syscall nx mmxext fxsr_opt pdpe1gb rdtscp lm constant_tsc rep_good nopl xtopology nonstop_tsc cpuid extd_apicid aperfmperf pni pclmulqdq monitor ssse3 fma cx16 sse4_1 sse4_2 movbe popcnt aes xsave avx f16c rdrand lahf_lm cmp_legacy svm extapic cr8_legacy abm sse4a misalignsse 3dnowprefetch osvw ibs skinit wdt tce topoext perfctr_core perfctr_nb bpext perfctr_llc mwaitx cpb cat_l3 cdp_l3 hw_pstate sme ssbd sev ibrs ibpb stibp vmmcall fsgsbase bmi1 avx2 smep bmi2 cqm rdt_a rdseed adx smap clflushopt clwb sha_ni xsaveopt xsavec xgetbv1 xsaves cqm_llc cqm_occup_llc cqm_mbm_total cqm_mbm_local clzero irperf xsaveerptr arat npt lbrv svm_lock nrip_save tsc_scale vmcb_clean flushbyasid decodeassists pausefilter pfthreshold avic v_vmsave_vmload vgif umip rdpid overflow_recov succor smca
bugs		: sysret_ss_attrs spectre_v1 spectre_v2 spec_store_bypass
bogomips	: 5999.88
TLB size	: 3072 4K pages
clflush size	: 64
cache_alignment	: 64
address sizes	: 43 bits physical, 48 bits virtual
power management: ts ttp tm hwpstate cpb eff_freq_ro [13] [14]

processor	: 10
vendor_id	: AuthenticAMD
cpu family	: 23
model		: 49
model name	: AMD EPYC 7302P 16-Core Processor
stepping	: 0
microcode	: 0x8301034
cpu MHz		: 3294.862
cache size	: 512 KB
physical id	: 0
siblings	: 16
core id		: 20
cpu cores	: 16
apicid		: 20
initial apicid	: 20
fpu		: yes
fpu_exception	: yes
cpuid level	: 16
wp		: yes
flags		: fpu vme de pse tsc msr pae mce cx8 apic sep mtrr pge mca cmov pat pse36 clflush mmx fxsr sse sse2 ht syscall nx mmxext fxsr_opt pdpe1gb rdtscp lm constant_tsc rep_good nopl xtopology nonstop_tsc cpuid extd_apicid aperfmperf pni pclmulqdq monitor ssse3 fma cx16 sse4_1 sse4_2 movbe popcnt aes xsave avx f16c rdrand lahf_lm cmp_legacy svm extapic cr8_legacy abm sse4a misalignsse 3dnowprefetch osvw ibs skinit wdt tce topoext perfctr_core perfctr_nb bpext perfctr_llc mwaitx cpb cat_l3 cdp_l3 hw_pstate sme ssbd sev ibrs ibpb stibp vmmcall fsgsbase bmi1 avx2 smep bmi2 cqm rdt_a rdseed adx smap clflushopt clwb sha_ni xsaveopt xsavec xgetbv1 xsaves cqm_llc cqm_occup_llc cqm_mbm_total cqm_mbm_local clzero irperf xsaveerptr arat npt lbrv svm_lock nrip_save tsc_scale vmcb_clean flushbyasid decodeassists pausefilter pfthreshold avic v_vmsave_vmload vgif umip rdpid overflow_recov succor smca
bugs		: sysret_ss_attrs spectre_v1 spectre_v2 spec_store_bypass
bogomips	: 5999.88
TLB size	: 3072 4K pages
clflush size	: 64
cache_alignment	: 64
address sizes	: 43 bits physical, 48 bits virtual
power management: ts ttp tm hwpstate cpb eff_freq_ro [13] [14]

processor	: 11
vendor_id	: AuthenticAMD
cpu family	: 23
model		: 49
model name	: AMD EPYC 7302P 16-Core Processor
stepping	: 0
microcode	: 0x8301034
cpu MHz		: 3294.766
cache size	: 512 KB
physical id	: 0
siblings	: 16
core id		: 21
cpu cores	: 16
apicid		: 21
initial apicid	: 21
fpu		: yes
fpu_exception	: yes
cpuid level	: 16
wp		: yes
flags		: fpu vme de pse tsc msr pae mce cx8 apic sep mtrr pge mca cmov pat pse36 clflush mmx fxsr sse sse2 ht syscall nx mmxext fxsr_opt pdpe1gb rdtscp lm constant_tsc rep_good nopl xtopology nonstop_tsc cpuid extd_apicid aperfmperf pni pclmulqdq monitor ssse3 fma cx16 sse4_1 sse4_2 movbe popcnt aes xsave avx f16c rdrand lahf_lm cmp_legacy svm extapic cr8_legacy abm sse4a misalignsse 3dnowprefetch osvw ibs skinit wdt tce topoext perfctr_core perfctr_nb bpext perfctr_llc mwaitx cpb cat_l3 cdp_l3 hw_pstate sme ssbd sev ibrs ibpb stibp vmmcall fsgsbase bmi1 avx2 smep bmi2 cqm rdt_a rdseed adx smap clflushopt clwb sha_ni xsaveopt xsavec xgetbv1 xsaves cqm_llc cqm_occup_llc cqm_mbm_total cqm_mbm_local clzero irperf xsaveerptr arat npt lbrv svm_lock nrip_save tsc_scale vmcb_clean flushbyasid decodeassists pausefilter pfthreshold avic v_vmsave_vmload vgif umip rdpid overflow_recov succor smca
bugs		: sysret_ss_attrs spectre_v1 spectre_v2 spec_store_bypass
bogomips	: 5999.88
TLB size	: 3072 4K pages
clflush size	: 64
cache_alignment	: 64
address sizes	: 43 bits physical, 48 bits virtual
power management: ts ttp tm hwpstate cpb eff_freq_ro [13] [14]

processor	: 12
vendor_id	: AuthenticAMD
cpu family	: 23
model		: 49
model name	: AMD EPYC 7302P 16-Core Processor
stepping	: 0
microcode	: 0x8301034
cpu MHz		: 3294.763
cache size	: 512 KB
physical id	: 0
siblings	: 16
core id		: 24
cpu cores	: 16
apicid		: 24
initial apicid	: 24
fpu		: yes
fpu_exception	: yes
cpuid level	: 16
wp		: yes
flags		: fpu vme de pse tsc msr pae mce cx8 apic sep mtrr pge mca cmov pat pse36 clflush mmx fxsr sse sse2 ht syscall nx mmxext fxsr_opt pdpe1gb rdtscp lm constant_tsc rep_good nopl xtopology nonstop_tsc cpuid extd_apicid aperfmperf pni pclmulqdq monitor ssse3 fma cx16 sse4_1 sse4_2 movbe popcnt aes xsave avx f16c rdrand lahf_lm cmp_legacy svm extapic cr8_legacy abm sse4a misalignsse 3dnowprefetch osvw ibs skinit wdt tce topoext perfctr_core perfctr_nb bpext perfctr_llc mwaitx cpb cat_l3 cdp_l3 hw_pstate sme ssbd sev ibrs ibpb stibp vmmcall fsgsbase bmi1 avx2 smep bmi2 cqm rdt_a rdseed adx smap clflushopt clwb sha_ni xsaveopt xsavec xgetbv1 xsaves cqm_llc cqm_occup_llc cqm_mbm_total cqm_mbm_local clzero irperf xsaveerptr arat npt lbrv svm_lock nrip_save tsc_scale vmcb_clean flushbyasid decodeassists pausefilter pfthreshold avic v_vmsave_vmload vgif umip rdpid overflow_recov succor smca
bugs		: sysret_ss_attrs spectre_v1 spectre_v2 spec_store_bypass
bogomips	: 5999.88
TLB size	: 3072 4K pages
clflush size	: 64
cache_alignment	: 64
address sizes	: 43 bits physical, 48 bits virtual
power management: ts ttp tm hwpstate cpb eff_freq_ro [13] [14]

processor	: 13
vendor_id	: AuthenticAMD
cpu family	: 23
model		: 49
model name	: AMD EPYC 7302P 16-Core Processor
stepping	: 0
microcode	: 0x8301034
cpu MHz		: 3294.732
cache size	: 512 KB
physical id	: 0
siblings	: 16
core id		: 25
cpu cores	: 16
apicid		: 25
initial apicid	: 25
fpu		: yes
fpu_exception	: yes
cpuid level	: 16
wp		: yes
flags		: fpu vme de pse tsc msr pae mce cx8 apic sep mtrr pge mca cmov pat pse36 clflush mmx fxsr sse sse2 ht syscall nx mmxext fxsr_opt pdpe1gb rdtscp lm constant_tsc rep_good nopl xtopology nonstop_tsc cpuid extd_apicid aperfmperf pni pclmulqdq monitor ssse3 fma cx16 sse4_1 sse4_2 movbe popcnt aes xsave avx f16c rdrand lahf_lm cmp_legacy svm extapic cr8_legacy abm sse4a misalignsse 3dnowprefetch osvw ibs skinit wdt tce topoext perfctr_core perfctr_nb bpext perfctr_llc mwaitx cpb cat_l3 cdp_l3 hw_pstate sme ssbd sev ibrs ibpb stibp vmmcall fsgsbase bmi1 avx2 smep bmi2 cqm rdt_a rdseed adx smap clflushopt clwb sha_ni xsaveopt xsavec xgetbv1 xsaves cqm_llc cqm_occup_llc cqm_mbm_total cqm_mbm_local clzero irperf xsaveerptr arat npt lbrv svm_lock nrip_save tsc_scale vmcb_clean flushbyasid decodeassists pausefilter pfthreshold avic v_vmsave_vmload vgif umip rdpid overflow_recov succor smca
bugs		: sysret_ss_attrs spectre_v1 spectre_v2 spec_store_bypass
bogomips	: 5999.88
TLB size	: 3072 4K pages
clflush size	: 64
cache_alignment	: 64
address sizes	: 43 bits physical, 48 bits virtual
power management: ts ttp tm hwpstate cpb eff_freq_ro [13] [14]

processor	: 14
vendor_id	: AuthenticAMD
cpu family	: 23
model		: 49
model name	: AMD EPYC 7302P 16-Core Processor
stepping	: 0
microcode	: 0x8301034
cpu MHz		: 3297.904
cache size	: 512 KB
physical id	: 0
siblings	: 16
core id		: 28
cpu cores	: 16
apicid		: 28
initial apicid	: 28
fpu		: yes
fpu_exception	: yes
cpuid level	: 16
wp		: yes
flags		: fpu vme de pse tsc msr pae mce cx8 apic sep mtrr pge mca cmov pat pse36 clflush mmx fxsr sse sse2 ht syscall nx mmxext fxsr_opt pdpe1gb rdtscp lm constant_tsc rep_good nopl xtopology nonstop_tsc cpuid extd_apicid aperfmperf pni pclmulqdq monitor ssse3 fma cx16 sse4_1 sse4_2 movbe popcnt aes xsave avx f16c rdrand lahf_lm cmp_legacy svm extapic cr8_legacy abm sse4a misalignsse 3dnowprefetch osvw ibs skinit wdt tce topoext perfctr_core perfctr_nb bpext perfctr_llc mwaitx cpb cat_l3 cdp_l3 hw_pstate sme ssbd sev ibrs ibpb stibp vmmcall fsgsbase bmi1 avx2 smep bmi2 cqm rdt_a rdseed adx smap clflushopt clwb sha_ni xsaveopt xsavec xgetbv1 xsaves cqm_llc cqm_occup_llc cqm_mbm_total cqm_mbm_local clzero irperf xsaveerptr arat npt lbrv svm_lock nrip_save tsc_scale vmcb_clean flushbyasid decodeassists pausefilter pfthreshold avic v_vmsave_vmload vgif umip rdpid overflow_recov succor smca
bugs		: sysret_ss_attrs spectre_v1 spectre_v2 spec_store_bypass
bogomips	: 5999.88
TLB size	: 3072 4K pages
clflush size	: 64
cache_alignment	: 64
address sizes	: 43 bits physical, 48 bits virtual
power management: ts ttp tm hwpstate cpb eff_freq_ro [13] [14]

processor	: 15
vendor_id	: AuthenticAMD
cpu family	: 23
model		: 49
model name	: AMD EPYC 7302P 16-Core Processor
stepping	: 0
microcode	: 0x8301034
cpu MHz		: 3298.311
cache size	: 512 KB
physical id	: 0
siblings	: 16
core id		: 29
cpu cores	: 16
apicid		: 29
initial apicid	: 29
fpu		: yes
fpu_exception	: yes
cpuid level	: 16
wp		: yes
flags		: fpu vme de pse tsc msr pae mce cx8 apic sep mtrr pge mca cmov pat pse36 clflush mmx fxsr sse sse2 ht syscall nx mmxext fxsr_opt pdpe1gb rdtscp lm constant_tsc rep_good nopl xtopology nonstop_tsc cpuid extd_apicid aperfmperf pni pclmulqdq monitor ssse3 fma cx16 sse4_1 sse4_2 movbe popcnt aes xsave avx f16c rdrand lahf_lm cmp_legacy svm extapic cr8_legacy abm sse4a misalignsse 3dnowprefetch osvw ibs skinit wdt tce topoext perfctr_core perfctr_nb bpext perfctr_llc mwaitx cpb cat_l3 cdp_l3 hw_pstate sme ssbd sev ibrs ibpb stibp vmmcall fsgsbase bmi1 avx2 smep bmi2 cqm rdt_a rdseed adx smap clflushopt clwb sha_ni xsaveopt xsavec xgetbv1 xsaves cqm_llc cqm_occup_llc cqm_mbm_total cqm_mbm_local clzero irperf xsaveerptr arat npt lbrv svm_lock nrip_save tsc_scale vmcb_clean flushbyasid decodeassists pausefilter pfthreshold avic v_vmsave_vmload vgif umip rdpid overflow_recov succor smca
bugs		: sysret_ss_attrs spectre_v1 spectre_v2 spec_store_bypass
bogomips	: 5999.88
TLB size	: 3072 4K pages
clflush size	: 64
cache_alignment	: 64
address sizes	: 43 bits physical, 48 bits virtual
power management: ts ttp tm hwpstate cpb eff_freq_ro [13] [14]



Memory: 4k page, physical 264016004k(1303456k free), swap 268299260k(107853316k free)

vm_info: Java HotSpot(TM) 64-Bit Server VM (25.261-b12) for linux-amd64 JRE (1.8.0_261-b12), built on Jun 17 2020 23:41:40 by "java_re" with gcc 7.3.0

time: Thu Oct 20 12:10:06 2022
timezone: CEST
elapsed time: 0 seconds (0d 0h 0m 0s)

