#
# There is insufficient memory for the Java Runtime Environment to continue.
# Cannot create GC thread. Out of system resources.
# Possible reasons:
#   The system is out of physical RAM or swap space
#   The process is running with CompressedOops enabled, and the Java Heap may be blocking the growth of the native heap
# Possible solutions:
#   Reduce memory load on the system
#   Increase physical memory or swap space
#   Check if swap backing store is full
#   Decrease Java heap size (-Xmx/-Xms)
#   Decrease number of Java threads
#   Decrease Java thread stack sizes (-Xss)
#   Set larger code cache with -XX:ReservedCodeCacheSize=
# This output file may be truncated or incomplete.
#
#  Out of Memory Error (gcTaskThread.cpp:48), pid=27192, tid=0x00007f43aec3c700
#
# JRE version:  (8.0_261-b12) (build )
# Java VM: Java HotSpot(TM) 64-Bit Server VM (25.261-b12 mixed mode linux-amd64 compressed oops)
# Core dump written. Default location: /home/student/p-ctl-Kalvarez21g/core or core.27192
#

---------------  T H R E A D  ---------------

Current thread (0x00007f43a800b000):  JavaThread "Unknown thread" [_thread_in_vm, id=27199, stack(0x00007f43aeb3d000,0x00007f43aec3d000)]

Stack: [0x00007f43aeb3d000,0x00007f43aec3d000],  sp=0x00007f43aec3b740,  free space=1017k
Native frames: (J=compiled Java code, j=interpreted, Vv=VM code, C=native code)
V  [libjvm.so+0xadd805]  VMError::report_and_die()+0x2e5
V  [libjvm.so+0x4e2a47]  report_vm_out_of_memory(char const*, int, unsigned long, VMErrorType, char const*)+0x67
V  [libjvm.so+0x5c652f]  GCTaskThread::GCTaskThread(GCTaskManager*, unsigned int, unsigned int)+0x13f
V  [libjvm.so+0x5c56fd]  GCTaskManager::initialize()+0x36d
V  [libjvm.so+0x9420d2]  ParallelScavengeHeap::initialize()+0x3a2
V  [libjvm.so+0xaa136a]  Universe::initialize_heap()+0x16a
V  [libjvm.so+0xaa1653]  universe_init()+0x33
V  [libjvm.so+0x634cf0]  init_globals()+0x50
V  [libjvm.so+0xa83a5d]  Threads::create_vm(JavaVMInitArgs*, bool*)+0x47d
V  [libjvm.so+0x6dbf6f]  JNI_CreateJavaVM+0x4f
C  [libjli.so+0x7ee4]  JavaMain+0x84
C  [libpthread.so.0+0x76db]  start_thread+0xdb


---------------  P R O C E S S  ---------------

Java Threads: ( => current thread )

Other Threads:

=>0x00007f43a800b000 (exited) JavaThread "Unknown thread" [_thread_in_vm, id=27199, stack(0x00007f43aeb3d000,0x00007f43aec3d000)]

VM state:not at safepoint (not fully initialized)

VM Mutex/Monitor currently owned by a thread: None

heap address: 0x0000000080200000, size: 30718 MB, Compressed Oops mode: Non-zero based:0x00000000801ff000, Oop shift amount: 3
Narrow klass base: 0x0000000000000000, Narrow klass shift: 0

GC Heap History (0 events):
No events

Deoptimization events (0 events):
No events

Classes redefined (0 events):
No events

Internal exceptions (0 events):
No events

Events (0 events):
No events


Dynamic libraries:
80200000-d5780000 rw-p 00000000 00:00 0 
d5780000-580100000 ---p 00000000 00:00 0 
580100000-5aab80000 rw-p 00000000 00:00 0 
5aab80000-800000000 ---p 00000000 00:00 0 
5572fbc2a000-5572fbc2b000 r-xp 00000000 08:02 34734413                   /usr/lib/jvm/jdk1.8.0_261/jre/bin/java
5572fbe2a000-5572fbe2b000 r--p 00000000 08:02 34734413                   /usr/lib/jvm/jdk1.8.0_261/jre/bin/java
5572fbe2b000-5572fbe2c000 rw-p 00001000 08:02 34734413                   /usr/lib/jvm/jdk1.8.0_261/jre/bin/java
5572fc006000-5572fc027000 rw-p 00000000 00:00 0                          [heap]
7f4391559000-7f43917ee000 rw-p 00000000 00:00 0 
7f43917ee000-7f43917ef000 ---p 00000000 00:00 0 
7f43917ef000-7f43918ef000 rw-p 00000000 00:00 0 
7f43918ef000-7f43918f0000 ---p 00000000 00:00 0 
7f43918f0000-7f43919f0000 rw-p 00000000 00:00 0 
7f43919f0000-7f43919f1000 ---p 00000000 00:00 0 
7f43919f1000-7f4391af1000 rw-p 00000000 00:00 0 
7f4391af1000-7f4391af2000 ---p 00000000 00:00 0 
7f4391af2000-7f4391bf2000 rw-p 00000000 00:00 0 
7f4391bf2000-7f4391bf3000 ---p 00000000 00:00 0 
7f4391bf3000-7f4391cf3000 rw-p 00000000 00:00 0 
7f4391cf3000-7f4391cf4000 ---p 00000000 00:00 0 
7f4391cf4000-7f4391df4000 rw-p 00000000 00:00 0 
7f4391df4000-7f4391df5000 ---p 00000000 00:00 0 
7f4391df5000-7f4391ef5000 rw-p 00000000 00:00 0 
7f4391ef5000-7f4391ef6000 ---p 00000000 00:00 0 
7f4391ef6000-7f4391ff6000 rw-p 00000000 00:00 0 
7f4391ff6000-7f4391ff7000 ---p 00000000 00:00 0 
7f4391ff7000-7f43920f7000 rw-p 00000000 00:00 0 
7f43920f7000-7f43920f8000 ---p 00000000 00:00 0 
7f43920f8000-7f43924a3000 rw-p 00000000 00:00 0 
7f43924a3000-7f43949f8000 ---p 00000000 00:00 0 
7f43949f8000-7f4394ca3000 rw-p 00000000 00:00 0 
7f4394ca3000-7f43971f7000 ---p 00000000 00:00 0 
7f43971f7000-7f439734d000 rw-p 00000000 00:00 0 
7f439734d000-7f43985f7000 ---p 00000000 00:00 0 
7f43985f7000-7f4398602000 rw-p 00000000 00:00 0 
7f4398602000-7f43989b8000 ---p 00000000 00:00 0 
7f43989b8000-7f4398c28000 rwxp 00000000 00:00 0 
7f4398c28000-7f43a79b8000 ---p 00000000 00:00 0 
7f43a79b8000-7f43a79d3000 r-xp 00000000 08:02 34734671                   /usr/lib/jvm/jdk1.8.0_261/jre/lib/amd64/libzip.so
7f43a79d3000-7f43a7bd2000 ---p 0001b000 08:02 34734671                   /usr/lib/jvm/jdk1.8.0_261/jre/lib/amd64/libzip.so
7f43a7bd2000-7f43a7bd3000 r--p 0001a000 08:02 34734671                   /usr/lib/jvm/jdk1.8.0_261/jre/lib/amd64/libzip.so
7f43a7bd3000-7f43a7bd4000 rw-p 0001b000 08:02 34734671                   /usr/lib/jvm/jdk1.8.0_261/jre/lib/amd64/libzip.so
7f43a7bd4000-7f43a7bdf000 r-xp 00000000 08:02 19923774                   /lib/x86_64-linux-gnu/libnss_files-2.27.so
7f43a7bdf000-7f43a7dde000 ---p 0000b000 08:02 19923774                   /lib/x86_64-linux-gnu/libnss_files-2.27.so
7f43a7dde000-7f43a7ddf000 r--p 0000a000 08:02 19923774                   /lib/x86_64-linux-gnu/libnss_files-2.27.so
7f43a7ddf000-7f43a7de0000 rw-p 0000b000 08:02 19923774                   /lib/x86_64-linux-gnu/libnss_files-2.27.so
7f43a7de0000-7f43a7de6000 rw-p 00000000 00:00 0 
7f43a7de6000-7f43a7dfd000 r-xp 00000000 08:02 19923768                   /lib/x86_64-linux-gnu/libnsl-2.27.so
7f43a7dfd000-7f43a7ffc000 ---p 00017000 08:02 19923768                   /lib/x86_64-linux-gnu/libnsl-2.27.so
7f43a7ffc000-7f43a7ffd000 r--p 00016000 08:02 19923768                   /lib/x86_64-linux-gnu/libnsl-2.27.so
7f43a7ffd000-7f43a7ffe000 rw-p 00017000 08:02 19923768                   /lib/x86_64-linux-gnu/libnsl-2.27.so
7f43a7ffe000-7f43a8000000 rw-p 00000000 00:00 0 
7f43a8000000-7f43a804e000 rw-p 00000000 00:00 0 
7f43a804e000-7f43ac000000 ---p 00000000 00:00 0 
7f43ac009000-7f43ac00a000 ---p 00000000 00:00 0 
7f43ac00a000-7f43ac10a000 rw-p 00000000 00:00 0 
7f43ac10a000-7f43ac10b000 ---p 00000000 00:00 0 
7f43ac10b000-7f43ac20b000 rw-p 00000000 00:00 0 
7f43ac20b000-7f43ac216000 r-xp 00000000 08:02 19923778                   /lib/x86_64-linux-gnu/libnss_nis-2.27.so
7f43ac216000-7f43ac415000 ---p 0000b000 08:02 19923778                   /lib/x86_64-linux-gnu/libnss_nis-2.27.so
7f43ac415000-7f43ac416000 r--p 0000a000 08:02 19923778                   /lib/x86_64-linux-gnu/libnss_nis-2.27.so
7f43ac416000-7f43ac417000 rw-p 0000b000 08:02 19923778                   /lib/x86_64-linux-gnu/libnss_nis-2.27.so
7f43ac417000-7f43ac41f000 r-xp 00000000 08:02 19923770                   /lib/x86_64-linux-gnu/libnss_compat-2.27.so
7f43ac41f000-7f43ac61f000 ---p 00008000 08:02 19923770                   /lib/x86_64-linux-gnu/libnss_compat-2.27.so
7f43ac61f000-7f43ac620000 r--p 00008000 08:02 19923770                   /lib/x86_64-linux-gnu/libnss_compat-2.27.so
7f43ac620000-7f43ac621000 rw-p 00009000 08:02 19923770                   /lib/x86_64-linux-gnu/libnss_compat-2.27.so
7f43ac621000-7f43ac64d000 r-xp 00000000 08:02 34734602                   /usr/lib/jvm/jdk1.8.0_261/jre/lib/amd64/libjava.so
7f43ac64d000-7f43ac84d000 ---p 0002c000 08:02 34734602                   /usr/lib/jvm/jdk1.8.0_261/jre/lib/amd64/libjava.so
7f43ac84d000-7f43ac84e000 r--p 0002c000 08:02 34734602                   /usr/lib/jvm/jdk1.8.0_261/jre/lib/amd64/libjava.so
7f43ac84e000-7f43ac850000 rw-p 0002d000 08:02 34734602                   /usr/lib/jvm/jdk1.8.0_261/jre/lib/amd64/libjava.so
7f43ac850000-7f43ac85d000 r-xp 00000000 08:02 34734669                   /usr/lib/jvm/jdk1.8.0_261/jre/lib/amd64/libverify.so
7f43ac85d000-7f43aca5c000 ---p 0000d000 08:02 34734669                   /usr/lib/jvm/jdk1.8.0_261/jre/lib/amd64/libverify.so
7f43aca5c000-7f43aca5e000 r--p 0000c000 08:02 34734669                   /usr/lib/jvm/jdk1.8.0_261/jre/lib/amd64/libverify.so
7f43aca5e000-7f43aca5f000 rw-p 0000e000 08:02 34734669                   /usr/lib/jvm/jdk1.8.0_261/jre/lib/amd64/libverify.so
7f43aca5f000-7f43aca66000 r-xp 00000000 08:02 19923797                   /lib/x86_64-linux-gnu/librt-2.27.so
7f43aca66000-7f43acc65000 ---p 00007000 08:02 19923797                   /lib/x86_64-linux-gnu/librt-2.27.so
7f43acc65000-7f43acc66000 r--p 00006000 08:02 19923797                   /lib/x86_64-linux-gnu/librt-2.27.so
7f43acc66000-7f43acc67000 rw-p 00007000 08:02 19923797                   /lib/x86_64-linux-gnu/librt-2.27.so
7f43acc67000-7f43ace04000 r-xp 00000000 08:02 19923757                   /lib/x86_64-linux-gnu/libm-2.27.so
7f43ace04000-7f43ad003000 ---p 0019d000 08:02 19923757                   /lib/x86_64-linux-gnu/libm-2.27.so
7f43ad003000-7f43ad004000 r--p 0019c000 08:02 19923757                   /lib/x86_64-linux-gnu/libm-2.27.so
7f43ad004000-7f43ad005000 rw-p 0019d000 08:02 19923757                   /lib/x86_64-linux-gnu/libm-2.27.so
7f43ad005000-7f43adcf9000 r-xp 00000000 08:02 34734679                   /usr/lib/jvm/jdk1.8.0_261/jre/lib/amd64/server/libjvm.so
7f43adcf9000-7f43adef8000 ---p 00cf4000 08:02 34734679                   /usr/lib/jvm/jdk1.8.0_261/jre/lib/amd64/server/libjvm.so
7f43adef8000-7f43adf8e000 r--p 00cf3000 08:02 34734679                   /usr/lib/jvm/jdk1.8.0_261/jre/lib/amd64/server/libjvm.so
7f43adf8e000-7f43adfbf000 rw-p 00d89000 08:02 34734679                   /usr/lib/jvm/jdk1.8.0_261/jre/lib/amd64/server/libjvm.so
7f43adfbf000-7f43adffa000 rw-p 00000000 00:00 0 
7f43adffa000-7f43ae1e1000 r-xp 00000000 08:02 19923732                   /lib/x86_64-linux-gnu/libc-2.27.so
7f43ae1e1000-7f43ae3e1000 ---p 001e7000 08:02 19923732                   /lib/x86_64-linux-gnu/libc-2.27.so
7f43ae3e1000-7f43ae3e5000 r--p 001e7000 08:02 19923732                   /lib/x86_64-linux-gnu/libc-2.27.so
7f43ae3e5000-7f43ae3e7000 rw-p 001eb000 08:02 19923732                   /lib/x86_64-linux-gnu/libc-2.27.so
7f43ae3e7000-7f43ae3eb000 rw-p 00000000 00:00 0 
7f43ae3eb000-7f43ae3ee000 r-xp 00000000 08:02 19923742                   /lib/x86_64-linux-gnu/libdl-2.27.so
7f43ae3ee000-7f43ae5ed000 ---p 00003000 08:02 19923742                   /lib/x86_64-linux-gnu/libdl-2.27.so
7f43ae5ed000-7f43ae5ee000 r--p 00002000 08:02 19923742                   /lib/x86_64-linux-gnu/libdl-2.27.so
7f43ae5ee000-7f43ae5ef000 rw-p 00003000 08:02 19923742                   /lib/x86_64-linux-gnu/libdl-2.27.so
7f43ae5ef000-7f43ae606000 r-xp 00000000 08:02 34734538                   /usr/lib/jvm/jdk1.8.0_261/jre/lib/amd64/jli/libjli.so
7f43ae606000-7f43ae805000 ---p 00017000 08:02 34734538                   /usr/lib/jvm/jdk1.8.0_261/jre/lib/amd64/jli/libjli.so
7f43ae805000-7f43ae806000 r--p 00016000 08:02 34734538                   /usr/lib/jvm/jdk1.8.0_261/jre/lib/amd64/jli/libjli.so
7f43ae806000-7f43ae807000 rw-p 00017000 08:02 34734538                   /usr/lib/jvm/jdk1.8.0_261/jre/lib/amd64/jli/libjli.so
7f43ae807000-7f43ae821000 r-xp 00000000 08:02 19923793                   /lib/x86_64-linux-gnu/libpthread-2.27.so
7f43ae821000-7f43aea20000 ---p 0001a000 08:02 19923793                   /lib/x86_64-linux-gnu/libpthread-2.27.so
7f43aea20000-7f43aea21000 r--p 00019000 08:02 19923793                   /lib/x86_64-linux-gnu/libpthread-2.27.so
7f43aea21000-7f43aea22000 rw-p 0001a000 08:02 19923793                   /lib/x86_64-linux-gnu/libpthread-2.27.so
7f43aea22000-7f43aea26000 rw-p 00000000 00:00 0 
7f43aea26000-7f43aea4d000 r-xp 00000000 08:02 19923714                   /lib/x86_64-linux-gnu/ld-2.27.so
7f43aeb3c000-7f43aeb3d000 ---p 00000000 00:00 0 
7f43aeb3d000-7f43aeb40000 ---p 00000000 00:00 0 
7f43aeb40000-7f43aec41000 rw-p 00000000 00:00 0 
7f43aec43000-7f43aec4b000 rw-s 00000000 08:02 35284472                   /tmp/hsperfdata_student/27192
7f43aec4b000-7f43aec4c000 rw-p 00000000 00:00 0 
7f43aec4c000-7f43aec4d000 r--p 00000000 00:00 0 
7f43aec4d000-7f43aec4e000 r--p 00027000 08:02 19923714                   /lib/x86_64-linux-gnu/ld-2.27.so
7f43aec4e000-7f43aec4f000 rw-p 00028000 08:02 19923714                   /lib/x86_64-linux-gnu/ld-2.27.so
7f43aec4f000-7f43aec50000 rw-p 00000000 00:00 0 
7ffead128000-7ffead149000 rw-p 00000000 00:00 0                          [stack]
7ffead155000-7ffead158000 r--p 00000000 00:00 0                          [vvar]
7ffead158000-7ffead15a000 r-xp 00000000 00:00 0                          [vdso]

VM Arguments:
jvm_args: -Dant.home=/opt/ant -Dant.library.dir=/opt/ant/lib 
java_command: org.apache.tools.ant.launch.Launcher -cp 
java_class_path (initial): /opt/ant/lib/ant-launcher.jar
Launcher Type: SUN_STANDARD

Environment Variables:
JAVA_HOME=/usr/lib/jvm/jdk1.8.0_261
PATH=/usr/local/sbin:/usr/local/bin:/usr/sbin:/usr/bin:/sbin:/bin:/bin:/home/student/bluej:/usr/lib/jvm/jdk1.8.0_261/bin:/opt/ant/bin
DISPLAY=:1.0

Signal Handlers:
SIGSEGV: [libjvm.so+0xade140], sa_mask[0]=11111111011111111101111111111110, sa_flags=SA_RESTART|SA_SIGINFO
SIGBUS: [libjvm.so+0xade140], sa_mask[0]=11111111011111111101111111111110, sa_flags=SA_RESTART|SA_SIGINFO
SIGFPE: [libjvm.so+0x912c70], sa_mask[0]=11111111011111111101111111111110, sa_flags=SA_RESTART|SA_SIGINFO
SIGPIPE: [libjvm.so+0x912c70], sa_mask[0]=11111111011111111101111111111110, sa_flags=SA_RESTART|SA_SIGINFO
SIGXFSZ: [libjvm.so+0x912c70], sa_mask[0]=11111111011111111101111111111110, sa_flags=SA_RESTART|SA_SIGINFO
SIGILL: [libjvm.so+0x912c70], sa_mask[0]=11111111011111111101111111111110, sa_flags=SA_RESTART|SA_SIGINFO
SIGUSR1: SIG_DFL, sa_mask[0]=00000000000000000000000000000000, sa_flags=none
SIGUSR2: [libjvm.so+0x912b40], sa_mask[0]=00000000000000000000000000000000, sa_flags=SA_RESTART|SA_SIGINFO
SIGHUP: SIG_DFL, sa_mask[0]=00000000000000000000000000000000, sa_flags=none
SIGINT: SIG_DFL, sa_mask[0]=00000000000000000000000000000000, sa_flags=none
SIGTERM: SIG_DFL, sa_mask[0]=00000000000000000000000000000000, sa_flags=none
SIGQUIT: SIG_DFL, sa_mask[0]=00000000000000000000000000000000, sa_flags=none


---------------  S Y S T E M  ---------------

OS:DISTRIB_ID=Ubuntu
DISTRIB_RELEASE=18.04
DISTRIB_CODENAME=bionic
DISTRIB_DESCRIPTION="Ubuntu 18.04.4 LTS"

uname:Linux 4.19.0-9-amd64 #1 SMP Debian 4.19.118-2+deb10u1 (2020-06-07) x86_64
libc:glibc 2.27 NPTL 2.27 
rlimit: STACK 8192k, CORE infinity, NPROC infinity, NOFILE 1048576, AS infinity
load average:57.61 56.60 55.45

/proc/meminfo:
MemTotal:       264016004 kB
MemFree:         1658116 kB
MemAvailable:   28407244 kB
Buffers:          762724 kB
Cached:          3202636 kB
SwapCached:       162852 kB
Active:         26924688 kB
Inactive:       14457016 kB
Active(anon):   25005488 kB
Inactive(anon): 13478648 kB
Active(file):    1919200 kB
Inactive(file):   978368 kB
Unevictable:           0 kB
Mlocked:               0 kB
SwapTotal:      268299260 kB
SwapFree:       107533544 kB
Dirty:              1552 kB
Writeback:             0 kB
AnonPages:      37163712 kB
Mapped:          2601448 kB
Shmem:           1142068 kB
Slab:           187397924 kB
SReclaimable:   26146684 kB
SUnreclaim:     161251240 kB
KernelStack:      520432 kB
PageTables:      2240380 kB
NFS_Unstable:          0 kB
Bounce:                0 kB
WritebackTmp:          0 kB
CommitLimit:    400307260 kB
Committed_AS:   456911304 kB
VmallocTotal:   34359738367 kB
VmallocUsed:           0 kB
VmallocChunk:          0 kB
Percpu:         28780736 kB
HardwareCorrupted:     0 kB
AnonHugePages:   8626176 kB
ShmemHugePages:        0 kB
ShmemPmdMapped:        0 kB
HugePages_Total:       0
HugePages_Free:        0
HugePages_Rsvd:        0
HugePages_Surp:        0
Hugepagesize:       2048 kB
Hugetlb:               0 kB
DirectMap4k:    205820232 kB
DirectMap2M:    59334656 kB
DirectMap1G:     3145728 kB

container (cgroup) information:
container_type: cgroupv1
cpu_cpuset_cpus: 0-15
cpu_memory_nodes: 0
active_processor_count: 16
cpu_quota: -1
cpu_period: 100000
cpu_shares: -1
memory_limit_in_bytes: -1
memory_and_swap_limit_in_bytes: -2
memory_soft_limit_in_bytes: -1
memory_usage_in_bytes: 675352576
memory_max_usage_in_bytes: 2961637376


CPU:total 16 (initial active 16) (16 cores per cpu, 1 threads per core) family 23 model 49 stepping 0, cmov, cx8, fxsr, mmx, sse, sse2, sse3, ssse3, sse4.1, sse4.2, popcnt, avx, avx2, aes, clmul, mmxext, 3dnowpref, lzcnt, sse4a, tsc, tscinvbit, tscinv, bmi1

/proc/cpuinfo:
processor	: 0
vendor_id	: AuthenticAMD
cpu family	: 23
model		: 49
model name	: AMD EPYC 7302P 16-Core Processor
stepping	: 0
microcode	: 0x8301034
cpu MHz		: 3296.421
cache size	: 512 KB
physical id	: 0
siblings	: 16
core id		: 0
cpu cores	: 16
apicid		: 0
initial apicid	: 0
fpu		: yes
fpu_exception	: yes
cpuid level	: 16
wp		: yes
flags		: fpu vme de pse tsc msr pae mce cx8 apic sep mtrr pge mca cmov pat pse36 clflush mmx fxsr sse sse2 ht syscall nx mmxext fxsr_opt pdpe1gb rdtscp lm constant_tsc rep_good nopl xtopology nonstop_tsc cpuid extd_apicid aperfmperf pni pclmulqdq monitor ssse3 fma cx16 sse4_1 sse4_2 movbe popcnt aes xsave avx f16c rdrand lahf_lm cmp_legacy svm extapic cr8_legacy abm sse4a misalignsse 3dnowprefetch osvw ibs skinit wdt tce topoext perfctr_core perfctr_nb bpext perfctr_llc mwaitx cpb cat_l3 cdp_l3 hw_pstate sme ssbd sev ibrs ibpb stibp vmmcall fsgsbase bmi1 avx2 smep bmi2 cqm rdt_a rdseed adx smap clflushopt clwb sha_ni xsaveopt xsavec xgetbv1 xsaves cqm_llc cqm_occup_llc cqm_mbm_total cqm_mbm_local clzero irperf xsaveerptr arat npt lbrv svm_lock nrip_save tsc_scale vmcb_clean flushbyasid decodeassists pausefilter pfthreshold avic v_vmsave_vmload vgif umip rdpid overflow_recov succor smca
bugs		: sysret_ss_attrs spectre_v1 spectre_v2 spec_store_bypass
bogomips	: 5999.88
TLB size	: 3072 4K pages
clflush size	: 64
cache_alignment	: 64
address sizes	: 43 bits physical, 48 bits virtual
power management: ts ttp tm hwpstate cpb eff_freq_ro [13] [14]

processor	: 1
vendor_id	: AuthenticAMD
cpu family	: 23
model		: 49
model name	: AMD EPYC 7302P 16-Core Processor
stepping	: 0
microcode	: 0x8301034
cpu MHz		: 3296.397
cache size	: 512 KB
physical id	: 0
siblings	: 16
core id		: 1
cpu cores	: 16
apicid		: 1
initial apicid	: 1
fpu		: yes
fpu_exception	: yes
cpuid level	: 16
wp		: yes
flags		: fpu vme de pse tsc msr pae mce cx8 apic sep mtrr pge mca cmov pat pse36 clflush mmx fxsr sse sse2 ht syscall nx mmxext fxsr_opt pdpe1gb rdtscp lm constant_tsc rep_good nopl xtopology nonstop_tsc cpuid extd_apicid aperfmperf pni pclmulqdq monitor ssse3 fma cx16 sse4_1 sse4_2 movbe popcnt aes xsave avx f16c rdrand lahf_lm cmp_legacy svm extapic cr8_legacy abm sse4a misalignsse 3dnowprefetch osvw ibs skinit wdt tce topoext perfctr_core perfctr_nb bpext perfctr_llc mwaitx cpb cat_l3 cdp_l3 hw_pstate sme ssbd sev ibrs ibpb stibp vmmcall fsgsbase bmi1 avx2 smep bmi2 cqm rdt_a rdseed adx smap clflushopt clwb sha_ni xsaveopt xsavec xgetbv1 xsaves cqm_llc cqm_occup_llc cqm_mbm_total cqm_mbm_local clzero irperf xsaveerptr arat npt lbrv svm_lock nrip_save tsc_scale vmcb_clean flushbyasid decodeassists pausefilter pfthreshold avic v_vmsave_vmload vgif umip rdpid overflow_recov succor smca
bugs		: sysret_ss_attrs spectre_v1 spectre_v2 spec_store_bypass
bogomips	: 5999.88
TLB size	: 3072 4K pages
clflush size	: 64
cache_alignment	: 64
address sizes	: 43 bits physical, 48 bits virtual
power management: ts ttp tm hwpstate cpb eff_freq_ro [13] [14]

processor	: 2
vendor_id	: AuthenticAMD
cpu family	: 23
model		: 49
model name	: AMD EPYC 7302P 16-Core Processor
stepping	: 0
microcode	: 0x8301034
cpu MHz		: 3148.538
cache size	: 512 KB
physical id	: 0
siblings	: 16
core id		: 4
cpu cores	: 16
apicid		: 4
initial apicid	: 4
fpu		: yes
fpu_exception	: yes
cpuid level	: 16
wp		: yes
flags		: fpu vme de pse tsc msr pae mce cx8 apic sep mtrr pge mca cmov pat pse36 clflush mmx fxsr sse sse2 ht syscall nx mmxext fxsr_opt pdpe1gb rdtscp lm constant_tsc rep_good nopl xtopology nonstop_tsc cpuid extd_apicid aperfmperf pni pclmulqdq monitor ssse3 fma cx16 sse4_1 sse4_2 movbe popcnt aes xsave avx f16c rdrand lahf_lm cmp_legacy svm extapic cr8_legacy abm sse4a misalignsse 3dnowprefetch osvw ibs skinit wdt tce topoext perfctr_core perfctr_nb bpext perfctr_llc mwaitx cpb cat_l3 cdp_l3 hw_pstate sme ssbd sev ibrs ibpb stibp vmmcall fsgsbase bmi1 avx2 smep bmi2 cqm rdt_a rdseed adx smap clflushopt clwb sha_ni xsaveopt xsavec xgetbv1 xsaves cqm_llc cqm_occup_llc cqm_mbm_total cqm_mbm_local clzero irperf xsaveerptr arat npt lbrv svm_lock nrip_save tsc_scale vmcb_clean flushbyasid decodeassists pausefilter pfthreshold avic v_vmsave_vmload vgif umip rdpid overflow_recov succor smca
bugs		: sysret_ss_attrs spectre_v1 spectre_v2 spec_store_bypass
bogomips	: 5999.88
TLB size	: 3072 4K pages
clflush size	: 64
cache_alignment	: 64
address sizes	: 43 bits physical, 48 bits virtual
power management: ts ttp tm hwpstate cpb eff_freq_ro [13] [14]

processor	: 3
vendor_id	: AuthenticAMD
cpu family	: 23
model		: 49
model name	: AMD EPYC 7302P 16-Core Processor
stepping	: 0
microcode	: 0x8301034
cpu MHz		: 3294.033
cache size	: 512 KB
physical id	: 0
siblings	: 16
core id		: 5
cpu cores	: 16
apicid		: 5
initial apicid	: 5
fpu		: yes
fpu_exception	: yes
cpuid level	: 16
wp		: yes
flags		: fpu vme de pse tsc msr pae mce cx8 apic sep mtrr pge mca cmov pat pse36 clflush mmx fxsr sse sse2 ht syscall nx mmxext fxsr_opt pdpe1gb rdtscp lm constant_tsc rep_good nopl xtopology nonstop_tsc cpuid extd_apicid aperfmperf pni pclmulqdq monitor ssse3 fma cx16 sse4_1 sse4_2 movbe popcnt aes xsave avx f16c rdrand lahf_lm cmp_legacy svm extapic cr8_legacy abm sse4a misalignsse 3dnowprefetch osvw ibs skinit wdt tce topoext perfctr_core perfctr_nb bpext perfctr_llc mwaitx cpb cat_l3 cdp_l3 hw_pstate sme ssbd sev ibrs ibpb stibp vmmcall fsgsbase bmi1 avx2 smep bmi2 cqm rdt_a rdseed adx smap clflushopt clwb sha_ni xsaveopt xsavec xgetbv1 xsaves cqm_llc cqm_occup_llc cqm_mbm_total cqm_mbm_local clzero irperf xsaveerptr arat npt lbrv svm_lock nrip_save tsc_scale vmcb_clean flushbyasid decodeassists pausefilter pfthreshold avic v_vmsave_vmload vgif umip rdpid overflow_recov succor smca
bugs		: sysret_ss_attrs spectre_v1 spectre_v2 spec_store_bypass
bogomips	: 5999.88
TLB size	: 3072 4K pages
clflush size	: 64
cache_alignment	: 64
address sizes	: 43 bits physical, 48 bits virtual
power management: ts ttp tm hwpstate cpb eff_freq_ro [13] [14]

processor	: 4
vendor_id	: AuthenticAMD
cpu family	: 23
model		: 49
model name	: AMD EPYC 7302P 16-Core Processor
stepping	: 0
microcode	: 0x8301034
cpu MHz		: 3295.249
cache size	: 512 KB
physical id	: 0
siblings	: 16
core id		: 8
cpu cores	: 16
apicid		: 8
initial apicid	: 8
fpu		: yes
fpu_exception	: yes
cpuid level	: 16
wp		: yes
flags		: fpu vme de pse tsc msr pae mce cx8 apic sep mtrr pge mca cmov pat pse36 clflush mmx fxsr sse sse2 ht syscall nx mmxext fxsr_opt pdpe1gb rdtscp lm constant_tsc rep_good nopl xtopology nonstop_tsc cpuid extd_apicid aperfmperf pni pclmulqdq monitor ssse3 fma cx16 sse4_1 sse4_2 movbe popcnt aes xsave avx f16c rdrand lahf_lm cmp_legacy svm extapic cr8_legacy abm sse4a misalignsse 3dnowprefetch osvw ibs skinit wdt tce topoext perfctr_core perfctr_nb bpext perfctr_llc mwaitx cpb cat_l3 cdp_l3 hw_pstate sme ssbd sev ibrs ibpb stibp vmmcall fsgsbase bmi1 avx2 smep bmi2 cqm rdt_a rdseed adx smap clflushopt clwb sha_ni xsaveopt xsavec xgetbv1 xsaves cqm_llc cqm_occup_llc cqm_mbm_total cqm_mbm_local clzero irperf xsaveerptr arat npt lbrv svm_lock nrip_save tsc_scale vmcb_clean flushbyasid decodeassists pausefilter pfthreshold avic v_vmsave_vmload vgif umip rdpid overflow_recov succor smca
bugs		: sysret_ss_attrs spectre_v1 spectre_v2 spec_store_bypass
bogomips	: 5999.88
TLB size	: 3072 4K pages
clflush size	: 64
cache_alignment	: 64
address sizes	: 43 bits physical, 48 bits virtual
power management: ts ttp tm hwpstate cpb eff_freq_ro [13] [14]

processor	: 5
vendor_id	: AuthenticAMD
cpu family	: 23
model		: 49
model name	: AMD EPYC 7302P 16-Core Processor
stepping	: 0
microcode	: 0x8301034
cpu MHz		: 3295.390
cache size	: 512 KB
physical id	: 0
siblings	: 16
core id		: 9
cpu cores	: 16
apicid		: 9
initial apicid	: 9
fpu		: yes
fpu_exception	: yes
cpuid level	: 16
wp		: yes
flags		: fpu vme de pse tsc msr pae mce cx8 apic sep mtrr pge mca cmov pat pse36 clflush mmx fxsr sse sse2 ht syscall nx mmxext fxsr_opt pdpe1gb rdtscp lm constant_tsc rep_good nopl xtopology nonstop_tsc cpuid extd_apicid aperfmperf pni pclmulqdq monitor ssse3 fma cx16 sse4_1 sse4_2 movbe popcnt aes xsave avx f16c rdrand lahf_lm cmp_legacy svm extapic cr8_legacy abm sse4a misalignsse 3dnowprefetch osvw ibs skinit wdt tce topoext perfctr_core perfctr_nb bpext perfctr_llc mwaitx cpb cat_l3 cdp_l3 hw_pstate sme ssbd sev ibrs ibpb stibp vmmcall fsgsbase bmi1 avx2 smep bmi2 cqm rdt_a rdseed adx smap clflushopt clwb sha_ni xsaveopt xsavec xgetbv1 xsaves cqm_llc cqm_occup_llc cqm_mbm_total cqm_mbm_local clzero irperf xsaveerptr arat npt lbrv svm_lock nrip_save tsc_scale vmcb_clean flushbyasid decodeassists pausefilter pfthreshold avic v_vmsave_vmload vgif umip rdpid overflow_recov succor smca
bugs		: sysret_ss_attrs spectre_v1 spectre_v2 spec_store_bypass
bogomips	: 5999.88
TLB size	: 3072 4K pages
clflush size	: 64
cache_alignment	: 64
address sizes	: 43 bits physical, 48 bits virtual
power management: ts ttp tm hwpstate cpb eff_freq_ro [13] [14]

processor	: 6
vendor_id	: AuthenticAMD
cpu family	: 23
model		: 49
model name	: AMD EPYC 7302P 16-Core Processor
stepping	: 0
microcode	: 0x8301034
cpu MHz		: 3293.827
cache size	: 512 KB
physical id	: 0
siblings	: 16
core id		: 12
cpu cores	: 16
apicid		: 12
initial apicid	: 12
fpu		: yes
fpu_exception	: yes
cpuid level	: 16
wp		: yes
flags		: fpu vme de pse tsc msr pae mce cx8 apic sep mtrr pge mca cmov pat pse36 clflush mmx fxsr sse sse2 ht syscall nx mmxext fxsr_opt pdpe1gb rdtscp lm constant_tsc rep_good nopl xtopology nonstop_tsc cpuid extd_apicid aperfmperf pni pclmulqdq monitor ssse3 fma cx16 sse4_1 sse4_2 movbe popcnt aes xsave avx f16c rdrand lahf_lm cmp_legacy svm extapic cr8_legacy abm sse4a misalignsse 3dnowprefetch osvw ibs skinit wdt tce topoext perfctr_core perfctr_nb bpext perfctr_llc mwaitx cpb cat_l3 cdp_l3 hw_pstate sme ssbd sev ibrs ibpb stibp vmmcall fsgsbase bmi1 avx2 smep bmi2 cqm rdt_a rdseed adx smap clflushopt clwb sha_ni xsaveopt xsavec xgetbv1 xsaves cqm_llc cqm_occup_llc cqm_mbm_total cqm_mbm_local clzero irperf xsaveerptr arat npt lbrv svm_lock nrip_save tsc_scale vmcb_clean flushbyasid decodeassists pausefilter pfthreshold avic v_vmsave_vmload vgif umip rdpid overflow_recov succor smca
bugs		: sysret_ss_attrs spectre_v1 spectre_v2 spec_store_bypass
bogomips	: 5999.88
TLB size	: 3072 4K pages
clflush size	: 64
cache_alignment	: 64
address sizes	: 43 bits physical, 48 bits virtual
power management: ts ttp tm hwpstate cpb eff_freq_ro [13] [14]

processor	: 7
vendor_id	: AuthenticAMD
cpu family	: 23
model		: 49
model name	: AMD EPYC 7302P 16-Core Processor
stepping	: 0
microcode	: 0x8301034
cpu MHz		: 3293.647
cache size	: 512 KB
physical id	: 0
siblings	: 16
core id		: 13
cpu cores	: 16
apicid		: 13
initial apicid	: 13
fpu		: yes
fpu_exception	: yes
cpuid level	: 16
wp		: yes
flags		: fpu vme de pse tsc msr pae mce cx8 apic sep mtrr pge mca cmov pat pse36 clflush mmx fxsr sse sse2 ht syscall nx mmxext fxsr_opt pdpe1gb rdtscp lm constant_tsc rep_good nopl xtopology nonstop_tsc cpuid extd_apicid aperfmperf pni pclmulqdq monitor ssse3 fma cx16 sse4_1 sse4_2 movbe popcnt aes xsave avx f16c rdrand lahf_lm cmp_legacy svm extapic cr8_legacy abm sse4a misalignsse 3dnowprefetch osvw ibs skinit wdt tce topoext perfctr_core perfctr_nb bpext perfctr_llc mwaitx cpb cat_l3 cdp_l3 hw_pstate sme ssbd sev ibrs ibpb stibp vmmcall fsgsbase bmi1 avx2 smep bmi2 cqm rdt_a rdseed adx smap clflushopt clwb sha_ni xsaveopt xsavec xgetbv1 xsaves cqm_llc cqm_occup_llc cqm_mbm_total cqm_mbm_local clzero irperf xsaveerptr arat npt lbrv svm_lock nrip_save tsc_scale vmcb_clean flushbyasid decodeassists pausefilter pfthreshold avic v_vmsave_vmload vgif umip rdpid overflow_recov succor smca
bugs		: sysret_ss_attrs spectre_v1 spectre_v2 spec_store_bypass
bogomips	: 5999.88
TLB size	: 3072 4K pages
clflush size	: 64
cache_alignment	: 64
address sizes	: 43 bits physical, 48 bits virtual
power management: ts ttp tm hwpstate cpb eff_freq_ro [13] [14]

processor	: 8
vendor_id	: AuthenticAMD
cpu family	: 23
model		: 49
model name	: AMD EPYC 7302P 16-Core Processor
stepping	: 0
microcode	: 0x8301034
cpu MHz		: 2681.290
cache size	: 512 KB
physical id	: 0
siblings	: 16
core id		: 16
cpu cores	: 16
apicid		: 16
initial apicid	: 16
fpu		: yes
fpu_exception	: yes
cpuid level	: 16
wp		: yes
flags		: fpu vme de pse tsc msr pae mce cx8 apic sep mtrr pge mca cmov pat pse36 clflush mmx fxsr sse sse2 ht syscall nx mmxext fxsr_opt pdpe1gb rdtscp lm constant_tsc rep_good nopl xtopology nonstop_tsc cpuid extd_apicid aperfmperf pni pclmulqdq monitor ssse3 fma cx16 sse4_1 sse4_2 movbe popcnt aes xsave avx f16c rdrand lahf_lm cmp_legacy svm extapic cr8_legacy abm sse4a misalignsse 3dnowprefetch osvw ibs skinit wdt tce topoext perfctr_core perfctr_nb bpext perfctr_llc mwaitx cpb cat_l3 cdp_l3 hw_pstate sme ssbd sev ibrs ibpb stibp vmmcall fsgsbase bmi1 avx2 smep bmi2 cqm rdt_a rdseed adx smap clflushopt clwb sha_ni xsaveopt xsavec xgetbv1 xsaves cqm_llc cqm_occup_llc cqm_mbm_total cqm_mbm_local clzero irperf xsaveerptr arat npt lbrv svm_lock nrip_save tsc_scale vmcb_clean flushbyasid decodeassists pausefilter pfthreshold avic v_vmsave_vmload vgif umip rdpid overflow_recov succor smca
bugs		: sysret_ss_attrs spectre_v1 spectre_v2 spec_store_bypass
bogomips	: 5999.88
TLB size	: 3072 4K pages
clflush size	: 64
cache_alignment	: 64
address sizes	: 43 bits physical, 48 bits virtual
power management: ts ttp tm hwpstate cpb eff_freq_ro [13] [14]

processor	: 9
vendor_id	: AuthenticAMD
cpu family	: 23
model		: 49
model name	: AMD EPYC 7302P 16-Core Processor
stepping	: 0
microcode	: 0x8301034
cpu MHz		: 3295.516
cache size	: 512 KB
physical id	: 0
siblings	: 16
core id		: 17
cpu cores	: 16
apicid		: 17
initial apicid	: 17
fpu		: yes
fpu_exception	: yes
cpuid level	: 16
wp		: yes
flags		: fpu vme de pse tsc msr pae mce cx8 apic sep mtrr pge mca cmov pat pse36 clflush mmx fxsr sse sse2 ht syscall nx mmxext fxsr_opt pdpe1gb rdtscp lm constant_tsc rep_good nopl xtopology nonstop_tsc cpuid extd_apicid aperfmperf pni pclmulqdq monitor ssse3 fma cx16 sse4_1 sse4_2 movbe popcnt aes xsave avx f16c rdrand lahf_lm cmp_legacy svm extapic cr8_legacy abm sse4a misalignsse 3dnowprefetch osvw ibs skinit wdt tce topoext perfctr_core perfctr_nb bpext perfctr_llc mwaitx cpb cat_l3 cdp_l3 hw_pstate sme ssbd sev ibrs ibpb stibp vmmcall fsgsbase bmi1 avx2 smep bmi2 cqm rdt_a rdseed adx smap clflushopt clwb sha_ni xsaveopt xsavec xgetbv1 xsaves cqm_llc cqm_occup_llc cqm_mbm_total cqm_mbm_local clzero irperf xsaveerptr arat npt lbrv svm_lock nrip_save tsc_scale vmcb_clean flushbyasid decodeassists pausefilter pfthreshold avic v_vmsave_vmload vgif umip rdpid overflow_recov succor smca
bugs		: sysret_ss_attrs spectre_v1 spectre_v2 spec_store_bypass
bogomips	: 5999.88
TLB size	: 3072 4K pages
clflush size	: 64
cache_alignment	: 64
address sizes	: 43 bits physical, 48 bits virtual
power management: ts ttp tm hwpstate cpb eff_freq_ro [13] [14]

processor	: 10
vendor_id	: AuthenticAMD
cpu family	: 23
model		: 49
model name	: AMD EPYC 7302P 16-Core Processor
stepping	: 0
microcode	: 0x8301034
cpu MHz		: 2750.016
cache size	: 512 KB
physical id	: 0
siblings	: 16
core id		: 20
cpu cores	: 16
apicid		: 20
initial apicid	: 20
fpu		: yes
fpu_exception	: yes
cpuid level	: 16
wp		: yes
flags		: fpu vme de pse tsc msr pae mce cx8 apic sep mtrr pge mca cmov pat pse36 clflush mmx fxsr sse sse2 ht syscall nx mmxext fxsr_opt pdpe1gb rdtscp lm constant_tsc rep_good nopl xtopology nonstop_tsc cpuid extd_apicid aperfmperf pni pclmulqdq monitor ssse3 fma cx16 sse4_1 sse4_2 movbe popcnt aes xsave avx f16c rdrand lahf_lm cmp_legacy svm extapic cr8_legacy abm sse4a misalignsse 3dnowprefetch osvw ibs skinit wdt tce topoext perfctr_core perfctr_nb bpext perfctr_llc mwaitx cpb cat_l3 cdp_l3 hw_pstate sme ssbd sev ibrs ibpb stibp vmmcall fsgsbase bmi1 avx2 smep bmi2 cqm rdt_a rdseed adx smap clflushopt clwb sha_ni xsaveopt xsavec xgetbv1 xsaves cqm_llc cqm_occup_llc cqm_mbm_total cqm_mbm_local clzero irperf xsaveerptr arat npt lbrv svm_lock nrip_save tsc_scale vmcb_clean flushbyasid decodeassists pausefilter pfthreshold avic v_vmsave_vmload vgif umip rdpid overflow_recov succor smca
bugs		: sysret_ss_attrs spectre_v1 spectre_v2 spec_store_bypass
bogomips	: 5999.88
TLB size	: 3072 4K pages
clflush size	: 64
cache_alignment	: 64
address sizes	: 43 bits physical, 48 bits virtual
power management: ts ttp tm hwpstate cpb eff_freq_ro [13] [14]

processor	: 11
vendor_id	: AuthenticAMD
cpu family	: 23
model		: 49
model name	: AMD EPYC 7302P 16-Core Processor
stepping	: 0
microcode	: 0x8301034
cpu MHz		: 3294.726
cache size	: 512 KB
physical id	: 0
siblings	: 16
core id		: 21
cpu cores	: 16
apicid		: 21
initial apicid	: 21
fpu		: yes
fpu_exception	: yes
cpuid level	: 16
wp		: yes
flags		: fpu vme de pse tsc msr pae mce cx8 apic sep mtrr pge mca cmov pat pse36 clflush mmx fxsr sse sse2 ht syscall nx mmxext fxsr_opt pdpe1gb rdtscp lm constant_tsc rep_good nopl xtopology nonstop_tsc cpuid extd_apicid aperfmperf pni pclmulqdq monitor ssse3 fma cx16 sse4_1 sse4_2 movbe popcnt aes xsave avx f16c rdrand lahf_lm cmp_legacy svm extapic cr8_legacy abm sse4a misalignsse 3dnowprefetch osvw ibs skinit wdt tce topoext perfctr_core perfctr_nb bpext perfctr_llc mwaitx cpb cat_l3 cdp_l3 hw_pstate sme ssbd sev ibrs ibpb stibp vmmcall fsgsbase bmi1 avx2 smep bmi2 cqm rdt_a rdseed adx smap clflushopt clwb sha_ni xsaveopt xsavec xgetbv1 xsaves cqm_llc cqm_occup_llc cqm_mbm_total cqm_mbm_local clzero irperf xsaveerptr arat npt lbrv svm_lock nrip_save tsc_scale vmcb_clean flushbyasid decodeassists pausefilter pfthreshold avic v_vmsave_vmload vgif umip rdpid overflow_recov succor smca
bugs		: sysret_ss_attrs spectre_v1 spectre_v2 spec_store_bypass
bogomips	: 5999.88
TLB size	: 3072 4K pages
clflush size	: 64
cache_alignment	: 64
address sizes	: 43 bits physical, 48 bits virtual
power management: ts ttp tm hwpstate cpb eff_freq_ro [13] [14]

processor	: 12
vendor_id	: AuthenticAMD
cpu family	: 23
model		: 49
model name	: AMD EPYC 7302P 16-Core Processor
stepping	: 0
microcode	: 0x8301034
cpu MHz		: 3296.422
cache size	: 512 KB
physical id	: 0
siblings	: 16
core id		: 24
cpu cores	: 16
apicid		: 24
initial apicid	: 24
fpu		: yes
fpu_exception	: yes
cpuid level	: 16
wp		: yes
flags		: fpu vme de pse tsc msr pae mce cx8 apic sep mtrr pge mca cmov pat pse36 clflush mmx fxsr sse sse2 ht syscall nx mmxext fxsr_opt pdpe1gb rdtscp lm constant_tsc rep_good nopl xtopology nonstop_tsc cpuid extd_apicid aperfmperf pni pclmulqdq monitor ssse3 fma cx16 sse4_1 sse4_2 movbe popcnt aes xsave avx f16c rdrand lahf_lm cmp_legacy svm extapic cr8_legacy abm sse4a misalignsse 3dnowprefetch osvw ibs skinit wdt tce topoext perfctr_core perfctr_nb bpext perfctr_llc mwaitx cpb cat_l3 cdp_l3 hw_pstate sme ssbd sev ibrs ibpb stibp vmmcall fsgsbase bmi1 avx2 smep bmi2 cqm rdt_a rdseed adx smap clflushopt clwb sha_ni xsaveopt xsavec xgetbv1 xsaves cqm_llc cqm_occup_llc cqm_mbm_total cqm_mbm_local clzero irperf xsaveerptr arat npt lbrv svm_lock nrip_save tsc_scale vmcb_clean flushbyasid decodeassists pausefilter pfthreshold avic v_vmsave_vmload vgif umip rdpid overflow_recov succor smca
bugs		: sysret_ss_attrs spectre_v1 spectre_v2 spec_store_bypass
bogomips	: 5999.88
TLB size	: 3072 4K pages
clflush size	: 64
cache_alignment	: 64
address sizes	: 43 bits physical, 48 bits virtual
power management: ts ttp tm hwpstate cpb eff_freq_ro [13] [14]

processor	: 13
vendor_id	: AuthenticAMD
cpu family	: 23
model		: 49
model name	: AMD EPYC 7302P 16-Core Processor
stepping	: 0
microcode	: 0x8301034
cpu MHz		: 3296.386
cache size	: 512 KB
physical id	: 0
siblings	: 16
core id		: 25
cpu cores	: 16
apicid		: 25
initial apicid	: 25
fpu		: yes
fpu_exception	: yes
cpuid level	: 16
wp		: yes
flags		: fpu vme de pse tsc msr pae mce cx8 apic sep mtrr pge mca cmov pat pse36 clflush mmx fxsr sse sse2 ht syscall nx mmxext fxsr_opt pdpe1gb rdtscp lm constant_tsc rep_good nopl xtopology nonstop_tsc cpuid extd_apicid aperfmperf pni pclmulqdq monitor ssse3 fma cx16 sse4_1 sse4_2 movbe popcnt aes xsave avx f16c rdrand lahf_lm cmp_legacy svm extapic cr8_legacy abm sse4a misalignsse 3dnowprefetch osvw ibs skinit wdt tce topoext perfctr_core perfctr_nb bpext perfctr_llc mwaitx cpb cat_l3 cdp_l3 hw_pstate sme ssbd sev ibrs ibpb stibp vmmcall fsgsbase bmi1 avx2 smep bmi2 cqm rdt_a rdseed adx smap clflushopt clwb sha_ni xsaveopt xsavec xgetbv1 xsaves cqm_llc cqm_occup_llc cqm_mbm_total cqm_mbm_local clzero irperf xsaveerptr arat npt lbrv svm_lock nrip_save tsc_scale vmcb_clean flushbyasid decodeassists pausefilter pfthreshold avic v_vmsave_vmload vgif umip rdpid overflow_recov succor smca
bugs		: sysret_ss_attrs spectre_v1 spectre_v2 spec_store_bypass
bogomips	: 5999.88
TLB size	: 3072 4K pages
clflush size	: 64
cache_alignment	: 64
address sizes	: 43 bits physical, 48 bits virtual
power management: ts ttp tm hwpstate cpb eff_freq_ro [13] [14]

processor	: 14
vendor_id	: AuthenticAMD
cpu family	: 23
model		: 49
model name	: AMD EPYC 7302P 16-Core Processor
stepping	: 0
microcode	: 0x8301034
cpu MHz		: 3012.972
cache size	: 512 KB
physical id	: 0
siblings	: 16
core id		: 28
cpu cores	: 16
apicid		: 28
initial apicid	: 28
fpu		: yes
fpu_exception	: yes
cpuid level	: 16
wp		: yes
flags		: fpu vme de pse tsc msr pae mce cx8 apic sep mtrr pge mca cmov pat pse36 clflush mmx fxsr sse sse2 ht syscall nx mmxext fxsr_opt pdpe1gb rdtscp lm constant_tsc rep_good nopl xtopology nonstop_tsc cpuid extd_apicid aperfmperf pni pclmulqdq monitor ssse3 fma cx16 sse4_1 sse4_2 movbe popcnt aes xsave avx f16c rdrand lahf_lm cmp_legacy svm extapic cr8_legacy abm sse4a misalignsse 3dnowprefetch osvw ibs skinit wdt tce topoext perfctr_core perfctr_nb bpext perfctr_llc mwaitx cpb cat_l3 cdp_l3 hw_pstate sme ssbd sev ibrs ibpb stibp vmmcall fsgsbase bmi1 avx2 smep bmi2 cqm rdt_a rdseed adx smap clflushopt clwb sha_ni xsaveopt xsavec xgetbv1 xsaves cqm_llc cqm_occup_llc cqm_mbm_total cqm_mbm_local clzero irperf xsaveerptr arat npt lbrv svm_lock nrip_save tsc_scale vmcb_clean flushbyasid decodeassists pausefilter pfthreshold avic v_vmsave_vmload vgif umip rdpid overflow_recov succor smca
bugs		: sysret_ss_attrs spectre_v1 spectre_v2 spec_store_bypass
bogomips	: 5999.88
TLB size	: 3072 4K pages
clflush size	: 64
cache_alignment	: 64
address sizes	: 43 bits physical, 48 bits virtual
power management: ts ttp tm hwpstate cpb eff_freq_ro [13] [14]

processor	: 15
vendor_id	: AuthenticAMD
cpu family	: 23
model		: 49
model name	: AMD EPYC 7302P 16-Core Processor
stepping	: 0
microcode	: 0x8301034
cpu MHz		: 3294.132
cache size	: 512 KB
physical id	: 0
siblings	: 16
core id		: 29
cpu cores	: 16
apicid		: 29
initial apicid	: 29
fpu		: yes
fpu_exception	: yes
cpuid level	: 16
wp		: yes
flags		: fpu vme de pse tsc msr pae mce cx8 apic sep mtrr pge mca cmov pat pse36 clflush mmx fxsr sse sse2 ht syscall nx mmxext fxsr_opt pdpe1gb rdtscp lm constant_tsc rep_good nopl xtopology nonstop_tsc cpuid extd_apicid aperfmperf pni pclmulqdq monitor ssse3 fma cx16 sse4_1 sse4_2 movbe popcnt aes xsave avx f16c rdrand lahf_lm cmp_legacy svm extapic cr8_legacy abm sse4a misalignsse 3dnowprefetch osvw ibs skinit wdt tce topoext perfctr_core perfctr_nb bpext perfctr_llc mwaitx cpb cat_l3 cdp_l3 hw_pstate sme ssbd sev ibrs ibpb stibp vmmcall fsgsbase bmi1 avx2 smep bmi2 cqm rdt_a rdseed adx smap clflushopt clwb sha_ni xsaveopt xsavec xgetbv1 xsaves cqm_llc cqm_occup_llc cqm_mbm_total cqm_mbm_local clzero irperf xsaveerptr arat npt lbrv svm_lock nrip_save tsc_scale vmcb_clean flushbyasid decodeassists pausefilter pfthreshold avic v_vmsave_vmload vgif umip rdpid overflow_recov succor smca
bugs		: sysret_ss_attrs spectre_v1 spectre_v2 spec_store_bypass
bogomips	: 5999.88
TLB size	: 3072 4K pages
clflush size	: 64
cache_alignment	: 64
address sizes	: 43 bits physical, 48 bits virtual
power management: ts ttp tm hwpstate cpb eff_freq_ro [13] [14]



Memory: 4k page, physical 264016004k(1652872k free), swap 268299260k(107533544k free)

vm_info: Java HotSpot(TM) 64-Bit Server VM (25.261-b12) for linux-amd64 JRE (1.8.0_261-b12), built on Jun 17 2020 23:41:40 by "java_re" with gcc 7.3.0

time: Thu Oct 20 12:10:51 2022
timezone: CEST
elapsed time: 0 seconds (0d 0h 0m 0s)

